{
  "stats": {
    "suites": 1,
    "tests": 1,
    "passes": 0,
    "pending": 0,
    "failures": 1,
    "start": "2024-12-19T02:12:38.306Z",
    "end": "2024-12-19T02:12:40.221Z",
    "duration": 1915,
    "testsRegistered": 14,
    "passPercent": 0,
    "pendingPercent": 0,
    "other": 0,
    "hasOther": false,
    "skipped": 13,
    "hasSkipped": true
  },
  "results": [
    {
      "uuid": "38ebaaba-110a-4433-9727-9d4c6108000e",
      "title": "",
      "fullFile": "cypress/e2e/PENGATURAN/PENGATURAN_ekspedisi.cy.js",
      "file": "cypress/e2e/PENGATURAN/PENGATURAN_ekspedisi.cy.js",
      "beforeHooks": [],
      "afterHooks": [],
      "tests": [],
      "suites": [
        {
          "uuid": "920b8f8a-e283-4544-9ce8-11166c8c8f9f",
          "title": "[PENGATURAN-EKSPEDISI] - Membuka halaman Pengaturan Billing dan melihat kesesuaian dengan design yang ada",
          "fullFile": "",
          "file": "",
          "beforeHooks": [],
          "afterHooks": [],
          "tests": [
            {
              "title": "[PENGATURAN-EKSPEDISI] - Chek kesesuainan halaman Pengaturan Billing dengan design yang ada",
              "fullTitle": "[PENGATURAN-EKSPEDISI] - Membuka halaman Pengaturan Billing dan melihat kesesuaian dengan design yang ada [PENGATURAN-EKSPEDISI] - Chek kesesuainan halaman Pengaturan Billing dengan design yang ada",
              "timedOut": null,
              "duration": 1589,
              "state": "failed",
              "speed": null,
              "pass": false,
              "fail": true,
              "pending": false,
              "context": "{\n  \"title\": \"cypress-mochawesome-reporter-screenshots\",\n  \"value\": [\n    [\n      \"/PENGATURAN/PENGATURAN_ekspedisi.cy.js/[PENGATURAN-EKSPEDISI] - Membuka halaman Pengaturan Billing dan melihat kesesuaian dengan design yang ada -- [PENGATURAN-EKSPEDISI] - Chek kesesuainan halaman Pengaturan Billing dengan design yang ada -- before each hook (failed).png\"\n    ]\n  ]\n}",
              "code": "cy.get('[data-cy=\"submenu-item-expedition-setting\"] > [data-cy=\"list-item-button-sub-menu-setting\"]').click();",
              "err": {
                "message": "ReferenceError: The following error originated from your application code, not from Cypress.\n\n  > CreatedNewAsset is not defined\n\nWhen Cypress detects uncaught errors originating from your application it will automatically fail the current test.\n\nThis behavior is configurable, and you can choose to turn this off by listening to the `uncaught:exception` event.\n\nhttps://on.cypress.io/uncaught-exception-from-application\n\nBecause this error occurred during a `before each` hook we are skipping the remaining tests in the current suite: `[PENGATURAN-EKSPEDISI] - Me...`",
                "estack": "ReferenceError: The following error originated from your application code, not from Cypress.\n\n  > CreatedNewAsset is not defined\n\nWhen Cypress detects uncaught errors originating from your application it will automatically fail the current test.\n\nThis behavior is configurable, and you can choose to turn this off by listening to the `uncaught:exception` event.\n\nhttps://on.cypress.io/uncaught-exception-from-application\n\nBecause this error occurred during a `before each` hook we are skipping the remaining tests in the current suite: `[PENGATURAN-EKSPEDISI] - Me...`\n    at <unknown> (http://localhost:5173/src/routers/admin-routes.jsx:3237:34)",
                "diff": null
              },
              "uuid": "6edd4aeb-84d6-4bd3-9b5d-d4c6ee9ed8cc",
              "parentUUID": "920b8f8a-e283-4544-9ce8-11166c8c8f9f",
              "isHook": false,
              "skipped": false
            },
            {
              "title": "[PENGATURAN-EKSPEDISI] - Harus gagal mendapatkan data, kondisi error harus muncul",
              "fullTitle": "[PENGATURAN-EKSPEDISI] - Membuka halaman Pengaturan Billing dan melihat kesesuaian dengan design yang ada [PENGATURAN-EKSPEDISI] - Harus gagal mendapatkan data, kondisi error harus muncul",
              "timedOut": null,
              "duration": 0,
              "state": "skipped",
              "speed": null,
              "pass": false,
              "fail": false,
              "pending": false,
              "context": null,
              "code": "// Intercept the API request\ncy.intercept('GET', 'https://api-cashflow.assist.id/api/setting-expedition?search=&skip=0&limit=10&companyId=b13e5210-8564-11ef-af27-a72e65a1d49c', {\n  statusCode: 500,\n  body: {\n    message: 'Internal Server Error'\n  }\n}).as('getEkspedisiEroor');\n// Aksi yang memicu request\ncy.get('[data-cy=\"submenu-item-expedition-setting\"] > [data-cy=\"list-item-button-sub-menu-setting\"]').click();\n// Tunggu sampai request dipanggil\ncy.wait('@getEkspedisiEroor');\ncy.get('.MuiAlert-message').should('be.visible').and('contain', 'Internal Server Error');\ncy.get('.MuiTableBody-root > .MuiTableRow-root > .MuiTableCell-root').should('be.visible').and('contain', 'Error, Gagal mendapatkan data!');",
              "err": {},
              "uuid": "0c4980db-2fe0-4385-8653-98e846cbc29e",
              "parentUUID": "920b8f8a-e283-4544-9ce8-11166c8c8f9f",
              "isHook": false,
              "skipped": true
            },
            {
              "title": "[PENGATURAN-EKSPEDISI] - Harus gagal mendapatkan data, kondisi tidak ada data",
              "fullTitle": "[PENGATURAN-EKSPEDISI] - Membuka halaman Pengaturan Billing dan melihat kesesuaian dengan design yang ada [PENGATURAN-EKSPEDISI] - Harus gagal mendapatkan data, kondisi tidak ada data",
              "timedOut": null,
              "duration": 0,
              "state": "skipped",
              "speed": null,
              "pass": false,
              "fail": false,
              "pending": false,
              "context": null,
              "code": "// Intercept the API request\ncy.intercept('GET', 'https://api-cashflow.assist.id/api/setting-expedition?search=&skip=0&limit=10&companyId=b13e5210-8564-11ef-af27-a72e65a1d49c'\n//  {\n//    statusCode: 500,\n//    body: {\n//      message: 'Internal Server Error',\n//    },\n//  }\n).as('getEkspedisi');\n// Aksi yang memicu request\ncy.get('[data-cy=\"submenu-item-expedition-setting\"] > [data-cy=\"list-item-button-sub-menu-setting\"]').click();\n// Tunggu sampai request dipanggil\ncy.wait('@getEkspedisi');\ncy.get('.MuiTableBody-root > .MuiTableRow-root > .MuiTableCell-root').should('be.visible').and('contain', 'Tidak ada data');",
              "err": {},
              "uuid": "799db175-a3a4-47b0-800e-4dcf9b959373",
              "parentUUID": "920b8f8a-e283-4544-9ce8-11166c8c8f9f",
              "isHook": false,
              "skipped": true
            },
            {
              "title": "[PENGATURAN-EKSPEDISI] - Harus bisa membuka, section tambah ekspedisi",
              "fullTitle": "[PENGATURAN-EKSPEDISI] - Membuka halaman Pengaturan Billing dan melihat kesesuaian dengan design yang ada [PENGATURAN-EKSPEDISI] - Harus bisa membuka, section tambah ekspedisi",
              "timedOut": null,
              "duration": 0,
              "state": "skipped",
              "speed": null,
              "pass": false,
              "fail": false,
              "pending": false,
              "context": null,
              "code": "cy.get('[data-cy=\"submenu-item-expedition-setting\"] > [data-cy=\"list-item-button-sub-menu-setting\"]').click();\ncy.get('.MuiStack-root > .MuiButtonBase-root').should('be.visible').click();",
              "err": {},
              "uuid": "943f891d-332c-460d-999c-6f93c02d18ed",
              "parentUUID": "920b8f8a-e283-4544-9ce8-11166c8c8f9f",
              "isHook": false,
              "skipped": true
            },
            {
              "title": "[PENGATURAN-EKSPEDISI] - Harus bisa menutup, section tambah ekspedisi",
              "fullTitle": "[PENGATURAN-EKSPEDISI] - Membuka halaman Pengaturan Billing dan melihat kesesuaian dengan design yang ada [PENGATURAN-EKSPEDISI] - Harus bisa menutup, section tambah ekspedisi",
              "timedOut": null,
              "duration": 0,
              "state": "skipped",
              "speed": null,
              "pass": false,
              "fail": false,
              "pending": false,
              "context": null,
              "code": "cy.get('[data-cy=\"submenu-item-expedition-setting\"] > [data-cy=\"list-item-button-sub-menu-setting\"]').click();\ncy.get('.MuiStack-root > .MuiButtonBase-root').should('be.visible').click();\ncy.get('.MuiButton-text').should('be.visible').click();",
              "err": {},
              "uuid": "c6f762c5-3c18-4560-9b23-1ee59d53ff78",
              "parentUUID": "920b8f8a-e283-4544-9ce8-11166c8c8f9f",
              "isHook": false,
              "skipped": true
            },
            {
              "title": "[PENGATURAN-EKSPEDISI] - Harus gagal menambahkan data ekspekssisi, semua field tidak di isi",
              "fullTitle": "[PENGATURAN-EKSPEDISI] - Membuka halaman Pengaturan Billing dan melihat kesesuaian dengan design yang ada [PENGATURAN-EKSPEDISI] - Harus gagal menambahkan data ekspekssisi, semua field tidak di isi",
              "timedOut": null,
              "duration": 0,
              "state": "skipped",
              "speed": null,
              "pass": false,
              "fail": false,
              "pending": false,
              "context": null,
              "code": "cy.get('[data-cy=\"submenu-item-expedition-setting\"] > [data-cy=\"list-item-button-sub-menu-setting\"]').click();\ncy.get('.MuiStack-root > .MuiButtonBase-root').should('be.visible').click();\ncy.get(':nth-child(4) > div > .MuiButton-contained').should('be.visible').click();\ncy.get('.MuiAlert-message').should('be.visible').and('contain', 'Nama dan Keterangan Ekspedisi harus diisi.');",
              "err": {},
              "uuid": "94b1235c-a0ba-45b1-b33b-63c38ed8130e",
              "parentUUID": "920b8f8a-e283-4544-9ce8-11166c8c8f9f",
              "isHook": false,
              "skipped": true
            },
            {
              "title": "[PENGATURAN-EKSPEDISI] - Harus gagal menambahkan data ekspekssisi, semua field tidak di isi",
              "fullTitle": "[PENGATURAN-EKSPEDISI] - Membuka halaman Pengaturan Billing dan melihat kesesuaian dengan design yang ada [PENGATURAN-EKSPEDISI] - Harus gagal menambahkan data ekspekssisi, semua field tidak di isi",
              "timedOut": null,
              "duration": 0,
              "state": "skipped",
              "speed": null,
              "pass": false,
              "fail": false,
              "pending": false,
              "context": null,
              "code": "cy.get('[data-cy=\"submenu-item-expedition-setting\"] > [data-cy=\"list-item-button-sub-menu-setting\"]').click();\ncy.get('.MuiStack-root > .MuiButtonBase-root').should('be.visible').click();\ncy.get('[name=\"expedition_name\"').should('be.visible').type('JNT');\ncy.get(':nth-child(4) > div > .MuiButton-contained').should('be.visible').click();\ncy.get('.MuiAlert-message').should('be.visible').and('contain', 'Nama dan Keterangan Ekspedisi harus diisi.');",
              "err": {},
              "uuid": "8861be38-d694-4c46-ac85-008bdb88835c",
              "parentUUID": "920b8f8a-e283-4544-9ce8-11166c8c8f9f",
              "isHook": false,
              "skipped": true
            },
            {
              "title": "[PENGATURAN-EKSPEDISI] - Harus gagal menambahkan data ekspekssisi, semua field tidak di isi",
              "fullTitle": "[PENGATURAN-EKSPEDISI] - Membuka halaman Pengaturan Billing dan melihat kesesuaian dengan design yang ada [PENGATURAN-EKSPEDISI] - Harus gagal menambahkan data ekspekssisi, semua field tidak di isi",
              "timedOut": null,
              "duration": 0,
              "state": "skipped",
              "speed": null,
              "pass": false,
              "fail": false,
              "pending": false,
              "context": null,
              "code": "cy.get('[data-cy=\"submenu-item-expedition-setting\"] > [data-cy=\"list-item-button-sub-menu-setting\"]').click();\ncy.get('.MuiStack-root > .MuiButtonBase-root').should('be.visible').click();\ncy.get('[name=\"expedition_desc\"').should('be.visible').type('rekanan lama');\ncy.get(':nth-child(4) > div > .MuiButton-contained').should('be.visible').click();\ncy.get('.MuiAlert-message').should('be.visible').and('contain', 'Nama dan Keterangan Ekspedisi harus diisi.');",
              "err": {},
              "uuid": "022af08b-896c-4cf5-9250-445fb42a063e",
              "parentUUID": "920b8f8a-e283-4544-9ce8-11166c8c8f9f",
              "isHook": false,
              "skipped": true
            },
            {
              "title": "[PENGATURAN-EKSPEDISI] - Harus berhasil menambahkan data ekspekssisi, semua field di isi",
              "fullTitle": "[PENGATURAN-EKSPEDISI] - Membuka halaman Pengaturan Billing dan melihat kesesuaian dengan design yang ada [PENGATURAN-EKSPEDISI] - Harus berhasil menambahkan data ekspekssisi, semua field di isi",
              "timedOut": null,
              "duration": 0,
              "state": "skipped",
              "speed": null,
              "pass": false,
              "fail": false,
              "pending": false,
              "context": null,
              "code": "cy.get('[data-cy=\"submenu-item-expedition-setting\"] > [data-cy=\"list-item-button-sub-menu-setting\"]').click();\ncy.get('.MuiStack-root > .MuiButtonBase-root').should('be.visible').click();\ncy.get('[name=\"expedition_name\"').should('be.visible').type('rekanan lama');\ncy.get('[name=\"expedition_desc\"').should('be.visible').type('rekanan lama');\ncy.get(':nth-child(4) > div > .MuiButton-contained').should('be.visible').click();",
              "err": {},
              "uuid": "ca57f67f-893b-4157-9317-0439c727915b",
              "parentUUID": "920b8f8a-e283-4544-9ce8-11166c8c8f9f",
              "isHook": false,
              "skipped": true
            },
            {
              "title": "[PENGATURAN-EKSPEDISI] - Harus berhasil merubah status ekspekssisi",
              "fullTitle": "[PENGATURAN-EKSPEDISI] - Membuka halaman Pengaturan Billing dan melihat kesesuaian dengan design yang ada [PENGATURAN-EKSPEDISI] - Harus berhasil merubah status ekspekssisi",
              "timedOut": null,
              "duration": 0,
              "state": "skipped",
              "speed": null,
              "pass": false,
              "fail": false,
              "pending": false,
              "context": null,
              "code": "cy.get('[data-cy=\"submenu-item-expedition-setting\"] > [data-cy=\"list-item-button-sub-menu-setting\"]').click();\ncy.get('.PrivateSwitchBase-input').click();\ncy.get('.MuiAlert-message').should('be.visible').and('contain', 'Berhasil Mengubah Status Ekspedisi.');",
              "err": {},
              "uuid": "a06df871-fffa-4214-8297-c563df5fb194",
              "parentUUID": "920b8f8a-e283-4544-9ce8-11166c8c8f9f",
              "isHook": false,
              "skipped": true
            },
            {
              "title": "[PENGATURAN-EKSPEDISI] - Harus berhasli menghapus data ekspekssisi",
              "fullTitle": "[PENGATURAN-EKSPEDISI] - Membuka halaman Pengaturan Billing dan melihat kesesuaian dengan design yang ada [PENGATURAN-EKSPEDISI] - Harus berhasli menghapus data ekspekssisi",
              "timedOut": null,
              "duration": 0,
              "state": "skipped",
              "speed": null,
              "pass": false,
              "fail": false,
              "pending": false,
              "context": null,
              "code": "cy.get('[data-cy=\"submenu-item-expedition-setting\"] > [data-cy=\"list-item-button-sub-menu-setting\"]').click();\ncy.get('.MuiTableRow-root > :nth-child(4) > .MuiButtonBase-root').should('be.visible').click();\ncy.get('.MuiAlert-message').should('be.visible').and('contain', 'Berhasil Menghapus Data Expedisi.');",
              "err": {},
              "uuid": "ab7b3ee8-3a37-47ea-9191-6a6bef059d75",
              "parentUUID": "920b8f8a-e283-4544-9ce8-11166c8c8f9f",
              "isHook": false,
              "skipped": true
            },
            {
              "title": "[PENGATURAN-EKSPEDISI] - Harus berhasil menambahkan data ekspekssisi, semua field di isi sebanyak 15 kali",
              "fullTitle": "[PENGATURAN-EKSPEDISI] - Membuka halaman Pengaturan Billing dan melihat kesesuaian dengan design yang ada [PENGATURAN-EKSPEDISI] - Harus berhasil menambahkan data ekspekssisi, semua field di isi sebanyak 15 kali",
              "timedOut": null,
              "duration": 0,
              "state": "skipped",
              "speed": null,
              "pass": false,
              "fail": false,
              "pending": false,
              "context": null,
              "code": "cy.get('[data-cy=\"submenu-item-expedition-setting\"] > [data-cy=\"list-item-button-sub-menu-setting\"]').click();\nfor (let i = 0; i < 15; i++) {\n  cy.get('.MuiStack-root > .MuiButtonBase-root').should('be.visible').click();\n  cy.get('[name=\"expedition_name\"').should('be.visible').type('rekanan lama');\n  cy.get('[name=\"expedition_desc\"').should('be.visible').type('rekanan lama');\n  cy.get(':nth-child(4) > div > .MuiButton-contained').should('be.visible').click();\n}",
              "err": {},
              "uuid": "8d718281-c2a0-493b-be5d-31b9fa423b64",
              "parentUUID": "920b8f8a-e283-4544-9ce8-11166c8c8f9f",
              "isHook": false,
              "skipped": true
            },
            {
              "title": "[PENGATURAN-EKSPEDISI] - Harus bisa menampilkan data ekspedisi, ketika menekan tombol next",
              "fullTitle": "[PENGATURAN-EKSPEDISI] - Membuka halaman Pengaturan Billing dan melihat kesesuaian dengan design yang ada [PENGATURAN-EKSPEDISI] - Harus bisa menampilkan data ekspedisi, ketika menekan tombol next",
              "timedOut": null,
              "duration": 0,
              "state": "skipped",
              "speed": null,
              "pass": false,
              "fail": false,
              "pending": false,
              "context": null,
              "code": "cy.get('[data-cy=\"submenu-item-expedition-setting\"] > [data-cy=\"list-item-button-sub-menu-setting\"]').click();\ncy.get('.MuiPagination-ul > :nth-child(4) > .MuiButtonBase-root').click();",
              "err": {},
              "uuid": "91c66144-66ef-42af-ac47-d53b4ab947cf",
              "parentUUID": "920b8f8a-e283-4544-9ce8-11166c8c8f9f",
              "isHook": false,
              "skipped": true
            },
            {
              "title": "[PENGATURAN-EKSPEDISI] - Harus bisa menampilkan data ekspedisi, ketika menekan tombol next",
              "fullTitle": "[PENGATURAN-EKSPEDISI] - Membuka halaman Pengaturan Billing dan melihat kesesuaian dengan design yang ada [PENGATURAN-EKSPEDISI] - Harus bisa menampilkan data ekspedisi, ketika menekan tombol next",
              "timedOut": null,
              "duration": 0,
              "state": "skipped",
              "speed": null,
              "pass": false,
              "fail": false,
              "pending": false,
              "context": null,
              "code": "cy.get('[data-cy=\"submenu-item-expedition-setting\"] > [data-cy=\"list-item-button-sub-menu-setting\"]').click();\ncy.get('.MuiPagination-ul > :nth-child(4) > .MuiButtonBase-root').click();\ncy.get('.MuiPagination-ul > :nth-child(1)').click();",
              "err": {},
              "uuid": "7c77be16-1b5d-4919-bf40-0a364dc36ba4",
              "parentUUID": "920b8f8a-e283-4544-9ce8-11166c8c8f9f",
              "isHook": false,
              "skipped": true
            }
          ],
          "suites": [],
          "passes": [],
          "failures": [
            "6edd4aeb-84d6-4bd3-9b5d-d4c6ee9ed8cc"
          ],
          "pending": [],
          "skipped": [
            "0c4980db-2fe0-4385-8653-98e846cbc29e",
            "799db175-a3a4-47b0-800e-4dcf9b959373",
            "943f891d-332c-460d-999c-6f93c02d18ed",
            "c6f762c5-3c18-4560-9b23-1ee59d53ff78",
            "94b1235c-a0ba-45b1-b33b-63c38ed8130e",
            "8861be38-d694-4c46-ac85-008bdb88835c",
            "022af08b-896c-4cf5-9250-445fb42a063e",
            "ca57f67f-893b-4157-9317-0439c727915b",
            "a06df871-fffa-4214-8297-c563df5fb194",
            "ab7b3ee8-3a37-47ea-9191-6a6bef059d75",
            "8d718281-c2a0-493b-be5d-31b9fa423b64",
            "91c66144-66ef-42af-ac47-d53b4ab947cf",
            "7c77be16-1b5d-4919-bf40-0a364dc36ba4"
          ],
          "duration": 1589,
          "root": false,
          "rootEmpty": false,
          "_timeout": 2000
        }
      ],
      "passes": [],
      "failures": [],
      "pending": [],
      "skipped": [],
      "duration": 0,
      "root": true,
      "rootEmpty": true,
      "_timeout": 2000
    }
  ],
  "meta": {
    "mocha": {
      "version": "7.0.1"
    },
    "mochawesome": {
      "options": {
        "quiet": false,
        "reportFilename": "mochawesome",
        "saveHtml": false,
        "saveJson": true,
        "consoleReporter": "spec",
        "useInlineDiffs": false,
        "code": true
      },
      "version": "7.1.3"
    },
    "marge": {
      "options": {
        "charts": true,
        "reportPageTitle": "custom-title",
        "embeddedScreenshots": true,
        "inlineAssets": true,
        "saveAllAttempts": false,
        "overwrite": false,
        "html": false,
        "json": true,
        "reportDir": "cypress/reports/html/.jsons"
      },
      "version": "6.2.0"
    }
  }
}