{
  "stats": {
    "suites": 1,
    "tests": 1,
    "passes": 0,
    "pending": 0,
    "failures": 1,
    "start": "2024-12-19T02:12:53.634Z",
    "end": "2024-12-19T02:12:55.555Z",
    "duration": 1921,
    "testsRegistered": 14,
    "passPercent": 0,
    "pendingPercent": 0,
    "other": 0,
    "hasOther": false,
    "skipped": 13,
    "hasSkipped": true
  },
  "results": [
    {
      "uuid": "2d8f63c5-bad4-4b22-873b-26d0a8828533",
      "title": "",
      "fullFile": "cypress/e2e/PENGATURAN/PENGATURAN_satuan.cy.js",
      "file": "cypress/e2e/PENGATURAN/PENGATURAN_satuan.cy.js",
      "beforeHooks": [],
      "afterHooks": [],
      "tests": [],
      "suites": [
        {
          "uuid": "0293b356-5ab0-4c43-a104-e575978bd80a",
          "title": "[PENGATURAN-SATUAN]",
          "fullFile": "",
          "file": "",
          "beforeHooks": [],
          "afterHooks": [],
          "tests": [
            {
              "title": "Chek kesesuainan halaman Pengaturan Satuan dengan design yang ada",
              "fullTitle": "[PENGATURAN-SATUAN] Chek kesesuainan halaman Pengaturan Satuan dengan design yang ada",
              "timedOut": null,
              "duration": 1593,
              "state": "failed",
              "speed": null,
              "pass": false,
              "fail": true,
              "pending": false,
              "context": "{\n  \"title\": \"cypress-mochawesome-reporter-screenshots\",\n  \"value\": [\n    [\n      \"/PENGATURAN/PENGATURAN_satuan.cy.js/[PENGATURAN-SATUAN] -- Chek kesesuainan halaman Pengaturan Satuan dengan design yang ada -- before each hook (failed).png\"\n    ]\n  ]\n}",
              "code": "cy.get('[data-cy=\"submenu-item-unit-setting\"] > [data-cy=\"list-item-button-sub-menu-setting\"]').click();\ncy.get('.MuiTypography-h5').should('be.visible').and('contain', 'Pengaturan Satuan');\ncy.get('.MuiStack-root > [data-cy=\"add-unit-button-settings-unit\"]').should('be.visible').and('contain', 'Tambah Satuan');\ncy.get('[data-cy=\"all-units-title-settings-unit\"]').should('be.visible').and('contain', 'Semua Satuan');",
              "err": {
                "message": "ReferenceError: The following error originated from your application code, not from Cypress.\n\n  > CreatedNewAsset is not defined\n\nWhen Cypress detects uncaught errors originating from your application it will automatically fail the current test.\n\nThis behavior is configurable, and you can choose to turn this off by listening to the `uncaught:exception` event.\n\nhttps://on.cypress.io/uncaught-exception-from-application\n\nBecause this error occurred during a `before each` hook we are skipping the remaining tests in the current suite: `[PENGATURAN-SATUAN]`",
                "estack": "ReferenceError: The following error originated from your application code, not from Cypress.\n\n  > CreatedNewAsset is not defined\n\nWhen Cypress detects uncaught errors originating from your application it will automatically fail the current test.\n\nThis behavior is configurable, and you can choose to turn this off by listening to the `uncaught:exception` event.\n\nhttps://on.cypress.io/uncaught-exception-from-application\n\nBecause this error occurred during a `before each` hook we are skipping the remaining tests in the current suite: `[PENGATURAN-SATUAN]`\n    at <unknown> (http://localhost:5173/src/routers/admin-routes.jsx:3237:34)",
                "diff": null
              },
              "uuid": "dcb537f2-54a4-42d2-8b74-b23b2324adfe",
              "parentUUID": "0293b356-5ab0-4c43-a104-e575978bd80a",
              "isHook": false,
              "skipped": false
            },
            {
              "title": "Harus memunculkan tulisan tidak ada data pada data tabel satuan, dan posisinya harus di tengah",
              "fullTitle": "[PENGATURAN-SATUAN] Harus memunculkan tulisan tidak ada data pada data tabel satuan, dan posisinya harus di tengah",
              "timedOut": null,
              "duration": 0,
              "state": "skipped",
              "speed": null,
              "pass": false,
              "fail": false,
              "pending": false,
              "context": null,
              "code": "cy.get('[data-cy=\"submenu-item-unit-setting\"] > [data-cy=\"list-item-button-sub-menu-setting\"]').click();\ncy.get('.MuiTableBody-root > .MuiTableRow-root > .MuiTableCell-root').should('be.visible').and('contain', 'Tidak ada data');",
              "err": {},
              "uuid": "5949ddd1-5212-4d0c-827f-cbc894b94a7a",
              "parentUUID": "0293b356-5ab0-4c43-a104-e575978bd80a",
              "isHook": false,
              "skipped": true
            },
            {
              "title": "Harus memunculkan tulisan tidak ada data pada data tabel satuan, dan posisinya harus di tengah",
              "fullTitle": "[PENGATURAN-SATUAN] Harus memunculkan tulisan tidak ada data pada data tabel satuan, dan posisinya harus di tengah",
              "timedOut": null,
              "duration": 0,
              "state": "skipped",
              "speed": null,
              "pass": false,
              "fail": false,
              "pending": false,
              "context": null,
              "code": "cy.get('[data-cy=\"submenu-item-unit-setting\"] > [data-cy=\"list-item-button-sub-menu-setting\"]').click();\ncy.get('.MuiStack-root > [data-cy=\"add-unit-button-settings-unit\"]').should('be.visible').click();\ncy.get('[data-cy=\"all-units-title-settings-unit\"]').should('be.visible').and('contain', 'Semua Satuan');\ncy.get('[data-cy=\"unit-type-header-settings-unit\"]');\ncy.get('[data-cy=\"unit-desc-header-settings-unit\"]');\ncy.get('[data-cy=\"unit-action-header-settings-unit\"]');\ncy.get('[name=\"unitType\"]').invoke('attr', 'placeholder').should('eq', 'Masukkan jenis satuan');\ncy.get('[name=\"unitDesc\"]').invoke('attr', 'placeholder').should('eq', 'Keterangan disini');\ncy.get('[data-cy=\"cancel-button-settings-unit\"]').should('be.visible').and('contain', 'Batalkan');\ncy.get('[data-cy=\"button-save-new-data-unit-settings-unit\"]').should('be.visible').and('contain', 'Simpan');",
              "err": {},
              "uuid": "f7e9d594-a216-4cfa-ae36-7bd3ffaea3ab",
              "parentUUID": "0293b356-5ab0-4c43-a104-e575978bd80a",
              "isHook": false,
              "skipped": true
            },
            {
              "title": "harus bisa menampilkan modal batal menambah satuan data",
              "fullTitle": "[PENGATURAN-SATUAN] harus bisa menampilkan modal batal menambah satuan data",
              "timedOut": null,
              "duration": 0,
              "state": "skipped",
              "speed": null,
              "pass": false,
              "fail": false,
              "pending": false,
              "context": null,
              "code": "cy.get('[data-cy=\"submenu-item-unit-setting\"] > [data-cy=\"list-item-button-sub-menu-setting\"]').click();\ncy.get('.MuiStack-root > [data-cy=\"add-unit-button-settings-unit\"]').should('be.visible').click();\ncy.get('[data-cy=\"cancel-button-settings-unit\"]').should('be.visible').click();",
              "err": {},
              "uuid": "5cdcc267-ad48-4a53-bc27-a4ac46d19800",
              "parentUUID": "0293b356-5ab0-4c43-a104-e575978bd80a",
              "isHook": false,
              "skipped": true
            },
            {
              "title": "harus bisa menambah data satuan dengan keterangan tidak di isi",
              "fullTitle": "[PENGATURAN-SATUAN] harus bisa menambah data satuan dengan keterangan tidak di isi",
              "timedOut": null,
              "duration": 0,
              "state": "skipped",
              "speed": null,
              "pass": false,
              "fail": false,
              "pending": false,
              "context": null,
              "code": "cy.get('[data-cy=\"submenu-item-unit-setting\"] > [data-cy=\"list-item-button-sub-menu-setting\"]').click();\ncy.get('.MuiStack-root > [data-cy=\"add-unit-button-settings-unit\"]').should('be.visible').click();\ncy.get('[name=\"unitType\"]').type('unit');\ncy.get('[data-cy=\"button-save-new-data-unit-settings-unit\"]').click();",
              "err": {},
              "uuid": "c47eb148-af05-4182-a0d1-306613d5b5ba",
              "parentUUID": "0293b356-5ab0-4c43-a104-e575978bd80a",
              "isHook": false,
              "skipped": true
            },
            {
              "title": "harus bisa menambah data satuan dengan jenis satuan tidak di isi",
              "fullTitle": "[PENGATURAN-SATUAN] harus bisa menambah data satuan dengan jenis satuan tidak di isi",
              "timedOut": null,
              "duration": 0,
              "state": "skipped",
              "speed": null,
              "pass": false,
              "fail": false,
              "pending": false,
              "context": null,
              "code": "cy.get('[data-cy=\"submenu-item-unit-setting\"] > [data-cy=\"list-item-button-sub-menu-setting\"]').click();\ncy.get('.MuiStack-root > [data-cy=\"add-unit-button-settings-unit\"]').should('be.visible').click();\ncy.get('[name=\"unitDesc\"]').type('unit');\ncy.get('[data-cy=\"button-save-new-data-unit-settings-unit\"]').click();",
              "err": {},
              "uuid": "4f6865bb-cbf6-418c-bc56-d4bf69e95bda",
              "parentUUID": "0293b356-5ab0-4c43-a104-e575978bd80a",
              "isHook": false,
              "skipped": true
            },
            {
              "title": "harus bisa menambah data satuan dengan semua data di isi",
              "fullTitle": "[PENGATURAN-SATUAN] harus bisa menambah data satuan dengan semua data di isi",
              "timedOut": null,
              "duration": 0,
              "state": "skipped",
              "speed": null,
              "pass": false,
              "fail": false,
              "pending": false,
              "context": null,
              "code": "cy.get('[data-cy=\"submenu-item-unit-setting\"] > [data-cy=\"list-item-button-sub-menu-setting\"]').click();\ncy.get('.MuiStack-root > [data-cy=\"add-unit-button-settings-unit\"]').should('be.visible').click();\ncy.get('[name=\"unitType\"]').type('unit');\ncy.get('[name=\"unitDesc\"]').type('unit');\ncy.get('[data-cy=\"button-save-new-data-unit-settings-unit\"]').click();",
              "err": {},
              "uuid": "f7ce3032-da61-427a-9b45-09d03bc3c329",
              "parentUUID": "0293b356-5ab0-4c43-a104-e575978bd80a",
              "isHook": false,
              "skipped": true
            },
            {
              "title": "harus bisa menambah data satuan dengan dengan semua data tidak",
              "fullTitle": "[PENGATURAN-SATUAN] harus bisa menambah data satuan dengan dengan semua data tidak",
              "timedOut": null,
              "duration": 0,
              "state": "skipped",
              "speed": null,
              "pass": false,
              "fail": false,
              "pending": false,
              "context": null,
              "code": "cy.get('[data-cy=\"submenu-item-unit-setting\"] > [data-cy=\"list-item-button-sub-menu-setting\"]').click();\ncy.get('.MuiStack-root > [data-cy=\"add-unit-button-settings-unit\"]').should('be.visible').click();\ncy.get('[name=\"unitType\"]').clear();\ncy.get('[name=\"unitDesc\"]').clear();\ncy.get('[data-cy=\"button-save-new-data-unit-settings-unit\"]').click();",
              "err": {},
              "uuid": "a3dac637-8550-49ac-969e-cded767917b4",
              "parentUUID": "0293b356-5ab0-4c43-a104-e575978bd80a",
              "isHook": false,
              "skipped": true
            },
            {
              "title": "Dapat mencari data satuan dengan keyword yg ada pada list data",
              "fullTitle": "[PENGATURAN-SATUAN] Dapat mencari data satuan dengan keyword yg ada pada list data",
              "timedOut": null,
              "duration": 0,
              "state": "skipped",
              "speed": null,
              "pass": false,
              "fail": false,
              "pending": false,
              "context": null,
              "code": "cy.get('[data-cy=\"submenu-item-unit-setting\"] > [data-cy=\"list-item-button-sub-menu-setting\"]').click();\n// cy.get('[data-cy=\"delete-unit-button-0-settings-unit\"]').should('be.visible').click()\ncy.get('[data-cy=\"search-unit-input-settings-unit\"] > .MuiInputBase-root').type('unit');",
              "err": {},
              "uuid": "f04c0c99-782d-4f8e-b28a-0c4b1d42705f",
              "parentUUID": "0293b356-5ab0-4c43-a104-e575978bd80a",
              "isHook": false,
              "skipped": true
            },
            {
              "title": "Dapat mencari data satuan dengan keyword yg tidak ada pada list data",
              "fullTitle": "[PENGATURAN-SATUAN] Dapat mencari data satuan dengan keyword yg tidak ada pada list data",
              "timedOut": null,
              "duration": 0,
              "state": "skipped",
              "speed": null,
              "pass": false,
              "fail": false,
              "pending": false,
              "context": null,
              "code": "cy.get('[data-cy=\"submenu-item-unit-setting\"] > [data-cy=\"list-item-button-sub-menu-setting\"]').click();\n// cy.get('[data-cy=\"delete-unit-button-0-settings-unit\"]').should('be.visible').click()\ncy.get('[data-cy=\"search-unit-input-settings-unit\"] > .MuiInputBase-root').type('asist');\ncy.get('.MuiTableBody-root > .MuiTableRow-root > .MuiTableCell-root').should('be.visible').and('contain', 'Tidak ada data.');",
              "err": {},
              "uuid": "f5e844bc-cfdc-452b-8588-48bc4a25fbad",
              "parentUUID": "0293b356-5ab0-4c43-a104-e575978bd80a",
              "isHook": false,
              "skipped": true
            },
            {
              "title": "Dapat mencari data satuan dengan keyword yg tidak ada pada list data",
              "fullTitle": "[PENGATURAN-SATUAN] Dapat mencari data satuan dengan keyword yg tidak ada pada list data",
              "timedOut": null,
              "duration": 0,
              "state": "skipped",
              "speed": null,
              "pass": false,
              "fail": false,
              "pending": false,
              "context": null,
              "code": "cy.get('[data-cy=\"submenu-item-unit-setting\"] > [data-cy=\"list-item-button-sub-menu-setting\"]').click();\ncy.get('[data-cy=\"delete-unit-button-0-settings-unit\"]').click();\ncy.get('.MuiAlert-message');",
              "err": {},
              "uuid": "00de1e84-9681-43ba-982c-e6d3895c6dc4",
              "parentUUID": "0293b356-5ab0-4c43-a104-e575978bd80a",
              "isHook": false,
              "skipped": true
            },
            {
              "title": "harus bisa menambah data satuan dengan semua data di isi sebanyak 15 kali",
              "fullTitle": "[PENGATURAN-SATUAN] harus bisa menambah data satuan dengan semua data di isi sebanyak 15 kali",
              "timedOut": null,
              "duration": 0,
              "state": "skipped",
              "speed": null,
              "pass": false,
              "fail": false,
              "pending": false,
              "context": null,
              "code": "cy.get('[data-cy=\"submenu-item-unit-setting\"] > [data-cy=\"list-item-button-sub-menu-setting\"]').click();\nfor (let i = 1; i <= 15; i++) {\n  cy.get('.MuiStack-root > [data-cy=\"add-unit-button-settings-unit\"]').should('be.visible').click();\n  cy.get('[name=\"unitType\"]').type(`unit ${i}`);\n  cy.get('[name=\"unitDesc\"]').type(`deskripsi unit ${i}`);\n  cy.get('[data-cy=\"button-save-new-data-unit-settings-unit\"]').click();\n}",
              "err": {},
              "uuid": "5d9a7ab6-dc9e-435d-b825-e9e84019c0c9",
              "parentUUID": "0293b356-5ab0-4c43-a104-e575978bd80a",
              "isHook": false,
              "skipped": true
            },
            {
              "title": "Harus bisa mengganti pagination ke halaman selanjutnya",
              "fullTitle": "[PENGATURAN-SATUAN] Harus bisa mengganti pagination ke halaman selanjutnya",
              "timedOut": null,
              "duration": 0,
              "state": "skipped",
              "speed": null,
              "pass": false,
              "fail": false,
              "pending": false,
              "context": null,
              "code": "cy.get('[data-cy=\"submenu-item-unit-setting\"] > [data-cy=\"list-item-button-sub-menu-setting\"]').click();\ncy.get('.MuiPagination-ul > :nth-child(4)').click();",
              "err": {},
              "uuid": "35c509e8-36ec-4417-a1ab-fef9b65cfb94",
              "parentUUID": "0293b356-5ab0-4c43-a104-e575978bd80a",
              "isHook": false,
              "skipped": true
            },
            {
              "title": "Harus bisa mengganti pagination ke halaman sebelumnya",
              "fullTitle": "[PENGATURAN-SATUAN] Harus bisa mengganti pagination ke halaman sebelumnya",
              "timedOut": null,
              "duration": 0,
              "state": "skipped",
              "speed": null,
              "pass": false,
              "fail": false,
              "pending": false,
              "context": null,
              "code": "cy.get('[data-cy=\"submenu-item-unit-setting\"] > [data-cy=\"list-item-button-sub-menu-setting\"]').click();\ncy.get('.MuiPagination-ul > :nth-child(4)').click();\ncy.get('.MuiPagination-ul > :nth-child(1) > .MuiButtonBase-root').click();",
              "err": {},
              "uuid": "afd9b972-68b9-4883-9e74-89049ed9f4f9",
              "parentUUID": "0293b356-5ab0-4c43-a104-e575978bd80a",
              "isHook": false,
              "skipped": true
            }
          ],
          "suites": [],
          "passes": [],
          "failures": [
            "dcb537f2-54a4-42d2-8b74-b23b2324adfe"
          ],
          "pending": [],
          "skipped": [
            "5949ddd1-5212-4d0c-827f-cbc894b94a7a",
            "f7e9d594-a216-4cfa-ae36-7bd3ffaea3ab",
            "5cdcc267-ad48-4a53-bc27-a4ac46d19800",
            "c47eb148-af05-4182-a0d1-306613d5b5ba",
            "4f6865bb-cbf6-418c-bc56-d4bf69e95bda",
            "f7ce3032-da61-427a-9b45-09d03bc3c329",
            "a3dac637-8550-49ac-969e-cded767917b4",
            "f04c0c99-782d-4f8e-b28a-0c4b1d42705f",
            "f5e844bc-cfdc-452b-8588-48bc4a25fbad",
            "00de1e84-9681-43ba-982c-e6d3895c6dc4",
            "5d9a7ab6-dc9e-435d-b825-e9e84019c0c9",
            "35c509e8-36ec-4417-a1ab-fef9b65cfb94",
            "afd9b972-68b9-4883-9e74-89049ed9f4f9"
          ],
          "duration": 1593,
          "root": false,
          "rootEmpty": false,
          "_timeout": 2000
        }
      ],
      "passes": [],
      "failures": [],
      "pending": [],
      "skipped": [],
      "duration": 0,
      "root": true,
      "rootEmpty": true,
      "_timeout": 2000
    }
  ],
  "meta": {
    "mocha": {
      "version": "7.0.1"
    },
    "mochawesome": {
      "options": {
        "quiet": false,
        "reportFilename": "mochawesome",
        "saveHtml": false,
        "saveJson": true,
        "consoleReporter": "spec",
        "useInlineDiffs": false,
        "code": true
      },
      "version": "7.1.3"
    },
    "marge": {
      "options": {
        "charts": true,
        "reportPageTitle": "custom-title",
        "embeddedScreenshots": true,
        "inlineAssets": true,
        "saveAllAttempts": false,
        "overwrite": false,
        "html": false,
        "json": true,
        "reportDir": "cypress/reports/html/.jsons"
      },
      "version": "6.2.0"
    }
  }
}