{
  "stats": {
    "suites": 1,
    "tests": 1,
    "passes": 0,
    "pending": 0,
    "failures": 1,
    "start": "2024-12-19T02:12:01.459Z",
    "end": "2024-12-19T02:12:03.499Z",
    "duration": 2040,
    "testsRegistered": 7,
    "passPercent": 0,
    "pendingPercent": 0,
    "other": 0,
    "hasOther": false,
    "skipped": 6,
    "hasSkipped": true
  },
  "results": [
    {
      "uuid": "b536ad8c-95ef-411b-8aee-22a29dea79cf",
      "title": "",
      "fullFile": "cypress/e2e/AIM/AIM-Forgot password.cy.js",
      "file": "cypress/e2e/AIM/AIM-Forgot password.cy.js",
      "beforeHooks": [],
      "afterHooks": [],
      "tests": [],
      "suites": [
        {
          "uuid": "391c6c5c-2b28-49f0-9358-2843b9907f7e",
          "title": "AIM-Forgot Password",
          "fullFile": "",
          "file": "",
          "beforeHooks": [],
          "afterHooks": [],
          "tests": [
            {
              "title": "Memuat halaman login, periksa form email dan password, lalu navigasi ke halaman lupa password",
              "fullTitle": "AIM-Forgot Password Memuat halaman login, periksa form email dan password, lalu navigasi ke halaman lupa password",
              "timedOut": null,
              "duration": 1469,
              "state": "failed",
              "speed": null,
              "pass": false,
              "fail": true,
              "pending": false,
              "context": "{\n  \"title\": \"cypress-mochawesome-reporter-screenshots\",\n  \"value\": [\n    [\n      \"/AIM/AIM-Forgot password.cy.js/AIM-Forgot Password -- Memuat halaman login, periksa form email dan password, lalu navigasi ke halaman lupa password -- before each hook (failed).png\"\n    ]\n  ]\n}",
              "code": "cy.get('.makeStyles-logo-4').should('be.visible');\ncy.get('[data-testid=\"login-title\"]').should('be.visible').and('contain', 'Masuk ke akunmu');\ncy.get('[data-testid=\"login-forgot-password\"]').should('be.visible').click();\n// Pastikan navigasi ke halaman lupa password berhasil\n//   cy.url().should('eq', '/auth/forgot-password');\ncy.get('[data-testid=\"forgotPassword-title\"]').should('be.visible').and('contain', 'Pulihkan Akun Sekarang');\ncy.get('#email').should('be.visible');\ncy.get('[data-testid=\"forgotPassword-submit-button\"]').should('be.visible').and('contain', 'Kirim Reset Link');",
              "err": {
                "message": "ReferenceError: The following error originated from your application code, not from Cypress.\n\n  > CreatedNewAsset is not defined\n\nWhen Cypress detects uncaught errors originating from your application it will automatically fail the current test.\n\nThis behavior is configurable, and you can choose to turn this off by listening to the `uncaught:exception` event.\n\nhttps://on.cypress.io/uncaught-exception-from-application\n\nBecause this error occurred during a `before each` hook we are skipping the remaining tests in the current suite: `AIM-Forgot Password`",
                "estack": "ReferenceError: The following error originated from your application code, not from Cypress.\n\n  > CreatedNewAsset is not defined\n\nWhen Cypress detects uncaught errors originating from your application it will automatically fail the current test.\n\nThis behavior is configurable, and you can choose to turn this off by listening to the `uncaught:exception` event.\n\nhttps://on.cypress.io/uncaught-exception-from-application\n\nBecause this error occurred during a `before each` hook we are skipping the remaining tests in the current suite: `AIM-Forgot Password`\n    at <unknown> (http://localhost:5173/src/routers/admin-routes.jsx:3237:34)",
                "diff": null
              },
              "uuid": "989d0f89-c2ce-4f02-8697-20cce8e8f623",
              "parentUUID": "391c6c5c-2b28-49f0-9358-2843b9907f7e",
              "isHook": false,
              "skipped": false
            },
            {
              "title": "Menampilkan pesan kesalahan ketika mencoba mengirim form lupa password dengan email kosong",
              "fullTitle": "AIM-Forgot Password Menampilkan pesan kesalahan ketika mencoba mengirim form lupa password dengan email kosong",
              "timedOut": null,
              "duration": 0,
              "state": "skipped",
              "speed": null,
              "pass": false,
              "fail": false,
              "pending": false,
              "context": null,
              "code": "cy.get('[data-testid=\"login-forgot-password\"]').click();\n//   cy.url().should('eq', '/auth/forgot-password');\n// Klik tombol submit tanpa mengisi email\ncy.get('[data-testid=\"forgotPassword-submit-button\"]').click();\n// Verifikasi pesan error untuk email kosong\ncy.get('#email-helper-text').should('be.visible').and('contain', 'Email adalah bidang yang diperlukan');",
              "err": {},
              "uuid": "bd4b5f62-2dc4-4996-b3eb-ccfbf84f2f95",
              "parentUUID": "391c6c5c-2b28-49f0-9358-2843b9907f7e",
              "isHook": false,
              "skipped": true
            },
            {
              "title": "Menampilkan pesan kesalahan ketika mengirim form dengan format email yang salah (tanpa simbol \"@\")",
              "fullTitle": "AIM-Forgot Password Menampilkan pesan kesalahan ketika mengirim form dengan format email yang salah (tanpa simbol \"@\")",
              "timedOut": null,
              "duration": 0,
              "state": "skipped",
              "speed": null,
              "pass": false,
              "fail": false,
              "pending": false,
              "context": null,
              "code": "cy.get('[data-testid=\"login-forgot-password\"]').click();\n//   cy.url().should('eq', '/auth/forgot-password');\n// Masukkan email yang tidak valid (tanpa '@')\ncy.get('#email').type('usergmail.com');\n// Klik tombol submit\ncy.get('[data-testid=\"forgotPassword-submit-button\"]').click();\n// Verifikasi pesan error untuk format email yang salah\ncy.get('#email-helper-text').should('be.visible').and('contain', 'Email harus menjadi email yang valid');",
              "err": {},
              "uuid": "e699b906-d8c5-44b5-b7d9-4ea05052801d",
              "parentUUID": "391c6c5c-2b28-49f0-9358-2843b9907f7e",
              "isHook": false,
              "skipped": true
            },
            {
              "title": "Menampilkan pesan kesalahan ketika mengirim form dengan format email yang salah (hanya domain)",
              "fullTitle": "AIM-Forgot Password Menampilkan pesan kesalahan ketika mengirim form dengan format email yang salah (hanya domain)",
              "timedOut": null,
              "duration": 0,
              "state": "skipped",
              "speed": null,
              "pass": false,
              "fail": false,
              "pending": false,
              "context": null,
              "code": "cy.get('[data-testid=\"login-forgot-password\"]').click();\n//   cy.url().should('eq', '/auth/forgot-password');\n// Masukkan email yang tidak valid (hanya domain)\ncy.get('#email').type('@gmail.com');\n// Klik tombol submit\ncy.get('[data-testid=\"forgotPassword-submit-button\"]').click();\n// Verifikasi pesan error untuk format email yang salah\ncy.get('#email-helper-text').should('be.visible').and('contain', 'Email harus menjadi email yang valid');",
              "err": {},
              "uuid": "5c6cce55-9541-422d-b656-29747184d7ed",
              "parentUUID": "391c6c5c-2b28-49f0-9358-2843b9907f7e",
              "isHook": false,
              "skipped": true
            },
            {
              "title": "Menampilkan pesan kesalahan ketika mengirim form lupa password dengan email yang tidak terdaftar",
              "fullTitle": "AIM-Forgot Password Menampilkan pesan kesalahan ketika mengirim form lupa password dengan email yang tidak terdaftar",
              "timedOut": null,
              "duration": 0,
              "state": "skipped",
              "speed": null,
              "pass": false,
              "fail": false,
              "pending": false,
              "context": null,
              "code": "cy.get('[data-testid=\"login-forgot-password\"]').click();\n//   cy.url().should('eq', '/auth/forgot-password');\n// Masukkan email yang tidak terdaftar\ncy.get('#email').type('tidak.ada@assist.id');\n// Klik tombol submit\ncy.get('[data-testid=\"forgotPassword-submit-button\"]').click();\n// Verifikasi pesan error untuk email yang tidak ditemukan\ncy.get('.MuiSnackbar-root > .MuiPaper-root').should('be.visible').and('contain', 'Account not found');",
              "err": {},
              "uuid": "f539cccc-648b-4b4d-a207-5259d698b9bf",
              "parentUUID": "391c6c5c-2b28-49f0-9358-2843b9907f7e",
              "isHook": false,
              "skipped": true
            },
            {
              "title": "Berhasil mengirim form lupa password dengan email yang benar",
              "fullTitle": "AIM-Forgot Password Berhasil mengirim form lupa password dengan email yang benar",
              "timedOut": null,
              "duration": 0,
              "state": "skipped",
              "speed": null,
              "pass": false,
              "fail": false,
              "pending": false,
              "context": null,
              "code": "cy.get('[data-testid=\"login-forgot-password\"]').click();\n//   cy.url().should('eq', '/auth/forgot-password');\ncy.get('#email').type('reyand.oneil@assist.id');\ncy.intercept('POST', 'https://api-cashflow.assist.id/api/forgot-password').as('forgotPasswordRequest');\ncy.get('[data-testid=\"forgotPassword-submit-button\"]').click();\ncy.wait('@forgotPasswordRequest').then(interception => {\n  if (interception.response && interception.response.statusCode === 200) {\n    cy.get('.MuiSnackbar-root > .MuiPaper-root').should('be.visible').and('contain', 'Reset link telah dikirim ke email kamu').then(() => {\n      // Ambil screenshot jika permintaan berhasil\n      cy.screenshot('forgot-password-success');\n    });\n  } else {\n    cy.log('Request gagal atau status kode bukan 200');\n    // Ambil screenshot jika permintaan gagal\n    cy.screenshot('forgot-password-failure');\n  }\n});\ncy.get('[data-testid=\"forgotPassword-success-image\"]').should('be.visible');\ncy.get('[data-testid=\"forgotPassword-success-message\"]').should('be.visible').and('contain', 'Silahkan cek inbox di email kamu');\ncy.get('[data-testid=\"forgotPassword-login-button\"]').should('be.visible').click();",
              "err": {},
              "uuid": "4acfd20f-f0af-4cd2-9d66-08b387d578b3",
              "parentUUID": "391c6c5c-2b28-49f0-9358-2843b9907f7e",
              "isHook": false,
              "skipped": true
            },
            {
              "title": "Dapat kembali ke halaman login dari halaman lupa password",
              "fullTitle": "AIM-Forgot Password Dapat kembali ke halaman login dari halaman lupa password",
              "timedOut": null,
              "duration": 0,
              "state": "skipped",
              "speed": null,
              "pass": false,
              "fail": false,
              "pending": false,
              "context": null,
              "code": "cy.get('[data-testid=\"login-forgot-password\"]').click();\ncy.get('[data-testid=\"forgotPassword-back-to-login-button\"]').click();\ncy.get('[data-testid=\"login-title\"]').should('be.visible').and('contain', 'Masuk ke akunmu');",
              "err": {},
              "uuid": "e1bf994a-f98d-46ca-82e0-432784f48d92",
              "parentUUID": "391c6c5c-2b28-49f0-9358-2843b9907f7e",
              "isHook": false,
              "skipped": true
            }
          ],
          "suites": [],
          "passes": [],
          "failures": [
            "989d0f89-c2ce-4f02-8697-20cce8e8f623"
          ],
          "pending": [],
          "skipped": [
            "bd4b5f62-2dc4-4996-b3eb-ccfbf84f2f95",
            "e699b906-d8c5-44b5-b7d9-4ea05052801d",
            "5c6cce55-9541-422d-b656-29747184d7ed",
            "f539cccc-648b-4b4d-a207-5259d698b9bf",
            "4acfd20f-f0af-4cd2-9d66-08b387d578b3",
            "e1bf994a-f98d-46ca-82e0-432784f48d92"
          ],
          "duration": 1469,
          "root": false,
          "rootEmpty": false,
          "_timeout": 2000
        }
      ],
      "passes": [],
      "failures": [],
      "pending": [],
      "skipped": [],
      "duration": 0,
      "root": true,
      "rootEmpty": true,
      "_timeout": 2000
    }
  ],
  "meta": {
    "mocha": {
      "version": "7.0.1"
    },
    "mochawesome": {
      "options": {
        "quiet": false,
        "reportFilename": "mochawesome",
        "saveHtml": false,
        "saveJson": true,
        "consoleReporter": "spec",
        "useInlineDiffs": false,
        "code": true
      },
      "version": "7.1.3"
    },
    "marge": {
      "options": {
        "charts": true,
        "reportPageTitle": "custom-title",
        "embeddedScreenshots": true,
        "inlineAssets": true,
        "saveAllAttempts": false,
        "overwrite": false,
        "html": false,
        "json": true,
        "reportDir": "cypress/reports/html/.jsons"
      },
      "version": "6.2.0"
    }
  }
}