{
  "stats": {
    "suites": 1,
    "tests": 1,
    "passes": 0,
    "pending": 0,
    "failures": 1,
    "start": "2024-12-19T02:12:20.661Z",
    "end": "2024-12-19T02:12:22.833Z",
    "duration": 2172,
    "testsRegistered": 17,
    "passPercent": 0,
    "pendingPercent": 0,
    "other": 0,
    "hasOther": false,
    "skipped": 16,
    "hasSkipped": true
  },
  "results": [
    {
      "uuid": "0ef039e3-9554-4665-a68c-7d56393fdc6b",
      "title": "",
      "fullFile": "cypress/e2e/DAFTAR_AKUN/daftar_akun.cy.js",
      "file": "cypress/e2e/DAFTAR_AKUN/daftar_akun.cy.js",
      "beforeHooks": [],
      "afterHooks": [],
      "tests": [],
      "suites": [
        {
          "uuid": "5c8a9c02-5856-4420-8c2a-25821a9c2489",
          "title": "DAFTAR AKUN",
          "fullFile": "",
          "file": "",
          "beforeHooks": [],
          "afterHooks": [],
          "tests": [
            {
              "title": "[DAFTAR AKUN] - Harus gagal mendapatkan data error 500",
              "fullTitle": "DAFTAR AKUN [DAFTAR AKUN] - Harus gagal mendapatkan data error 500",
              "timedOut": null,
              "duration": 1821,
              "state": "failed",
              "speed": null,
              "pass": false,
              "fail": true,
              "pending": false,
              "context": "{\n  \"title\": \"cypress-mochawesome-reporter-screenshots\",\n  \"value\": [\n    [\n      \"/DAFTAR_AKUN/daftar_akun.cy.js/DAFTAR AKUN -- [DAFTAR AKUN] - Harus gagal mendapatkan data error 500 -- before each hook (failed).png\"\n    ]\n  ]\n}",
              "code": "// Intercept untuk endpoint pertama\ncy.intercept('GET', '**/api/akuns/last-period**', {\n  statusCode: 500,\n  body: {\n    result: [],\n    totalData: 0\n  }\n}).as('getLastPeriod');\n// Intercept untuk endpoint kedua (list data utama)\ncy.intercept('GET', '**/api/akuns?skip=*&limit=*&companyId=*', {\n  statusCode: 500,\n  body: {\n    // result: [], // Array kosong untuk memastikan data tidak muncul\n    // totalData: 0,\n  }\n}).as('getAkuns');\n// Lakukan aksi setelah intercept aktif\ncy.get('[data-testid=\"drawer-item-accounts\"]').click();\n// Tunggu semua request selesai\ncy.wait('@getLastPeriod');\ncy.wait('@getAkuns');\n// Validasi UI bahwa list data kosong\ncy.get('[data-cy=\"list-akuns\"]').should('not.exist'); // Atur sesuai selector list Anda",
              "err": {
                "message": "ReferenceError: The following error originated from your application code, not from Cypress.\n\n  > CreatedNewAsset is not defined\n\nWhen Cypress detects uncaught errors originating from your application it will automatically fail the current test.\n\nThis behavior is configurable, and you can choose to turn this off by listening to the `uncaught:exception` event.\n\nhttps://on.cypress.io/uncaught-exception-from-application\n\nBecause this error occurred during a `before each` hook we are skipping the remaining tests in the current suite: `DAFTAR AKUN`",
                "estack": "ReferenceError: The following error originated from your application code, not from Cypress.\n\n  > CreatedNewAsset is not defined\n\nWhen Cypress detects uncaught errors originating from your application it will automatically fail the current test.\n\nThis behavior is configurable, and you can choose to turn this off by listening to the `uncaught:exception` event.\n\nhttps://on.cypress.io/uncaught-exception-from-application\n\nBecause this error occurred during a `before each` hook we are skipping the remaining tests in the current suite: `DAFTAR AKUN`\n    at <unknown> (http://localhost:5173/src/routers/admin-routes.jsx:3237:34)",
                "diff": null
              },
              "uuid": "a9334c57-15e1-42be-944f-8961e317bec8",
              "parentUUID": "5c8a9c02-5856-4420-8c2a-25821a9c2489",
              "isHook": false,
              "skipped": false
            },
            {
              "title": "[DAFTAR AKUN] - Harus berhasil mendapatkan data kosong",
              "fullTitle": "DAFTAR AKUN [DAFTAR AKUN] - Harus berhasil mendapatkan data kosong",
              "timedOut": null,
              "duration": 0,
              "state": "skipped",
              "speed": null,
              "pass": false,
              "fail": false,
              "pending": false,
              "context": null,
              "code": "// Intercept untuk endpoint pertama\ncy.intercept('GET', '**/api/akuns/last-period**', {\n  statusCode: 200,\n  body: {\n    result: [],\n    totalData: 0\n  }\n}).as('getLastPeriod');\n// Intercept untuk endpoint kedua (list data utama)\ncy.intercept('GET', '**/api/akuns?skip=*&limit=*&companyId=*', {\n  statusCode: 200,\n  body: {\n    // result: [], // Array kosong untuk memastikan data tidak muncul\n    // totalData: 0,\n  }\n}).as('getAkuns');\n// Lakukan aksi setelah intercept aktif\ncy.get('[data-testid=\"drawer-item-accounts\"]').click();\n// Tunggu semua request selesai\ncy.wait('@getLastPeriod');\ncy.wait('@getAkuns');\n// Validasi UI bahwa list data kosong\ncy.get('[data-cy=\"list-akuns\"]').should('not.exist'); // Atur sesuai selector list Anda\ncy.get('.MuiTableBody-root > .MuiTableRow-root > .MuiTableCell-root').should('be.visible').and('contain', 'Tidak ada data');",
              "err": {},
              "uuid": "05e9cc9b-12b3-4fc7-a814-f54481b1ba07",
              "parentUUID": "5c8a9c02-5856-4420-8c2a-25821a9c2489",
              "isHook": false,
              "skipped": true
            },
            {
              "title": "[DAFTAR AKUN] - Next Page, Pagination",
              "fullTitle": "DAFTAR AKUN [DAFTAR AKUN] - Next Page, Pagination",
              "timedOut": null,
              "duration": 0,
              "state": "skipped",
              "speed": null,
              "pass": false,
              "fail": false,
              "pending": false,
              "context": null,
              "code": "cy.get('[data-testid=\"drawer-item-accounts\"]').should('be.visible').click();\ncy.get('.MuiPagination-ul > :nth-child(9) > .MuiButtonBase-root').click();",
              "err": {},
              "uuid": "4f10f502-3dca-472e-9150-c01129349e38",
              "parentUUID": "5c8a9c02-5856-4420-8c2a-25821a9c2489",
              "isHook": false,
              "skipped": true
            },
            {
              "title": "[DAFTAR AKUN] - Prev Page, Pagination",
              "fullTitle": "DAFTAR AKUN [DAFTAR AKUN] - Prev Page, Pagination",
              "timedOut": null,
              "duration": 0,
              "state": "skipped",
              "speed": null,
              "pass": false,
              "fail": false,
              "pending": false,
              "context": null,
              "code": "cy.get('[data-testid=\"drawer-item-accounts\"]').should('be.visible').click();\ncy.get('.MuiPagination-ul > :nth-child(9) > .MuiButtonBase-root').click();\ncy.get('.MuiPagination-ul > :nth-child(1) > .MuiButtonBase-root').click();",
              "err": {},
              "uuid": "5ad1c6c1-872e-40e6-af6f-2f9b101e4b0a",
              "parentUUID": "5c8a9c02-5856-4420-8c2a-25821a9c2489",
              "isHook": false,
              "skipped": true
            },
            {
              "title": "[DAFTAR AKUN] - Harus berhasil mencari",
              "fullTitle": "DAFTAR AKUN [DAFTAR AKUN] - Harus berhasil mencari",
              "timedOut": null,
              "duration": 0,
              "state": "skipped",
              "speed": null,
              "pass": false,
              "fail": false,
              "pending": false,
              "context": null,
              "code": "cy.get('[data-testid=\"drawer-item-accounts\"]').should('be.visible').click();\ncy.get('input[placeholder=\"Cari akun\"]').should('be.visible').type('Giro');\ncy.get('.MuiTableBody-root > .MuiTableRow-root > :nth-child(2)').should('be.visible').and('contain', 'Giro');",
              "err": {},
              "uuid": "1f425c5f-88c4-4e7a-a58e-255a79a49aa8",
              "parentUUID": "5c8a9c02-5856-4420-8c2a-25821a9c2489",
              "isHook": false,
              "skipped": true
            },
            {
              "title": "[DAFTAR AKUN] - Harus berhasil membuka modal buat akun baru",
              "fullTitle": "DAFTAR AKUN [DAFTAR AKUN] - Harus berhasil membuka modal buat akun baru",
              "timedOut": null,
              "duration": 0,
              "state": "skipped",
              "speed": null,
              "pass": false,
              "fail": false,
              "pending": false,
              "context": null,
              "code": "cy.get('[data-testid=\"drawer-item-accounts\"]').should('be.visible').click();\ncy.get('.MuiToolbar-root > .MuiButton-contained').should('be.visible').and('contain', 'Buat Akun Baru').click();\ncy.get('#modal-title').should('be.visible').and('contain', 'Tambah Akun Baru');\ncy.get('input[name=\"nama\"]').should('be.visible');\ncy.get('input[name=\"nomor\"]').should('be.visible');\ncy.get('input[name=\"kategori_id\"]');\ncy.get('.MuiButton-text');\ncy.get('.css-1jxwjqx-MuiGrid2-root > .MuiGrid2-container > .MuiButton-contained');",
              "err": {},
              "uuid": "475b9d98-ab09-4d97-8934-a6d04bf78de8",
              "parentUUID": "5c8a9c02-5856-4420-8c2a-25821a9c2489",
              "isHook": false,
              "skipped": true
            },
            {
              "title": "[DAFTAR AKUN] - Harus berhasil menutup modal buat akun ketika menekan batal",
              "fullTitle": "DAFTAR AKUN [DAFTAR AKUN] - Harus berhasil menutup modal buat akun ketika menekan batal",
              "timedOut": null,
              "duration": 0,
              "state": "skipped",
              "speed": null,
              "pass": false,
              "fail": false,
              "pending": false,
              "context": null,
              "code": "cy.get('[data-testid=\"drawer-item-accounts\"]').should('be.visible').click();\ncy.get('.MuiToolbar-root > .MuiButton-contained').click();\ncy.get('.MuiButton-text').click();\ncy.get('.MuiTypography-h6').should('be.visible').and('contain', 'Semua Akun');",
              "err": {},
              "uuid": "0a3b6c2a-272b-46cf-a834-f6f92e1e594f",
              "parentUUID": "5c8a9c02-5856-4420-8c2a-25821a9c2489",
              "isHook": false,
              "skipped": true
            },
            {
              "title": "[DAFTAR AKUN] - Harus gagal menambah buat akun ketika semua field kosong",
              "fullTitle": "DAFTAR AKUN [DAFTAR AKUN] - Harus gagal menambah buat akun ketika semua field kosong",
              "timedOut": null,
              "duration": 0,
              "state": "skipped",
              "speed": null,
              "pass": false,
              "fail": false,
              "pending": false,
              "context": null,
              "code": "cy.get('[data-testid=\"drawer-item-accounts\"]').should('be.visible').click();\ncy.get('.MuiToolbar-root > .MuiButton-contained').click();\ncy.get('.css-1jxwjqx-MuiGrid2-root > .MuiGrid2-container > .MuiButton-contained').click();\ncy.get('#nama-helper-text').should('be.visible').and('contain', 'Nama Akun harus diisi');\ncy.get('#nomor-helper-text').should('be.visible').and('contain', 'Kode Akun harus diisi');\ncy.contains('span', 'Kategori Akun harus diisi').should('be.visible').and('have.text', 'Kategori Akun harus diisi');",
              "err": {},
              "uuid": "40b313b2-319d-44a9-94ce-3ccfd13777c9",
              "parentUUID": "5c8a9c02-5856-4420-8c2a-25821a9c2489",
              "isHook": false,
              "skipped": true
            },
            {
              "title": "[DAFTAR AKUN] - Harus gagal menambah buat akun ketika nama akun di isi yang lainnya kosong",
              "fullTitle": "DAFTAR AKUN [DAFTAR AKUN] - Harus gagal menambah buat akun ketika nama akun di isi yang lainnya kosong",
              "timedOut": null,
              "duration": 0,
              "state": "skipped",
              "speed": null,
              "pass": false,
              "fail": false,
              "pending": false,
              "context": null,
              "code": "cy.get('[data-testid=\"drawer-item-accounts\"]').should('be.visible').click();\ncy.get('.MuiToolbar-root > .MuiButton-contained').click();\ncy.get('input[name=\"nama\"]').should('be.visible').should('be.visible').type('test akun reyand');\ncy.get('.css-1jxwjqx-MuiGrid2-root > .MuiGrid2-container > .MuiButton-contained').click();\ncy.get('.css-1jxwjqx-MuiGrid2-root > .MuiGrid2-container > .MuiButton-contained').click();\ncy.get('#nomor-helper-text').should('be.visible').and('contain', 'Kode Akun harus diisi');\ncy.contains('span', 'Kategori Akun harus diisi').should('be.visible').and('have.text', 'Kategori Akun harus diisi');",
              "err": {},
              "uuid": "a42a93f2-4a0c-43bb-9c94-481c58390e92",
              "parentUUID": "5c8a9c02-5856-4420-8c2a-25821a9c2489",
              "isHook": false,
              "skipped": true
            },
            {
              "title": "[DAFTAR AKUN] - Harus gagal menambah buat akun ketika kode akun di isi field lainnya kosong",
              "fullTitle": "DAFTAR AKUN [DAFTAR AKUN] - Harus gagal menambah buat akun ketika kode akun di isi field lainnya kosong",
              "timedOut": null,
              "duration": 0,
              "state": "skipped",
              "speed": null,
              "pass": false,
              "fail": false,
              "pending": false,
              "context": null,
              "code": "cy.get('[data-testid=\"drawer-item-accounts\"]').should('be.visible').click();\ncy.get('.MuiToolbar-root > .MuiButton-contained').click();\ncy.get('input[name=\"nomor\"]').should('be.visible').type('89379234893274293');\ncy.get('.css-1jxwjqx-MuiGrid2-root > .MuiGrid2-container > .MuiButton-contained').click();\ncy.get('.css-1jxwjqx-MuiGrid2-root > .MuiGrid2-container > .MuiButton-contained').click();\ncy.get('#nama-helper-text').should('be.visible').and('contain', 'Nama Akun harus diisi');\ncy.contains('span', 'Kategori Akun harus diisi').should('be.visible').and('have.text', 'Kategori Akun harus diisi');",
              "err": {},
              "uuid": "856cf29d-8433-4174-8055-beaab2ffec9e",
              "parentUUID": "5c8a9c02-5856-4420-8c2a-25821a9c2489",
              "isHook": false,
              "skipped": true
            },
            {
              "title": "[DAFTAR AKUN] - Harus gagal menambah buat akun ketika kategori akun di isi field lainnya kosong",
              "fullTitle": "DAFTAR AKUN [DAFTAR AKUN] - Harus gagal menambah buat akun ketika kategori akun di isi field lainnya kosong",
              "timedOut": null,
              "duration": 0,
              "state": "skipped",
              "speed": null,
              "pass": false,
              "fail": false,
              "pending": false,
              "context": null,
              "code": "cy.intercept('GET', 'https://api-cashflow.assist.id/api/master-kategori-akuns?limit=100&companyId=b13e5210-8564-11ef-af27-a72e65a1d49c').as('getCategories');\ncy.get('[data-testid=\"drawer-item-accounts\"]').should('be.visible').click();\ncy.get('.MuiToolbar-root > .MuiButton-contained').click();\n// Tunggu sampai API selesai memuat data (berdasarkan intercept alias)\ncy.wait('@getCategories').then(interception => {\n  console.log('API Response:', interception);\n});\ncy.get('#kategori_id').click();\ncy.contains('li', 'Ekuitas').click();\ncy.get('.css-1jxwjqx-MuiGrid2-root > .MuiGrid2-container > .MuiButton-contained').click();\ncy.get('#nama-helper-text').should('be.visible').and('contain', 'Nama Akun harus diisi');\ncy.get('#nomor-helper-text').should('be.visible').and('contain', 'Kode Akun harus diisi');",
              "err": {},
              "uuid": "92258d78-f1f1-43ce-aede-7fcafa9c95ec",
              "parentUUID": "5c8a9c02-5856-4420-8c2a-25821a9c2489",
              "isHook": false,
              "skipped": true
            },
            {
              "title": "[DAFTAR AKUN] - Harus gagal menambah buat akun ketika hanya field bank di isi yang lainnya kosong",
              "fullTitle": "DAFTAR AKUN [DAFTAR AKUN] - Harus gagal menambah buat akun ketika hanya field bank di isi yang lainnya kosong",
              "timedOut": null,
              "duration": 0,
              "state": "skipped",
              "speed": null,
              "pass": false,
              "fail": false,
              "pending": false,
              "context": null,
              "code": "cy.get('[data-testid=\"drawer-item-accounts\"]').should('be.visible').click();\ncy.get('.MuiToolbar-root > .MuiButton-contained').click();\ncy.get('#bank').click();\ncy.contains('li', 'Bank Central Asia').click();\ncy.get('.css-1jxwjqx-MuiGrid2-root > .MuiGrid2-container > .MuiButton-contained').click();\ncy.get('#nama-helper-text').should('be.visible').and('contain', 'Nama Akun harus diisi');\ncy.get('#nomor-helper-text').should('be.visible').and('contain', 'Kode Akun harus diisi');\ncy.contains('span', 'Kategori Akun harus diisi').should('be.visible').and('have.text', 'Kategori Akun harus diisi');",
              "err": {},
              "uuid": "44d021b0-b2fd-4f97-bc85-12dde6585a60",
              "parentUUID": "5c8a9c02-5856-4420-8c2a-25821a9c2489",
              "isHook": false,
              "skipped": true
            },
            {
              "title": "[DAFTAR AKUN] - Harus Gagal menambah buat akun ketika semua field di isi semua field, kode akun sudah ada (1-10001)",
              "fullTitle": "DAFTAR AKUN [DAFTAR AKUN] - Harus Gagal menambah buat akun ketika semua field di isi semua field, kode akun sudah ada (1-10001)",
              "timedOut": null,
              "duration": 0,
              "state": "skipped",
              "speed": null,
              "pass": false,
              "fail": false,
              "pending": false,
              "context": null,
              "code": "cy.intercept('GET', 'https://api-cashflow.assist.id/api/master-kategori-akuns?limit=100&companyId=b13e5210-8564-11ef-af27-a72e65a1d49c').as('getCategories');\ncy.get('[data-testid=\"drawer-item-accounts\"]').should('be.visible').click();\ncy.get('.MuiToolbar-root > .MuiButton-contained').click();\n// Tunggu sampai API selesai memuat data (berdasarkan intercept alias)\ncy.wait('@getCategories').then(interception => {\n  console.log('API Response:', interception);\n});\ncy.get('input[name=\"nama\"]').should('be.visible').should('be.visible').type('test akun reyand');\ncy.get('input[name=\"nomor\"]').should('be.visible').type('1-10001');\ncy.get('#kategori_id').click();\ncy.contains('li', 'Akun Piutang').click();\ncy.get('#bank').click();\ncy.contains('li', 'Bank Central Asia').click();\ncy.get('.css-1jxwjqx-MuiGrid2-root > .MuiGrid2-container > .MuiButton-contained').click();\ncy.get('.MuiAlert-message').should('be.visible').and('contain', 'Kode Akun already exists for this company.');",
              "err": {},
              "uuid": "56773bd3-567f-4b64-9e9e-67c0efa0c259",
              "parentUUID": "5c8a9c02-5856-4420-8c2a-25821a9c2489",
              "isHook": false,
              "skipped": true
            },
            {
              "title": "[DAFTAR AKUN] - Harus Berhasil menambah buat akun ketika semua field di isi semua field",
              "fullTitle": "DAFTAR AKUN [DAFTAR AKUN] - Harus Berhasil menambah buat akun ketika semua field di isi semua field",
              "timedOut": null,
              "duration": 0,
              "state": "skipped",
              "speed": null,
              "pass": false,
              "fail": false,
              "pending": false,
              "context": null,
              "code": "cy.intercept('GET', 'https://api-cashflow.assist.id/api/master-kategori-akuns?limit=100&companyId=b13e5210-8564-11ef-af27-a72e65a1d49c').as('getCategories');\ncy.get('[data-testid=\"drawer-item-accounts\"]').should('be.visible').click();\ncy.get('.MuiToolbar-root > .MuiButton-contained').click();\n// Tunggu sampai API selesai memuat data (berdasarkan intercept alias)\ncy.wait('@getCategories').then(interception => {\n  console.log('API Response:', interception);\n});\ncy.get('input[name=\"nama\"]').should('be.visible').should('be.visible').type('test akun reyand');\ncy.get('input[name=\"nomor\"]').should('be.visible').type('1-10007');\ncy.get('#kategori_id').click();\ncy.contains('li', 'Akun Piutang').click();\ncy.get('#bank').click();\ncy.contains('li', 'Bank Central Asia').click();\ncy.get('#description').should('be.visible').type('test akun reyand');\ncy.get('.css-1jxwjqx-MuiGrid2-root > .MuiGrid2-container > .MuiButton-contained').click();\ncy.get('.MuiAlert-message').should('be.visible').and('contain', 'Akun berhasil ditambah');",
              "err": {},
              "uuid": "cb228085-f2f2-4a1d-a9c1-178b47ff0739",
              "parentUUID": "5c8a9c02-5856-4420-8c2a-25821a9c2489",
              "isHook": false,
              "skipped": true
            },
            {
              "title": "[DAFTAR AKUN] - Harus berhasil mencari setelah di buat dan panstikan form bank dan deskripsi tidak disabled",
              "fullTitle": "DAFTAR AKUN [DAFTAR AKUN] - Harus berhasil mencari setelah di buat dan panstikan form bank dan deskripsi tidak disabled",
              "timedOut": null,
              "duration": 0,
              "state": "skipped",
              "speed": null,
              "pass": false,
              "fail": false,
              "pending": false,
              "context": null,
              "code": "cy.get('[data-testid=\"drawer-item-accounts\"]').should('be.visible').click();\ncy.get('input[placeholder=\"Cari akun\"]').should('be.visible').type('1-10007');\ncy.get('.MuiTableBody-root > .MuiTableRow-root > :nth-child(1)').should('be.visible').and('contain', '1-10007');\ncy.get(':nth-child(2) > span > .MuiButtonBase-root').should('be.visible').and('contain', 'test akun reyand');\ncy.get(':nth-child(2) > span > .MuiButtonBase-root').click();\ncy.get('#bank');\ncy.get('#description');\ncy.get('.css-1jxwjqx-MuiGrid2-root > .MuiGrid2-container > .MuiButton-contained').should('be.visible');",
              "err": {},
              "uuid": "88402831-5b7f-450b-9a39-cbfffdcccbce",
              "parentUUID": "5c8a9c02-5856-4420-8c2a-25821a9c2489",
              "isHook": false,
              "skipped": true
            },
            {
              "title": "[DAFTAR AKUN] - Harus berhasil mencari setelah di buat dan panstikan form bank dan deskripsi disabled",
              "fullTitle": "DAFTAR AKUN [DAFTAR AKUN] - Harus berhasil mencari setelah di buat dan panstikan form bank dan deskripsi disabled",
              "timedOut": null,
              "duration": 0,
              "state": "skipped",
              "speed": null,
              "pass": false,
              "fail": false,
              "pending": false,
              "context": null,
              "code": "cy.get('[data-testid=\"drawer-item-accounts\"]').should('be.visible').click();\ncy.get('input[placeholder=\"Cari akun\"]').should('be.visible').type('1-10005');\ncy.get('.MuiTableBody-root > .MuiTableRow-root > :nth-child(1)').should('be.visible').and('contain', '1-10005');\ncy.get(':nth-child(2) > span > .MuiButtonBase-root').should('be.visible').and('contain', 'test akun reyand');\ncy.get(':nth-child(2) > span > .MuiButtonBase-root').click();\ncy.get('#bank').should('not.be.enabled');\ncy.get('#description').should('not.be.enabled');",
              "err": {},
              "uuid": "08982d5a-8db4-4066-81e0-ee860386d25a",
              "parentUUID": "5c8a9c02-5856-4420-8c2a-25821a9c2489",
              "isHook": false,
              "skipped": true
            },
            {
              "title": "[DAFTAR AKUN] - Harus berhasil membuka detail akun",
              "fullTitle": "DAFTAR AKUN [DAFTAR AKUN] - Harus berhasil membuka detail akun",
              "timedOut": null,
              "duration": 0,
              "state": "skipped",
              "speed": null,
              "pass": false,
              "fail": false,
              "pending": false,
              "context": null,
              "code": "cy.get('[data-testid=\"drawer-item-accounts\"]').should('be.visible').click();\ncy.get('input[placeholder=\"Cari akun\"]').should('be.visible').type('1-10005');\ncy.get('.MuiTableBody-root > .MuiTableRow-root > :nth-child(1)').should('be.visible').and('contain', '1-10005');\ncy.get(':nth-child(2) > span > .MuiButtonBase-root').should('be.visible').and('contain', 'test akun reyand');\ncy.get('.MuiTypography-root > span > .MuiButtonBase-root').click();",
              "err": {},
              "uuid": "0fbb9269-0107-4718-9483-c47905266b4d",
              "parentUUID": "5c8a9c02-5856-4420-8c2a-25821a9c2489",
              "isHook": false,
              "skipped": true
            }
          ],
          "suites": [],
          "passes": [],
          "failures": [
            "a9334c57-15e1-42be-944f-8961e317bec8"
          ],
          "pending": [],
          "skipped": [
            "05e9cc9b-12b3-4fc7-a814-f54481b1ba07",
            "4f10f502-3dca-472e-9150-c01129349e38",
            "5ad1c6c1-872e-40e6-af6f-2f9b101e4b0a",
            "1f425c5f-88c4-4e7a-a58e-255a79a49aa8",
            "475b9d98-ab09-4d97-8934-a6d04bf78de8",
            "0a3b6c2a-272b-46cf-a834-f6f92e1e594f",
            "40b313b2-319d-44a9-94ce-3ccfd13777c9",
            "a42a93f2-4a0c-43bb-9c94-481c58390e92",
            "856cf29d-8433-4174-8055-beaab2ffec9e",
            "92258d78-f1f1-43ce-aede-7fcafa9c95ec",
            "44d021b0-b2fd-4f97-bc85-12dde6585a60",
            "56773bd3-567f-4b64-9e9e-67c0efa0c259",
            "cb228085-f2f2-4a1d-a9c1-178b47ff0739",
            "88402831-5b7f-450b-9a39-cbfffdcccbce",
            "08982d5a-8db4-4066-81e0-ee860386d25a",
            "0fbb9269-0107-4718-9483-c47905266b4d"
          ],
          "duration": 1821,
          "root": false,
          "rootEmpty": false,
          "_timeout": 2000
        }
      ],
      "passes": [],
      "failures": [],
      "pending": [],
      "skipped": [],
      "duration": 0,
      "root": true,
      "rootEmpty": true,
      "_timeout": 2000
    }
  ],
  "meta": {
    "mocha": {
      "version": "7.0.1"
    },
    "mochawesome": {
      "options": {
        "quiet": false,
        "reportFilename": "mochawesome",
        "saveHtml": false,
        "saveJson": true,
        "consoleReporter": "spec",
        "useInlineDiffs": false,
        "code": true
      },
      "version": "7.1.3"
    },
    "marge": {
      "options": {
        "charts": true,
        "reportPageTitle": "custom-title",
        "embeddedScreenshots": true,
        "inlineAssets": true,
        "saveAllAttempts": false,
        "overwrite": false,
        "html": false,
        "json": true,
        "reportDir": "cypress/reports/html/.jsons"
      },
      "version": "6.2.0"
    }
  }
}