{
  "stats": {
    "suites": 4,
    "tests": 4,
    "passes": 0,
    "pending": 0,
    "failures": 4,
    "start": "2024-12-19T02:12:26.659Z",
    "end": "2024-12-19T02:12:31.501Z",
    "duration": 4842,
    "testsRegistered": 4,
    "passPercent": 0,
    "pendingPercent": 0,
    "other": 0,
    "hasOther": false,
    "skipped": 0,
    "hasSkipped": false
  },
  "results": [
    {
      "uuid": "6d1b98a7-27bf-41b6-ab40-25cef7826bb1",
      "title": "",
      "fullFile": "cypress/e2e/EROR_PAGE/error_page.cy.js",
      "file": "cypress/e2e/EROR_PAGE/error_page.cy.js",
      "beforeHooks": [],
      "afterHooks": [],
      "tests": [],
      "suites": [
        {
          "uuid": "ae69ea2c-1c82-4c15-8fd9-86efd36151fb",
          "title": "ERROR PAGE",
          "fullFile": "",
          "file": "",
          "beforeHooks": [],
          "afterHooks": [],
          "tests": [
            {
              "title": "harus bisa menampilkan halaman error ketika urlnya salah",
              "fullTitle": "ERROR PAGE harus bisa menampilkan halaman error ketika urlnya salah",
              "timedOut": null,
              "duration": 1627,
              "state": "failed",
              "speed": null,
              "pass": false,
              "fail": true,
              "pending": false,
              "context": "{\n  \"title\": \"cypress-mochawesome-reporter-screenshots\",\n  \"value\": [\n    [\n      \"/EROR_PAGE/error_page.cy.js/ERROR PAGE -- harus bisa menampilkan halaman error ketika urlnya salah -- before each hook (failed).png\"\n    ]\n  ]\n}",
              "code": "cy.visit('http://localhost:5173/admin/dashboard/sahd');",
              "err": {
                "message": "ReferenceError: The following error originated from your application code, not from Cypress.\n\n  > CreatedNewAsset is not defined\n\nWhen Cypress detects uncaught errors originating from your application it will automatically fail the current test.\n\nThis behavior is configurable, and you can choose to turn this off by listening to the `uncaught:exception` event.\n\nhttps://on.cypress.io/uncaught-exception-from-application\n\nBecause this error occurred during a `before each` hook we are skipping the remaining tests in the current suite: `ERROR PAGE`",
                "estack": "ReferenceError: The following error originated from your application code, not from Cypress.\n\n  > CreatedNewAsset is not defined\n\nWhen Cypress detects uncaught errors originating from your application it will automatically fail the current test.\n\nThis behavior is configurable, and you can choose to turn this off by listening to the `uncaught:exception` event.\n\nhttps://on.cypress.io/uncaught-exception-from-application\n\nBecause this error occurred during a `before each` hook we are skipping the remaining tests in the current suite: `ERROR PAGE`\n    at <unknown> (http://localhost:5173/src/routers/admin-routes.jsx:3237:34)",
                "diff": null
              },
              "uuid": "d8f3c804-0be8-401f-b137-7c3116bd3001",
              "parentUUID": "ae69ea2c-1c82-4c15-8fd9-86efd36151fb",
              "isHook": false,
              "skipped": false
            }
          ],
          "suites": [],
          "passes": [],
          "failures": [
            "d8f3c804-0be8-401f-b137-7c3116bd3001"
          ],
          "pending": [],
          "skipped": [],
          "duration": 1627,
          "root": false,
          "rootEmpty": false,
          "_timeout": 2000
        },
        {
          "uuid": "1177d036-2884-49ac-8113-5a46391ad34c",
          "title": "[ERROR PAGE] - Kembali ke halaman utama, dengan menekan tombol balik ke halaman utama",
          "fullFile": "",
          "file": "",
          "beforeHooks": [],
          "afterHooks": [],
          "tests": [
            {
              "title": "harus bisa kembali ke halaman utama ketika masuk ke error pa",
              "fullTitle": "[ERROR PAGE] - Kembali ke halaman utama, dengan menekan tombol balik ke halaman utama harus bisa kembali ke halaman utama ketika masuk ke error pa",
              "timedOut": null,
              "duration": 924,
              "state": "failed",
              "speed": null,
              "pass": false,
              "fail": true,
              "pending": false,
              "context": "{\n  \"title\": \"cypress-mochawesome-reporter-screenshots\",\n  \"value\": [\n    [\n      \"/EROR_PAGE/error_page.cy.js/[ERROR PAGE] - Kembali ke halaman utama, dengan menekan tombol balik ke halaman utama -- harus bisa kembali ke halaman utama ketika masuk ke error pa -- before each hook (failed).png\"\n    ]\n  ]\n}",
              "code": "cy.visit('http://localhost:5173/admin/dashboard/sahd');\ncy.get('.MuiButton-contained').click();",
              "err": {
                "message": "ReferenceError: The following error originated from your application code, not from Cypress.\n\n  > CreatedNewAsset is not defined\n\nWhen Cypress detects uncaught errors originating from your application it will automatically fail the current test.\n\nThis behavior is configurable, and you can choose to turn this off by listening to the `uncaught:exception` event.\n\nhttps://on.cypress.io/uncaught-exception-from-application\n\nBecause this error occurred during a `before each` hook we are skipping the remaining tests in the current suite: `[ERROR PAGE] - Kembali ke h...`",
                "estack": "ReferenceError: The following error originated from your application code, not from Cypress.\n\n  > CreatedNewAsset is not defined\n\nWhen Cypress detects uncaught errors originating from your application it will automatically fail the current test.\n\nThis behavior is configurable, and you can choose to turn this off by listening to the `uncaught:exception` event.\n\nhttps://on.cypress.io/uncaught-exception-from-application\n\nBecause this error occurred during a `before each` hook we are skipping the remaining tests in the current suite: `[ERROR PAGE] - Kembali ke h...`\n    at <unknown> (http://localhost:5173/src/routers/admin-routes.jsx:3237:34)",
                "diff": null
              },
              "uuid": "b1b8a762-3dd3-491f-8fcf-796446b00a54",
              "parentUUID": "1177d036-2884-49ac-8113-5a46391ad34c",
              "isHook": false,
              "skipped": false
            }
          ],
          "suites": [],
          "passes": [],
          "failures": [
            "b1b8a762-3dd3-491f-8fcf-796446b00a54"
          ],
          "pending": [],
          "skipped": [],
          "duration": 924,
          "root": false,
          "rootEmpty": false,
          "_timeout": 2000
        },
        {
          "uuid": "08864ffe-d8d2-40f4-8a6d-005e6c1b2136",
          "title": "[ERROR PAGE] - Kembali ke halaman utama, balik ke halaman sebelumnya",
          "fullFile": "",
          "file": "",
          "beforeHooks": [],
          "afterHooks": [],
          "tests": [
            {
              "title": "harus bisa kembali ke halaman utama ketika masuk ke error pa",
              "fullTitle": "[ERROR PAGE] - Kembali ke halaman utama, balik ke halaman sebelumnya harus bisa kembali ke halaman utama ketika masuk ke error pa",
              "timedOut": null,
              "duration": 824,
              "state": "failed",
              "speed": null,
              "pass": false,
              "fail": true,
              "pending": false,
              "context": "{\n  \"title\": \"cypress-mochawesome-reporter-screenshots\",\n  \"value\": [\n    [\n      \"/EROR_PAGE/error_page.cy.js/[ERROR PAGE] - Kembali ke halaman utama, balik ke halaman sebelumnya -- harus bisa kembali ke halaman utama ketika masuk ke error pa -- before each hook (failed).png\"\n    ]\n  ]\n}",
              "code": "cy.visit('http://localhost:5173/admin/dashboard/sahd');\ncy.get('.MuiButton-outlined').click();",
              "err": {
                "message": "ReferenceError: The following error originated from your application code, not from Cypress.\n\n  > CreatedNewAsset is not defined\n\nWhen Cypress detects uncaught errors originating from your application it will automatically fail the current test.\n\nThis behavior is configurable, and you can choose to turn this off by listening to the `uncaught:exception` event.\n\nhttps://on.cypress.io/uncaught-exception-from-application\n\nBecause this error occurred during a `before each` hook we are skipping the remaining tests in the current suite: `[ERROR PAGE] - Kembali ke h...`",
                "estack": "ReferenceError: The following error originated from your application code, not from Cypress.\n\n  > CreatedNewAsset is not defined\n\nWhen Cypress detects uncaught errors originating from your application it will automatically fail the current test.\n\nThis behavior is configurable, and you can choose to turn this off by listening to the `uncaught:exception` event.\n\nhttps://on.cypress.io/uncaught-exception-from-application\n\nBecause this error occurred during a `before each` hook we are skipping the remaining tests in the current suite: `[ERROR PAGE] - Kembali ke h...`\n    at <unknown> (http://localhost:5173/src/routers/admin-routes.jsx:3237:34)",
                "diff": null
              },
              "uuid": "e78f4abb-de16-4efd-881d-12597b0ef966",
              "parentUUID": "08864ffe-d8d2-40f4-8a6d-005e6c1b2136",
              "isHook": false,
              "skipped": false
            }
          ],
          "suites": [],
          "passes": [],
          "failures": [
            "e78f4abb-de16-4efd-881d-12597b0ef966"
          ],
          "pending": [],
          "skipped": [],
          "duration": 824,
          "root": false,
          "rootEmpty": false,
          "_timeout": 2000
        },
        {
          "uuid": "16e3de7b-ef82-49be-9a39-d1e15cad3f83",
          "title": "[ERROR PAGE] - Dengan menekan tombol back pada browser",
          "fullFile": "",
          "file": "",
          "beforeHooks": [],
          "afterHooks": [],
          "tests": [
            {
              "title": "harus bisa kembali ke halaman utama ketika masuk ke error pa",
              "fullTitle": "[ERROR PAGE] - Dengan menekan tombol back pada browser harus bisa kembali ke halaman utama ketika masuk ke error pa",
              "timedOut": null,
              "duration": 804,
              "state": "failed",
              "speed": null,
              "pass": false,
              "fail": true,
              "pending": false,
              "context": "{\n  \"title\": \"cypress-mochawesome-reporter-screenshots\",\n  \"value\": [\n    [\n      \"/EROR_PAGE/error_page.cy.js/[ERROR PAGE] - Dengan menekan tombol back pada browser -- harus bisa kembali ke halaman utama ketika masuk ke error pa -- before each hook (failed).png\"\n    ]\n  ]\n}",
              "code": "cy.visit('http://localhost:5173/admin/dashboard/sahd');\ncy.go('back'); // Atau gunakan cy.go(-1)",
              "err": {
                "message": "ReferenceError: The following error originated from your application code, not from Cypress.\n\n  > CreatedNewAsset is not defined\n\nWhen Cypress detects uncaught errors originating from your application it will automatically fail the current test.\n\nThis behavior is configurable, and you can choose to turn this off by listening to the `uncaught:exception` event.\n\nhttps://on.cypress.io/uncaught-exception-from-application\n\nBecause this error occurred during a `before each` hook we are skipping the remaining tests in the current suite: `[ERROR PAGE] - Dengan menek...`",
                "estack": "ReferenceError: The following error originated from your application code, not from Cypress.\n\n  > CreatedNewAsset is not defined\n\nWhen Cypress detects uncaught errors originating from your application it will automatically fail the current test.\n\nThis behavior is configurable, and you can choose to turn this off by listening to the `uncaught:exception` event.\n\nhttps://on.cypress.io/uncaught-exception-from-application\n\nBecause this error occurred during a `before each` hook we are skipping the remaining tests in the current suite: `[ERROR PAGE] - Dengan menek...`\n    at <unknown> (http://localhost:5173/src/routers/admin-routes.jsx:3237:34)",
                "diff": null
              },
              "uuid": "c94f4c41-320e-49b4-bf23-2312c4d49c21",
              "parentUUID": "16e3de7b-ef82-49be-9a39-d1e15cad3f83",
              "isHook": false,
              "skipped": false
            }
          ],
          "suites": [],
          "passes": [],
          "failures": [
            "c94f4c41-320e-49b4-bf23-2312c4d49c21"
          ],
          "pending": [],
          "skipped": [],
          "duration": 804,
          "root": false,
          "rootEmpty": false,
          "_timeout": 2000
        }
      ],
      "passes": [],
      "failures": [],
      "pending": [],
      "skipped": [],
      "duration": 0,
      "root": true,
      "rootEmpty": true,
      "_timeout": 2000
    }
  ],
  "meta": {
    "mocha": {
      "version": "7.0.1"
    },
    "mochawesome": {
      "options": {
        "quiet": false,
        "reportFilename": "mochawesome",
        "saveHtml": false,
        "saveJson": true,
        "consoleReporter": "spec",
        "useInlineDiffs": false,
        "code": true
      },
      "version": "7.1.3"
    },
    "marge": {
      "options": {
        "charts": true,
        "reportPageTitle": "custom-title",
        "embeddedScreenshots": true,
        "inlineAssets": true,
        "saveAllAttempts": false,
        "overwrite": false,
        "html": false,
        "json": true,
        "reportDir": "cypress/reports/html/.jsons"
      },
      "version": "6.2.0"
    }
  }
}