{
  "stats": {
    "suites": 1,
    "tests": 1,
    "passes": 0,
    "pending": 0,
    "failures": 1,
    "start": "2024-12-19T02:12:47.253Z",
    "end": "2024-12-19T02:12:49.315Z",
    "duration": 2062,
    "testsRegistered": 1,
    "passPercent": 0,
    "pendingPercent": 0,
    "other": 0,
    "hasOther": false,
    "skipped": 0,
    "hasSkipped": false
  },
  "results": [
    {
      "uuid": "4d8a7716-0fb5-45f3-bf95-db8d704e3f22",
      "title": "",
      "fullFile": "cypress/e2e/PENGATURAN/PENGATURAN_perusahaan.cy.js",
      "file": "cypress/e2e/PENGATURAN/PENGATURAN_perusahaan.cy.js",
      "beforeHooks": [],
      "afterHooks": [],
      "tests": [],
      "suites": [
        {
          "uuid": "8c7c269d-f5b7-48b6-9d50-dd03cc40e908",
          "title": "[PENGATURAN-PERUSAHAAN] - Membuka halaman Pengaturan Perusahaan dan melihat kesesuaian dengan design yang ada",
          "fullFile": "",
          "file": "",
          "beforeHooks": [],
          "afterHooks": [],
          "tests": [
            {
              "title": "Chek kesesuainan halaman Pengaturan Perusahaan dengan design yang ada",
              "fullTitle": "[PENGATURAN-PERUSAHAAN] - Membuka halaman Pengaturan Perusahaan dan melihat kesesuaian dengan design yang ada Chek kesesuainan halaman Pengaturan Perusahaan dengan design yang ada",
              "timedOut": null,
              "duration": 1715,
              "state": "failed",
              "speed": null,
              "pass": false,
              "fail": true,
              "pending": false,
              "context": "{\n  \"title\": \"cypress-mochawesome-reporter-screenshots\",\n  \"value\": [\n    [\n      \"/PENGATURAN/PENGATURAN_perusahaan.cy.js/[PENGATURAN-PERUSAHAAN] - Membuka halaman Pengaturan Perusahaan dan melihat kesesuaian dengan design yang ada -- Chek kesesuainan halaman Pengaturan Perusahaan dengan design yang ada -- before each hook (failed).png\"\n    ]\n  ]\n}",
              "code": "cy.get('[data-cy=\"submenu-item-company-setting\"] > [data-cy=\"list-item-button-sub-menu-setting\"]').click();\ncy.get('[data-cy=\"company-name-header-setting-company\"]').should('be.visible').and('contain', 'Nama Perusahaan');\ncy.get('[data-cy=\"office-phone-header-setting-company\"]').should('be.visible').and('contain', 'No Telp Kantor');\ncy.get('[data-cy=\"office-email-header-setting-company\"]').should('be.visible').and('contain', 'Email Kantor');\ncy.get('[data-cy=\"office-address-header-setting-company\"]').should('be.visible').and('contain', 'Alamat Kantor');\ncy.get('[data-cy=\"industry-header-setting-company\"]').should('be.visible').and('contain', 'Industri');\ncy.get('[data-cy=\"company-size-header-setting-company\"]').should('be.visible').and('contain', 'Ukuran Perusahaan');\ncy.get('[data-cy=\"company-logo-header-setting-company\"]').should('be.visible').and('contain', 'Logo Perusahaan');\ncy.get('[data-cy=\"billing-address-header-setting-company\"]').should('be.visible').and('contain', 'Alamat Penagihan');\ncy.get('[data-cy=\"shipping-address-header-setting-company\"]').should('be.visible').and('contain', 'Alamat Pengiriman');\ncy.get('[data-cy=\"npwp-header-setting-company\"]').should('be.visible').and('contain', 'NPWP');",
              "err": {
                "message": "ReferenceError: The following error originated from your application code, not from Cypress.\n\n  > CreatedNewAsset is not defined\n\nWhen Cypress detects uncaught errors originating from your application it will automatically fail the current test.\n\nThis behavior is configurable, and you can choose to turn this off by listening to the `uncaught:exception` event.\n\nhttps://on.cypress.io/uncaught-exception-from-application\n\nBecause this error occurred during a `before each` hook we are skipping the remaining tests in the current suite: `[PENGATURAN-PERUSAHAAN] - M...`",
                "estack": "ReferenceError: The following error originated from your application code, not from Cypress.\n\n  > CreatedNewAsset is not defined\n\nWhen Cypress detects uncaught errors originating from your application it will automatically fail the current test.\n\nThis behavior is configurable, and you can choose to turn this off by listening to the `uncaught:exception` event.\n\nhttps://on.cypress.io/uncaught-exception-from-application\n\nBecause this error occurred during a `before each` hook we are skipping the remaining tests in the current suite: `[PENGATURAN-PERUSAHAAN] - M...`\n    at <unknown> (http://localhost:5173/src/routers/admin-routes.jsx:3237:34)",
                "diff": null
              },
              "uuid": "9d6dbb84-42d8-41e4-a668-046fc61fa2ef",
              "parentUUID": "8c7c269d-f5b7-48b6-9d50-dd03cc40e908",
              "isHook": false,
              "skipped": false
            }
          ],
          "suites": [],
          "passes": [],
          "failures": [
            "9d6dbb84-42d8-41e4-a668-046fc61fa2ef"
          ],
          "pending": [],
          "skipped": [],
          "duration": 1715,
          "root": false,
          "rootEmpty": false,
          "_timeout": 2000
        }
      ],
      "passes": [],
      "failures": [],
      "pending": [],
      "skipped": [],
      "duration": 0,
      "root": true,
      "rootEmpty": true,
      "_timeout": 2000
    }
  ],
  "meta": {
    "mocha": {
      "version": "7.0.1"
    },
    "mochawesome": {
      "options": {
        "quiet": false,
        "reportFilename": "mochawesome",
        "saveHtml": false,
        "saveJson": true,
        "consoleReporter": "spec",
        "useInlineDiffs": false,
        "code": true
      },
      "version": "7.1.3"
    },
    "marge": {
      "options": {
        "charts": true,
        "reportPageTitle": "custom-title",
        "embeddedScreenshots": true,
        "inlineAssets": true,
        "saveAllAttempts": false,
        "overwrite": false,
        "html": false,
        "json": true,
        "reportDir": "cypress/reports/html/.jsons"
      },
      "version": "6.2.0"
    }
  }
}