{
  "stats": {
    "suites": 1,
    "tests": 1,
    "passes": 0,
    "pending": 0,
    "failures": 1,
    "start": "2024-12-19T02:12:44.265Z",
    "end": "2024-12-19T02:12:46.268Z",
    "duration": 2003,
    "testsRegistered": 16,
    "passPercent": 0,
    "pendingPercent": 0,
    "other": 0,
    "hasOther": false,
    "skipped": 15,
    "hasSkipped": true
  },
  "results": [
    {
      "uuid": "b6bce4a0-02e6-4e21-8b12-6614d399fb94",
      "title": "",
      "fullFile": "cypress/e2e/PENGATURAN/PENGATURAN_pengguna.cy.js",
      "file": "cypress/e2e/PENGATURAN/PENGATURAN_pengguna.cy.js",
      "beforeHooks": [],
      "afterHooks": [],
      "tests": [],
      "suites": [
        {
          "uuid": "8a704633-bf81-47ad-b07b-8f8379628f3a",
          "title": "[PENGATURAN-PENGGUNA]",
          "fullFile": "",
          "file": "",
          "beforeHooks": [],
          "afterHooks": [],
          "tests": [
            {
              "title": "[PENGATURAN-PENGGUNA] - Harus bisa membuka modal tambah pengguna dan mengecek kesesuaian designnya",
              "fullTitle": "[PENGATURAN-PENGGUNA] [PENGATURAN-PENGGUNA] - Harus bisa membuka modal tambah pengguna dan mengecek kesesuaian designnya",
              "timedOut": null,
              "duration": 1580,
              "state": "failed",
              "speed": null,
              "pass": false,
              "fail": true,
              "pending": false,
              "context": "{\n  \"title\": \"cypress-mochawesome-reporter-screenshots\",\n  \"value\": [\n    [\n      \"/PENGATURAN/PENGATURAN_pengguna.cy.js/[PENGATURAN-PENGGUNA] -- [PENGATURAN-PENGGUNA] - Harus bisa membuka modal tambah pengguna dan mengecek kesesuaian designnya -- before each hook (failed).png\"\n    ]\n  ]\n}",
              "code": "cy.get('.MuiStack-root > .MuiButtonBase-root').should('be.visible').click();\ncy.get(':nth-child(1) > .MuiFormLabel-root').should('be.visible').and('contain', 'Nama Pengguna');\ncy.get(':nth-child(3) > .MuiFormLabel-root').should('be.visible').and('contain', 'Keterangan');\ncy.get('form > .MuiTable-root > .MuiTableHead-root > .MuiTableRow-root > :nth-child(1)').should('be.visible').and('contain', 'Fitur');\ncy.get('form > .MuiTable-root > .MuiTableHead-root > .MuiTableRow-root > :nth-child(2)').should('be.visible').and('contain', 'Buat');\ncy.get('form > .MuiTable-root > .MuiTableHead-root > .MuiTableRow-root > :nth-child(3)').should('be.visible').and('contain', 'Lihat');\ncy.get('form > .MuiTable-root > .MuiTableHead-root > .MuiTableRow-root > :nth-child(4)').should('be.visible').and('contain', 'Ubah');\ncy.get('form > .MuiTable-root > .MuiTableHead-root > .MuiTableRow-root > :nth-child(5)').should('be.visible').and('contain', 'Hapus');\ncy.get('th.MuiTableCell-root span.MuiCheckbox-root input[type=\"checkbox\"]').check();\ncy.get('.MuiButton-containedDefault').scrollIntoView().should('be.visible').and('contain', 'Batalkan');\ncy.get('form > .MuiStack-root > .MuiButton-containedPrimary').scrollIntoView().should('be.visible').and('contain', 'Buat Pengguna');",
              "err": {
                "message": "ReferenceError: The following error originated from your application code, not from Cypress.\n\n  > CreatedNewAsset is not defined\n\nWhen Cypress detects uncaught errors originating from your application it will automatically fail the current test.\n\nThis behavior is configurable, and you can choose to turn this off by listening to the `uncaught:exception` event.\n\nhttps://on.cypress.io/uncaught-exception-from-application\n\nBecause this error occurred during a `before each` hook we are skipping the remaining tests in the current suite: `[PENGATURAN-PENGGUNA]`",
                "estack": "ReferenceError: The following error originated from your application code, not from Cypress.\n\n  > CreatedNewAsset is not defined\n\nWhen Cypress detects uncaught errors originating from your application it will automatically fail the current test.\n\nThis behavior is configurable, and you can choose to turn this off by listening to the `uncaught:exception` event.\n\nhttps://on.cypress.io/uncaught-exception-from-application\n\nBecause this error occurred during a `before each` hook we are skipping the remaining tests in the current suite: `[PENGATURAN-PENGGUNA]`\n    at <unknown> (http://localhost:5173/src/routers/admin-routes.jsx:3237:34)",
                "diff": null
              },
              "uuid": "90514178-aacf-4322-a24f-d1bf47351814",
              "parentUUID": "8a704633-bf81-47ad-b07b-8f8379628f3a",
              "isHook": false,
              "skipped": false
            },
            {
              "title": "[PENGATURAN-PENGGUNA] - Harus bisa menutup modal dengan menekan button close pada modal",
              "fullTitle": "[PENGATURAN-PENGGUNA] [PENGATURAN-PENGGUNA] - Harus bisa menutup modal dengan menekan button close pada modal",
              "timedOut": null,
              "duration": 0,
              "state": "skipped",
              "speed": null,
              "pass": false,
              "fail": false,
              "pending": false,
              "context": null,
              "code": "cy.get('.MuiStack-root > .MuiButtonBase-root').should('be.visible').click();\ncy.get('.css-1j72te2 > .MuiButtonBase-root').click();",
              "err": {},
              "uuid": "b88b056e-5887-4b64-ad20-e16e5a9e58cd",
              "parentUUID": "8a704633-bf81-47ad-b07b-8f8379628f3a",
              "isHook": false,
              "skipped": true
            },
            {
              "title": "[PENGATURAN-PENGGUNA] - Harus bisa menutup modal dengan menekan button close pada modal",
              "fullTitle": "[PENGATURAN-PENGGUNA] [PENGATURAN-PENGGUNA] - Harus bisa menutup modal dengan menekan button close pada modal",
              "timedOut": null,
              "duration": 0,
              "state": "skipped",
              "speed": null,
              "pass": false,
              "fail": false,
              "pending": false,
              "context": null,
              "code": "cy.get('.MuiStack-root > .MuiButtonBase-root').should('be.visible').click();\ncy.get('.MuiButton-containedDefault').scrollIntoView().click();",
              "err": {},
              "uuid": "9a6bd661-aa00-42c2-a6cc-ff507b88ffba",
              "parentUUID": "8a704633-bf81-47ad-b07b-8f8379628f3a",
              "isHook": false,
              "skipped": true
            },
            {
              "title": "[PENGATURAN-PENGGUNA] - Harus memunculkan warding error pada field yang tidak di isi",
              "fullTitle": "[PENGATURAN-PENGGUNA] [PENGATURAN-PENGGUNA] - Harus memunculkan warding error pada field yang tidak di isi",
              "timedOut": null,
              "duration": 0,
              "state": "skipped",
              "speed": null,
              "pass": false,
              "fail": false,
              "pending": false,
              "context": null,
              "code": "cy.get('.MuiStack-root > .MuiButtonBase-root').should('be.visible').click();\ncy.get('form > .MuiStack-root > .MuiButton-containedPrimary').scrollIntoView().should('be.visible').and('contain', 'Buat Pengguna').click();\ncy.contains('p', 'Nama Pengguna is required') // Cari elemen <p> dengan teks spesifik\n.scrollIntoView().should('be.visible');\ncy.contains('p', 'Keterangan is required') // Cari elemen <p> dengan teks spesifik\n.scrollIntoView().should('be.visible');",
              "err": {},
              "uuid": "7e9c5f3d-f756-42df-8fd1-641b27900ea6",
              "parentUUID": "8a704633-bf81-47ad-b07b-8f8379628f3a",
              "isHook": false,
              "skipped": true
            },
            {
              "title": "[PENGATURAN-PENGGUNA] - Harus memunculkan warding error pada nama pengguna yang tidak di isi",
              "fullTitle": "[PENGATURAN-PENGGUNA] [PENGATURAN-PENGGUNA] - Harus memunculkan warding error pada nama pengguna yang tidak di isi",
              "timedOut": null,
              "duration": 0,
              "state": "skipped",
              "speed": null,
              "pass": false,
              "fail": false,
              "pending": false,
              "context": null,
              "code": "cy.get('.MuiStack-root > .MuiButtonBase-root').should('be.visible').click();\ncy.get('[name=\"access_description\"').type('hak aksess owner');\ncy.get('form > .MuiStack-root > .MuiButton-containedPrimary').scrollIntoView().should('be.visible').and('contain', 'Buat Pengguna').click();\ncy.get('[class=\"MuiFormHelperText-root Mui-error MuiFormHelperText-sizeMedium MuiFormHelperText-contained css-er619e-MuiFormHelperText-root\"]').scrollIntoView().should('be.visible').and('contain', 'Nama Pengguna is required');",
              "err": {},
              "uuid": "a02b92e9-acb4-4841-8c2a-682cc4ed2fee",
              "parentUUID": "8a704633-bf81-47ad-b07b-8f8379628f3a",
              "isHook": false,
              "skipped": true
            },
            {
              "title": "[PENGATURAN-PENGGUNA] - Harus memunculkan warding error pada keterangan field yang tidak di isi",
              "fullTitle": "[PENGATURAN-PENGGUNA] [PENGATURAN-PENGGUNA] - Harus memunculkan warding error pada keterangan field yang tidak di isi",
              "timedOut": null,
              "duration": 0,
              "state": "skipped",
              "speed": null,
              "pass": false,
              "fail": false,
              "pending": false,
              "context": null,
              "code": "cy.get('.MuiStack-root > .MuiButtonBase-root').should('be.visible').click();\ncy.get('form > .MuiStack-root > .MuiButton-containedPrimary').scrollIntoView().should('be.visible').and('contain', 'Buat Pengguna').click();\ncy.get('[name=\"access_name\"').type('owner');\ncy.get('[class=\"MuiFormHelperText-root Mui-error MuiFormHelperText-sizeMedium MuiFormHelperText-contained css-er619e-MuiFormHelperText-root\"]').scrollIntoView().should('be.visible').and('contain', 'Keterangan is required');",
              "err": {},
              "uuid": "ab1878d4-dceb-4b4d-9266-eb72056781f9",
              "parentUUID": "8a704633-bf81-47ad-b07b-8f8379628f3a",
              "isHook": false,
              "skipped": true
            },
            {
              "title": "[PENGATURAN-PENGGUNA] - Harus berhasil menambahkan hak akses ketika memasukkan semua field yg ada",
              "fullTitle": "[PENGATURAN-PENGGUNA] [PENGATURAN-PENGGUNA] - Harus berhasil menambahkan hak akses ketika memasukkan semua field yg ada",
              "timedOut": null,
              "duration": 0,
              "state": "skipped",
              "speed": null,
              "pass": false,
              "fail": false,
              "pending": false,
              "context": null,
              "code": "cy.get('.MuiStack-root > .MuiButtonBase-root').should('be.visible').click();\ncy.get('[name=\"access_name\"]').type('owner');\ncy.get('[name=\"access_description\"]').type('hak akses owner');\ncy.get('form > .MuiStack-root > .MuiButton-containedPrimary').scrollIntoView().should('be.visible').and('contain', 'Buat Pengguna');\ncy.get('th.MuiTableCell-root span.MuiCheckbox-root input[type=\"checkbox\"]').check();\ncy.get('form > .MuiStack-root > .MuiButton-containedPrimary').click();",
              "err": {},
              "uuid": "6ad66248-d17d-4159-a7d3-85daa8a5207a",
              "parentUUID": "8a704633-bf81-47ad-b07b-8f8379628f3a",
              "isHook": false,
              "skipped": true
            },
            {
              "title": "[PENGATURAN-PENGGUNA] -  Harus bisa mengaktifkan toogle hak akses yang sesuai dengan yang dipilih",
              "fullTitle": "[PENGATURAN-PENGGUNA] [PENGATURAN-PENGGUNA] -  Harus bisa mengaktifkan toogle hak akses yang sesuai dengan yang dipilih",
              "timedOut": null,
              "duration": 0,
              "state": "skipped",
              "speed": null,
              "pass": false,
              "fail": false,
              "pending": false,
              "context": null,
              "code": "cy.get(':nth-child(1) > :nth-child(3) > .MuiSwitch-root > .MuiButtonBase-root > .PrivateSwitchBase-input').click();\ncy.get('.MuiAlert-message').should('be.visible').and('contain', 'Berhasil Ubah Status Pengguna');",
              "err": {},
              "uuid": "576cb215-14f5-43d3-b779-7cbb236354d2",
              "parentUUID": "8a704633-bf81-47ad-b07b-8f8379628f3a",
              "isHook": false,
              "skipped": true
            },
            {
              "title": "[PENGATURAN-PENGGUNA] -  Harus bisa mengnonaktifkan toogle hak akses yang sesuai dengan yang dipilih",
              "fullTitle": "[PENGATURAN-PENGGUNA] [PENGATURAN-PENGGUNA] -  Harus bisa mengnonaktifkan toogle hak akses yang sesuai dengan yang dipilih",
              "timedOut": null,
              "duration": 0,
              "state": "skipped",
              "speed": null,
              "pass": false,
              "fail": false,
              "pending": false,
              "context": null,
              "code": "cy.get(':nth-child(1) > :nth-child(3) > .MuiSwitch-root > .MuiButtonBase-root > .PrivateSwitchBase-input').click();\ncy.get('.MuiAlert-message').should('be.visible').and('contain', 'Berhasil Ubah Status Pengguna');",
              "err": {},
              "uuid": "abe9a72e-035a-4b0b-b50b-fafc7d89d8d1",
              "parentUUID": "8a704633-bf81-47ad-b07b-8f8379628f3a",
              "isHook": false,
              "skipped": true
            },
            {
              "title": "[PENGATURAN-PENGGUNA] -  Harus berhasil edit hak akses yang dipilih",
              "fullTitle": "[PENGATURAN-PENGGUNA] [PENGATURAN-PENGGUNA] -  Harus berhasil edit hak akses yang dipilih",
              "timedOut": null,
              "duration": 0,
              "state": "skipped",
              "speed": null,
              "pass": false,
              "fail": false,
              "pending": false,
              "context": null,
              "code": "cy.get(':nth-child(1) > :nth-child(4) > #long-button > [data-testid=\"MoreVertIcon\"]').should('be.visible').click();\ncy.get('.MuiList-root').contains('Ubah') // Cari elemen dengan teks \"Ubah\"\n.click();\ncy.get('[name=\"access_name\"]').clear().type('admin');\ncy.get('[name=\"access_description\"]').clear().type('hak akses admin');\ncy.get('th.MuiTableCell-root span.MuiCheckbox-root input[type=\"checkbox\"]').uncheck();\ncy.get('form > .MuiStack-root > .MuiButton-containedPrimary').scrollIntoView().should('be.visible').click();",
              "err": {},
              "uuid": "fedbefd9-c14b-4513-a9e3-8867672eb9b6",
              "parentUUID": "8a704633-bf81-47ad-b07b-8f8379628f3a",
              "isHook": false,
              "skipped": true
            },
            {
              "title": "[PENGATURAN-PENGGUNA] - Harus gagal edit hak akses yang dipilih, karena server error 500",
              "fullTitle": "[PENGATURAN-PENGGUNA] [PENGATURAN-PENGGUNA] - Harus gagal edit hak akses yang dipilih, karena server error 500",
              "timedOut": null,
              "duration": 0,
              "state": "skipped",
              "speed": null,
              "pass": false,
              "fail": false,
              "pending": false,
              "context": null,
              "code": "// Intercept request PATCH untuk edit hak akses\ncy.intercept('PATCH', 'https://api-cashflow.assist.id/api/setting-accesses/*', {\n  statusCode: 500,\n  // Mengatur agar responsnya adalah 500 (server error)\n  body: {\n    message: 'Request failed with status code 500'\n  } // Contoh pesan error dari server\n}).as('editAccess');\n// Melakukan aksi untuk mengedit hak akses\ncy.get(':nth-child(1) > :nth-child(4) > #long-button > [data-testid=\"MoreVertIcon\"]').should('be.visible').click();\ncy.get('.MuiList-root').contains('Ubah') // Cari elemen dengan teks \"Ubah\"\n.click();\ncy.get('[name=\"access_name\"]').clear().type('admin');\ncy.get('[name=\"access_description\"]').clear().type('hak akses admin');\n// Uncheck checkbox\ncy.get('th.MuiTableCell-root span.MuiCheckbox-root input[type=\"checkbox\"]').uncheck();\n// Klik tombol untuk submit form\ncy.get('form > .MuiStack-root > .MuiButton-containedPrimary').scrollIntoView().should('be.visible').click();\n// Tunggu request PATCH dan verifikasi status 500\ncy.wait('@editAccess').then(interception => {\n  if (interception.response.statusCode === 500) {\n    cy.log('Edit gagal: Server error 500');\n    // Verifikasi UI error atau tindakan lain\n    cy.get('.MuiAlert-message') // Misalnya elemen yang menunjukkan error di UI\n    .should('be.visible').and('contain', 'Request failed with status code 500');\n  } else {\n    cy.log('Edit berhasil');\n  }\n});",
              "err": {},
              "uuid": "551e3e2b-aa4c-4e76-8609-390452985a4d",
              "parentUUID": "8a704633-bf81-47ad-b07b-8f8379628f3a",
              "isHook": false,
              "skipped": true
            },
            {
              "title": "[PENGATURAN-PENGGUNA] - Harus gagal edit hak akses yang dipilih, karena id kosong",
              "fullTitle": "[PENGATURAN-PENGGUNA] [PENGATURAN-PENGGUNA] - Harus gagal edit hak akses yang dipilih, karena id kosong",
              "timedOut": null,
              "duration": 0,
              "state": "skipped",
              "speed": null,
              "pass": false,
              "fail": false,
              "pending": false,
              "context": null,
              "code": "// Intercept request PATCH untuk edit hak akses dan mensimulasikan ID kosong\ncy.intercept('PATCH', 'https://api-cashflow.assist.id/api/setting-accesses/*', req => {\n  // Memodifikasi payload request jika ID kosong\n  const modifiedRequestBody = _objectSpread(_objectSpread({}, req.body), {}, {\n    id: ''\n  }); // Mengosongkan ID\n  req.body = modifiedRequestBody;\n  // Menanggapi dengan status 500 jika ID kosong\n  if (req.body.id === '') {\n    req.reply({\n      statusCode: 500 // Mengatur agar responsnya adalah 500 (server error)\n      // body: { message: 'Request failed with status code 500' }, // Pesan error server\n    });\n  } else {\n    req.reply(); // Jika ID valid, lanjutkan normal\n  }\n}).as('editAccess');\n// Melakukan aksi untuk mengedit hak akses\ncy.get(':nth-child(1) > :nth-child(4) > #long-button > [data-testid=\"MoreVertIcon\"]').should('be.visible').click();\ncy.get('.MuiList-root').contains('Ubah') // Cari elemen dengan teks \"Ubah\"\n.click();\ncy.get('[name=\"access_name\"]').clear().type('admin');\ncy.get('[name=\"access_description\"]').clear().type('hak akses admin');\n// Uncheck checkbox\ncy.get('th.MuiTableCell-root span.MuiCheckbox-root input[type=\"checkbox\"]').uncheck();\n// Klik tombol untuk submit form\ncy.get('form > .MuiStack-root > .MuiButton-containedPrimary').scrollIntoView().should('be.visible').and('contain', 'Edit Pengguna').click();\n// Tunggu request PATCH dan verifikasi status 500\ncy.wait('@editAccess').then(interception => {\n  if (interception.response.statusCode === 500) {\n    cy.log('Edit gagal: Server error 500');\n    // Verifikasi UI error atau tindakan lain\n    cy.get('.MuiAlert-message') // Misalnya elemen yang menunjukkan error di UI\n    .should('be.visible').and('contain', 'Request failed with status code 500');\n  } else {\n    cy.log('Edit berhasil');\n  }\n});",
              "err": {},
              "uuid": "d5dcf5d3-74b6-4447-9af1-01161504bf61",
              "parentUUID": "8a704633-bf81-47ad-b07b-8f8379628f3a",
              "isHook": false,
              "skipped": true
            },
            {
              "title": "[PENGATURAN-PENGGUNA] - Harus berhasil menghapus hak akses yang dipilih",
              "fullTitle": "[PENGATURAN-PENGGUNA] [PENGATURAN-PENGGUNA] - Harus berhasil menghapus hak akses yang dipilih",
              "timedOut": null,
              "duration": 0,
              "state": "skipped",
              "speed": null,
              "pass": false,
              "fail": false,
              "pending": false,
              "context": null,
              "code": "cy.get(':nth-child(1) > :nth-child(4) > #long-button > [data-testid=\"MoreVertIcon\"]').should('be.visible').click();\ncy.get('.css-1vg9tid-MuiButtonBase-root-MuiMenuItem-root').click();",
              "err": {},
              "uuid": "72cf360b-742d-4dca-b5f5-2595b139c097",
              "parentUUID": "8a704633-bf81-47ad-b07b-8f8379628f3a",
              "isHook": false,
              "skipped": true
            },
            {
              "title": "[PENGATURAN-PENGGUNA] - Harus berhasil menambahkan hak akses sebanyak 15 kali ketika memasukkan semua field yang ada",
              "fullTitle": "[PENGATURAN-PENGGUNA] [PENGATURAN-PENGGUNA] - Harus berhasil menambahkan hak akses sebanyak 15 kali ketika memasukkan semua field yang ada",
              "timedOut": null,
              "duration": 0,
              "state": "skipped",
              "speed": null,
              "pass": false,
              "fail": false,
              "pending": false,
              "context": null,
              "code": "for (let i = 0; i < 15; i++) {\n  cy.get('.MuiStack-root > .MuiButtonBase-root').first() // Menambahkan .first() untuk klik elemen pertama\n  .should('be.visible').click();\n  cy.get('[name=\"access_name\"]').type(`owner ${i}`);\n  cy.get('[name=\"access_description\"]').type(`hak akses owner ${i}`);\n  cy.get('form > .MuiStack-root > .MuiButton-containedPrimary').scrollIntoView().should('be.visible').and('contain', 'Buat Pengguna');\n  cy.get('th.MuiTableCell-root span.MuiCheckbox-root input[type=\"checkbox\"]').check();\n  cy.get('form > .MuiStack-root > .MuiButton-containedPrimary').click();\n}",
              "err": {},
              "uuid": "1af10a7d-dcfb-48f1-ac90-32a5e960c8fd",
              "parentUUID": "8a704633-bf81-47ad-b07b-8f8379628f3a",
              "isHook": false,
              "skipped": true
            },
            {
              "title": "[PENGATURAN-PENGGUNA] -  Harus berhasil next page, dan menampilkan data yang benar",
              "fullTitle": "[PENGATURAN-PENGGUNA] [PENGATURAN-PENGGUNA] -  Harus berhasil next page, dan menampilkan data yang benar",
              "timedOut": null,
              "duration": 0,
              "state": "skipped",
              "speed": null,
              "pass": false,
              "fail": false,
              "pending": false,
              "context": null,
              "code": "cy.get('.MuiPagination-ul > :nth-child(4) > .MuiButtonBase-root').click();",
              "err": {},
              "uuid": "9ca928cf-47c7-49d0-a205-9e1baf6e4bd7",
              "parentUUID": "8a704633-bf81-47ad-b07b-8f8379628f3a",
              "isHook": false,
              "skipped": true
            },
            {
              "title": "[PENGATURAN-PENGGUNA] -  Harus berhasil prev page, dan menampilkan data yang benar",
              "fullTitle": "[PENGATURAN-PENGGUNA] [PENGATURAN-PENGGUNA] -  Harus berhasil prev page, dan menampilkan data yang benar",
              "timedOut": null,
              "duration": 0,
              "state": "skipped",
              "speed": null,
              "pass": false,
              "fail": false,
              "pending": false,
              "context": null,
              "code": "cy.get('.MuiPagination-ul > :nth-child(1)').click();",
              "err": {},
              "uuid": "69422c26-5cef-43f0-b1d3-54a06124c3da",
              "parentUUID": "8a704633-bf81-47ad-b07b-8f8379628f3a",
              "isHook": false,
              "skipped": true
            }
          ],
          "suites": [],
          "passes": [],
          "failures": [
            "90514178-aacf-4322-a24f-d1bf47351814"
          ],
          "pending": [],
          "skipped": [
            "b88b056e-5887-4b64-ad20-e16e5a9e58cd",
            "9a6bd661-aa00-42c2-a6cc-ff507b88ffba",
            "7e9c5f3d-f756-42df-8fd1-641b27900ea6",
            "a02b92e9-acb4-4841-8c2a-682cc4ed2fee",
            "ab1878d4-dceb-4b4d-9266-eb72056781f9",
            "6ad66248-d17d-4159-a7d3-85daa8a5207a",
            "576cb215-14f5-43d3-b779-7cbb236354d2",
            "abe9a72e-035a-4b0b-b50b-fafc7d89d8d1",
            "fedbefd9-c14b-4513-a9e3-8867672eb9b6",
            "551e3e2b-aa4c-4e76-8609-390452985a4d",
            "d5dcf5d3-74b6-4447-9af1-01161504bf61",
            "72cf360b-742d-4dca-b5f5-2595b139c097",
            "1af10a7d-dcfb-48f1-ac90-32a5e960c8fd",
            "9ca928cf-47c7-49d0-a205-9e1baf6e4bd7",
            "69422c26-5cef-43f0-b1d3-54a06124c3da"
          ],
          "duration": 1580,
          "root": false,
          "rootEmpty": false,
          "_timeout": 2000
        }
      ],
      "passes": [],
      "failures": [],
      "pending": [],
      "skipped": [],
      "duration": 0,
      "root": true,
      "rootEmpty": true,
      "_timeout": 2000
    }
  ],
  "meta": {
    "mocha": {
      "version": "7.0.1"
    },
    "mochawesome": {
      "options": {
        "quiet": false,
        "reportFilename": "mochawesome",
        "saveHtml": false,
        "saveJson": true,
        "consoleReporter": "spec",
        "useInlineDiffs": false,
        "code": true
      },
      "version": "7.1.3"
    },
    "marge": {
      "options": {
        "charts": true,
        "reportPageTitle": "custom-title",
        "embeddedScreenshots": true,
        "inlineAssets": true,
        "saveAllAttempts": false,
        "overwrite": false,
        "html": false,
        "json": true,
        "reportDir": "cypress/reports/html/.jsons"
      },
      "version": "6.2.0"
    }
  }
}