{
  "stats": {
    "suites": 1,
    "tests": 1,
    "passes": 0,
    "pending": 0,
    "failures": 1,
    "start": "2024-12-19T02:12:04.661Z",
    "end": "2024-12-19T02:12:06.362Z",
    "duration": 1701,
    "testsRegistered": 9,
    "passPercent": 0,
    "pendingPercent": 0,
    "other": 0,
    "hasOther": false,
    "skipped": 8,
    "hasSkipped": true
  },
  "results": [
    {
      "uuid": "4b7a00c4-0604-4780-89ff-d886eb680839",
      "title": "",
      "fullFile": "cypress/e2e/AIM/AIM-Login-email.cy.js",
      "file": "cypress/e2e/AIM/AIM-Login-email.cy.js",
      "beforeHooks": [],
      "afterHooks": [],
      "tests": [],
      "suites": [
        {
          "uuid": "0cccfe66-04e6-4708-a077-446a8419b588",
          "title": "AIM-LOGIN-EMAIL",
          "fullFile": "",
          "file": "",
          "beforeHooks": [],
          "afterHooks": [],
          "tests": [
            {
              "title": "harus memuat halaman login dan memeriksa kolom email dan password",
              "fullTitle": "AIM-LOGIN-EMAIL harus memuat halaman login dan memeriksa kolom email dan password",
              "timedOut": null,
              "duration": 1374,
              "state": "failed",
              "speed": null,
              "pass": false,
              "fail": true,
              "pending": false,
              "context": "{\n  \"title\": \"cypress-mochawesome-reporter-screenshots\",\n  \"value\": [\n    [\n      \"/AIM/AIM-Login-email.cy.js/AIM-LOGIN-EMAIL -- harus memuat halaman login dan memeriksa kolom email dan password -- before each hook (failed).png\"\n    ]\n  ]\n}",
              "code": "// cy.url().should('eq', 'https://cashflow.assist.id/')\ncy.get('.makeStyles-logo-4').should('be.visible');\ncy.get('[data-testid=\"login-title\"]').should('be.visible').and('contain', 'Masuk ke akunmu');\ncy.get('[data-testid=\"login-subtitle\"]').should('be.visible').and('contain', 'Masukkan email dan passwordmu yang terdaftar dibawah ini');\ncy.get('#email').should('be.visible');\ncy.get(':nth-child(1) > .MuiFormLabel-root').should('be.visible').and('contain', 'Alamat email');\ncy.get('#password').should('be.visible');\ncy.get(':nth-child(2) > .MuiFormLabel-root').should('be.visible').and('contain', 'Password');\ncy.get('[data-testid=\"login-submit-button\"]').should('be.visible');\ncy.get('[data-testid=\"login-google-button\"]').should('be.visible');\n// Ambil screenshot\n// cy.screenshot('halaman-login-termuat');",
              "err": {
                "message": "ReferenceError: The following error originated from your application code, not from Cypress.\n\n  > CreatedNewAsset is not defined\n\nWhen Cypress detects uncaught errors originating from your application it will automatically fail the current test.\n\nThis behavior is configurable, and you can choose to turn this off by listening to the `uncaught:exception` event.\n\nhttps://on.cypress.io/uncaught-exception-from-application\n\nBecause this error occurred during a `before each` hook we are skipping the remaining tests in the current suite: `AIM-LOGIN-EMAIL`",
                "estack": "ReferenceError: The following error originated from your application code, not from Cypress.\n\n  > CreatedNewAsset is not defined\n\nWhen Cypress detects uncaught errors originating from your application it will automatically fail the current test.\n\nThis behavior is configurable, and you can choose to turn this off by listening to the `uncaught:exception` event.\n\nhttps://on.cypress.io/uncaught-exception-from-application\n\nBecause this error occurred during a `before each` hook we are skipping the remaining tests in the current suite: `AIM-LOGIN-EMAIL`\n    at <unknown> (http://localhost:5173/src/routers/admin-routes.jsx:3237:34)",
                "diff": null
              },
              "uuid": "bd19e7e4-37b0-4c8b-be31-3df64d7fa029",
              "parentUUID": "0cccfe66-04e6-4708-a077-446a8419b588",
              "isHook": false,
              "skipped": false
            },
            {
              "title": "harus menampilkan pesan kesalahan untuk format email yang kosong",
              "fullTitle": "AIM-LOGIN-EMAIL harus menampilkan pesan kesalahan untuk format email yang kosong",
              "timedOut": null,
              "duration": 0,
              "state": "skipped",
              "speed": null,
              "pass": false,
              "fail": false,
              "pending": false,
              "context": null,
              "code": "cy.get('#email').clear();\ncy.get('#password').should('be.visible').type('23482349327');\ncy.get('[data-testid=\"login-submit-button\"]').click();\ncy.get('#email-helper-text').should('be.visible').and('contain', 'Email adalah bidang yang diperlukan');",
              "err": {},
              "uuid": "24489f0e-cdd3-4b14-a883-9bd7a314ee5d",
              "parentUUID": "0cccfe66-04e6-4708-a077-446a8419b588",
              "isHook": false,
              "skipped": true
            },
            {
              "title": "harus menampilkan pesan kesalahan untuk format email tidak valid",
              "fullTitle": "AIM-LOGIN-EMAIL harus menampilkan pesan kesalahan untuk format email tidak valid",
              "timedOut": null,
              "duration": 0,
              "state": "skipped",
              "speed": null,
              "pass": false,
              "fail": false,
              "pending": false,
              "context": null,
              "code": "cy.get('#email').should('be.visible').type('invalid-email');\ncy.get('#password').should('be.visible').type('23482349327');\ncy.get('[data-testid=\"login-submit-button\"]').click();\ncy.get('#email-helper-text').should('be.visible').and('contain', 'Email harus menjadi email yang valid');",
              "err": {},
              "uuid": "b7cbaf3a-96aa-4cd5-a321-ab2747c749cd",
              "parentUUID": "0cccfe66-04e6-4708-a077-446a8419b588",
              "isHook": false,
              "skipped": true
            },
            {
              "title": "harus menampilkan pesan kesalahan untuk format password yang kosong",
              "fullTitle": "AIM-LOGIN-EMAIL harus menampilkan pesan kesalahan untuk format password yang kosong",
              "timedOut": null,
              "duration": 0,
              "state": "skipped",
              "speed": null,
              "pass": false,
              "fail": false,
              "pending": false,
              "context": null,
              "code": "cy.get('#email').type('reyand.oneil@assist.id');\ncy.get('#password').should('be.visible').clear();\ncy.get('[data-testid=\"login-submit-button\"]').click();\ncy.get('#password-helper-text').should('be.visible').and('contain', 'Password adalah bidang yang diperlukan');",
              "err": {},
              "uuid": "e8279aa4-ba62-4185-929d-607dfcab3f9f",
              "parentUUID": "0cccfe66-04e6-4708-a077-446a8419b588",
              "isHook": false,
              "skipped": true
            },
            {
              "title": "harus mengubah visibilitas password saat tombol diklik dari password menjadi text",
              "fullTitle": "AIM-LOGIN-EMAIL harus mengubah visibilitas password saat tombol diklik dari password menjadi text",
              "timedOut": null,
              "duration": 0,
              "state": "skipped",
              "speed": null,
              "pass": false,
              "fail": false,
              "pending": false,
              "context": null,
              "code": "cy.get('#email').type('reyand.oneil@assist.id');\ncy.get('#password').type('PasswordRahasia123');\ncy.get('#password').should('have.attr', 'type', 'password');\ncy.get('.MuiInputAdornment-root > .MuiButtonBase-root').click();\ncy.get('#password').should('have.attr', 'type', 'text');",
              "err": {},
              "uuid": "05c9c4d2-3801-44ff-aa20-60bc5ce775d2",
              "parentUUID": "0cccfe66-04e6-4708-a077-446a8419b588",
              "isHook": false,
              "skipped": true
            },
            {
              "title": "harus mengubah visibilitas password saat tombol diklik dari text menjadi password",
              "fullTitle": "AIM-LOGIN-EMAIL harus mengubah visibilitas password saat tombol diklik dari text menjadi password",
              "timedOut": null,
              "duration": 0,
              "state": "skipped",
              "speed": null,
              "pass": false,
              "fail": false,
              "pending": false,
              "context": null,
              "code": "cy.get('#email').type('reyand.oneil@assist.id');\ncy.get('#password').type('PasswordRahasia123');\ncy.get('#password').should('have.attr', 'type', 'password');\ncy.get('.MuiInputAdornment-root > .MuiButtonBase-root').click();\ncy.get('#password').should('have.attr', 'type', 'text');\ncy.get('.MuiInputAdornment-root > .MuiButtonBase-root').click();\ncy.get('#password').should('have.attr', 'type', 'password');",
              "err": {},
              "uuid": "64f7965d-1aef-46f2-9c97-0399c514d432",
              "parentUUID": "0cccfe66-04e6-4708-a077-446a8419b588",
              "isHook": false,
              "skipped": true
            },
            {
              "title": "menampilkan pesan kesalahan jika email atau password salah",
              "fullTitle": "AIM-LOGIN-EMAIL menampilkan pesan kesalahan jika email atau password salah",
              "timedOut": null,
              "duration": 0,
              "state": "skipped",
              "speed": null,
              "pass": false,
              "fail": false,
              "pending": false,
              "context": null,
              "code": "cy.get('#email').type('email.salah@assist.id');\ncy.get('#password').type('passwordSalah123');\ncy.get('[data-testid=\"login-submit-button\"]').click();\n// Verifikasi pesan kesalahan muncul\n// Catatan error messagenya harus di sesuaikan ke bahasa indonesia agar konsisten APP\ncy.get('.MuiSnackbar-root > .MuiPaper-root').should('be.visible').and('contain', 'Login failed: Error: Account not found');",
              "err": {},
              "uuid": "be3764c3-711a-49a3-9041-cff6baa036ac",
              "parentUUID": "0cccfe66-04e6-4708-a077-446a8419b588",
              "isHook": false,
              "skipped": true
            },
            {
              "title": "mengalihkan ke halaman login jika mencoba mengakses dashboard tanpa autentikasi",
              "fullTitle": "AIM-LOGIN-EMAIL mengalihkan ke halaman login jika mencoba mengakses dashboard tanpa autentikasi",
              "timedOut": null,
              "duration": 0,
              "state": "skipped",
              "speed": null,
              "pass": false,
              "fail": false,
              "pending": false,
              "context": null,
              "code": "cy.visit('/admin/dashboard', {\n  failOnStatusCode: false\n});\ncy.url().should('include', '/auth/login');\ncy.get('[data-testid=\"login-title\"]').should('be.visible').and('contain', 'Masuk ke akunmu');",
              "err": {},
              "uuid": "522d3d39-dd2c-4760-bd47-dbcd88b6779e",
              "parentUUID": "0cccfe66-04e6-4708-a077-446a8419b588",
              "isHook": false,
              "skipped": true
            },
            {
              "title": "login dengan format email dan password yang valid",
              "fullTitle": "AIM-LOGIN-EMAIL login dengan format email dan password yang valid",
              "timedOut": null,
              "duration": 0,
              "state": "skipped",
              "speed": null,
              "pass": false,
              "fail": false,
              "pending": false,
              "context": null,
              "code": "const expectedUrl = `${Cypress.config('baseUrl')}/admin/dashboard`;\ncy.get('#email').type('reyand.oneil@assist.id');\ncy.get('#password').type('12345678');\ncy.get('[data-testid=\"login-submit-button\"]').click();\ncy.url().should('eq', expectedUrl);\n// Verifikasi elemen dengan teks 'Dashboard' muncul",
              "err": {},
              "uuid": "15a61e90-1e8c-4cb8-a606-52b877077fde",
              "parentUUID": "0cccfe66-04e6-4708-a077-446a8419b588",
              "isHook": false,
              "skipped": true
            }
          ],
          "suites": [],
          "passes": [],
          "failures": [
            "bd19e7e4-37b0-4c8b-be31-3df64d7fa029"
          ],
          "pending": [],
          "skipped": [
            "24489f0e-cdd3-4b14-a883-9bd7a314ee5d",
            "b7cbaf3a-96aa-4cd5-a321-ab2747c749cd",
            "e8279aa4-ba62-4185-929d-607dfcab3f9f",
            "05c9c4d2-3801-44ff-aa20-60bc5ce775d2",
            "64f7965d-1aef-46f2-9c97-0399c514d432",
            "be3764c3-711a-49a3-9041-cff6baa036ac",
            "522d3d39-dd2c-4760-bd47-dbcd88b6779e",
            "15a61e90-1e8c-4cb8-a606-52b877077fde"
          ],
          "duration": 1374,
          "root": false,
          "rootEmpty": false,
          "_timeout": 2000
        }
      ],
      "passes": [],
      "failures": [],
      "pending": [],
      "skipped": [],
      "duration": 0,
      "root": true,
      "rootEmpty": true,
      "_timeout": 2000
    }
  ],
  "meta": {
    "mocha": {
      "version": "7.0.1"
    },
    "mochawesome": {
      "options": {
        "quiet": false,
        "reportFilename": "mochawesome",
        "saveHtml": false,
        "saveJson": true,
        "consoleReporter": "spec",
        "useInlineDiffs": false,
        "code": true
      },
      "version": "7.1.3"
    },
    "marge": {
      "options": {
        "charts": true,
        "reportPageTitle": "custom-title",
        "embeddedScreenshots": true,
        "inlineAssets": true,
        "saveAllAttempts": false,
        "overwrite": false,
        "html": false,
        "json": true,
        "reportDir": "cypress/reports/html/.jsons"
      },
      "version": "6.2.0"
    }
  }
}