{
  "stats": {
    "suites": 1,
    "tests": 1,
    "passes": 0,
    "pending": 0,
    "failures": 1,
    "start": "2024-12-19T02:12:35.407Z",
    "end": "2024-12-19T02:12:37.334Z",
    "duration": 1927,
    "testsRegistered": 1,
    "passPercent": 0,
    "pendingPercent": 0,
    "other": 0,
    "hasOther": false,
    "skipped": 0,
    "hasSkipped": false
  },
  "results": [
    {
      "uuid": "33aea7c2-60f2-4fa1-b9b9-dfc8e6f28e29",
      "title": "",
      "fullFile": "cypress/e2e/PENGATURAN/PENGATURAN_billing.cy.js",
      "file": "cypress/e2e/PENGATURAN/PENGATURAN_billing.cy.js",
      "beforeHooks": [],
      "afterHooks": [],
      "tests": [],
      "suites": [
        {
          "uuid": "838866a7-8bac-4af6-a368-6c9223499852",
          "title": "[PENGATURAN-BILLING] - Membuka halaman Pengaturan Billing dan melihat kesesuaian dengan design yang ada",
          "fullFile": "",
          "file": "",
          "beforeHooks": [],
          "afterHooks": [],
          "tests": [
            {
              "title": "Chek kesesuainan halaman Pengaturan Billing dengan design yang ada",
              "fullTitle": "[PENGATURAN-BILLING] - Membuka halaman Pengaturan Billing dan melihat kesesuaian dengan design yang ada Chek kesesuainan halaman Pengaturan Billing dengan design yang ada",
              "timedOut": null,
              "duration": 1626,
              "state": "failed",
              "speed": null,
              "pass": false,
              "fail": true,
              "pending": false,
              "context": "{\n  \"title\": \"cypress-mochawesome-reporter-screenshots\",\n  \"value\": [\n    [\n      \"/PENGATURAN/PENGATURAN_billing.cy.js/[PENGATURAN-BILLING] - Membuka halaman Pengaturan Billing dan melihat kesesuaian dengan design yang ada -- Chek kesesuainan halaman Pengaturan Billing dengan design yang ada -- before each hook (failed).png\"\n    ]\n  ]\n}",
              "code": "cy.get('[data-cy=\"submenu-item-billing-setting\"] > [data-cy=\"list-item-button-sub-menu-setting\"]').click();",
              "err": {
                "message": "ReferenceError: The following error originated from your application code, not from Cypress.\n\n  > CreatedNewAsset is not defined\n\nWhen Cypress detects uncaught errors originating from your application it will automatically fail the current test.\n\nThis behavior is configurable, and you can choose to turn this off by listening to the `uncaught:exception` event.\n\nhttps://on.cypress.io/uncaught-exception-from-application\n\nBecause this error occurred during a `before each` hook we are skipping the remaining tests in the current suite: `[PENGATURAN-BILLING] - Memb...`",
                "estack": "ReferenceError: The following error originated from your application code, not from Cypress.\n\n  > CreatedNewAsset is not defined\n\nWhen Cypress detects uncaught errors originating from your application it will automatically fail the current test.\n\nThis behavior is configurable, and you can choose to turn this off by listening to the `uncaught:exception` event.\n\nhttps://on.cypress.io/uncaught-exception-from-application\n\nBecause this error occurred during a `before each` hook we are skipping the remaining tests in the current suite: `[PENGATURAN-BILLING] - Memb...`\n    at <unknown> (http://localhost:5173/src/routers/admin-routes.jsx:3237:34)",
                "diff": null
              },
              "uuid": "fc332f47-5f62-434b-9d42-016b42b092c4",
              "parentUUID": "838866a7-8bac-4af6-a368-6c9223499852",
              "isHook": false,
              "skipped": false
            }
          ],
          "suites": [],
          "passes": [],
          "failures": [
            "fc332f47-5f62-434b-9d42-016b42b092c4"
          ],
          "pending": [],
          "skipped": [],
          "duration": 1626,
          "root": false,
          "rootEmpty": false,
          "_timeout": 2000
        }
      ],
      "passes": [],
      "failures": [],
      "pending": [],
      "skipped": [],
      "duration": 0,
      "root": true,
      "rootEmpty": true,
      "_timeout": 2000
    }
  ],
  "meta": {
    "mocha": {
      "version": "7.0.1"
    },
    "mochawesome": {
      "options": {
        "quiet": false,
        "reportFilename": "mochawesome",
        "saveHtml": false,
        "saveJson": true,
        "consoleReporter": "spec",
        "useInlineDiffs": false,
        "code": true
      },
      "version": "7.1.3"
    },
    "marge": {
      "options": {
        "charts": true,
        "reportPageTitle": "custom-title",
        "embeddedScreenshots": true,
        "inlineAssets": true,
        "saveAllAttempts": false,
        "overwrite": false,
        "html": false,
        "json": true,
        "reportDir": "cypress/reports/html/.jsons"
      },
      "version": "6.2.0"
    }
  }
}