{
  "stats": {
    "suites": 1,
    "tests": 1,
    "passes": 0,
    "pending": 0,
    "failures": 1,
    "start": "2024-12-19T02:12:23.754Z",
    "end": "2024-12-19T02:12:25.684Z",
    "duration": 1930,
    "testsRegistered": 4,
    "passPercent": 0,
    "pendingPercent": 0,
    "other": 0,
    "hasOther": false,
    "skipped": 3,
    "hasSkipped": true
  },
  "results": [
    {
      "uuid": "1b882252-8bac-445d-964f-426fa9132acf",
      "title": "",
      "fullFile": "cypress/e2e/DAFTAR_AKUN/jurnal_umum.cy.js",
      "file": "cypress/e2e/DAFTAR_AKUN/jurnal_umum.cy.js",
      "beforeHooks": [],
      "afterHooks": [],
      "tests": [],
      "suites": [
        {
          "uuid": "ea58942b-8244-4caa-8391-d51c75088ada",
          "title": "DAFTAR AKUN - JURNAL UMUM",
          "fullFile": "",
          "file": "",
          "beforeHooks": [],
          "afterHooks": [],
          "tests": [
            {
              "title": "[JURNAL UMUM] - Harus bisa membuka jurnal umum dari fitur daftar akun",
              "fullTitle": "DAFTAR AKUN - JURNAL UMUM [JURNAL UMUM] - Harus bisa membuka jurnal umum dari fitur daftar akun",
              "timedOut": null,
              "duration": 1608,
              "state": "failed",
              "speed": null,
              "pass": false,
              "fail": true,
              "pending": false,
              "context": "{\n  \"title\": \"cypress-mochawesome-reporter-screenshots\",\n  \"value\": [\n    [\n      \"/DAFTAR_AKUN/jurnal_umum.cy.js/DAFTAR AKUN - JURNAL UMUM -- [JURNAL UMUM] - Harus bisa membuka jurnal umum dari fitur daftar akun -- before each hook (failed).png\"\n    ]\n  ]\n}",
              "code": "cy.get('[data-testid=\"drawer-item-accounts\"]').click();\ncy.get('.MuiButton-outlined').should('be.visible').and('contain', 'Jurnal Umum').click();",
              "err": {
                "message": "ReferenceError: The following error originated from your application code, not from Cypress.\n\n  > CreatedNewAsset is not defined\n\nWhen Cypress detects uncaught errors originating from your application it will automatically fail the current test.\n\nThis behavior is configurable, and you can choose to turn this off by listening to the `uncaught:exception` event.\n\nhttps://on.cypress.io/uncaught-exception-from-application\n\nBecause this error occurred during a `before each` hook we are skipping the remaining tests in the current suite: `DAFTAR AKUN - JURNAL UMUM`",
                "estack": "ReferenceError: The following error originated from your application code, not from Cypress.\n\n  > CreatedNewAsset is not defined\n\nWhen Cypress detects uncaught errors originating from your application it will automatically fail the current test.\n\nThis behavior is configurable, and you can choose to turn this off by listening to the `uncaught:exception` event.\n\nhttps://on.cypress.io/uncaught-exception-from-application\n\nBecause this error occurred during a `before each` hook we are skipping the remaining tests in the current suite: `DAFTAR AKUN - JURNAL UMUM`\n    at <unknown> (http://localhost:5173/src/routers/admin-routes.jsx:3237:34)",
                "diff": null
              },
              "uuid": "e6158977-1eac-47b0-a67b-893fe8f5cf97",
              "parentUUID": "ea58942b-8244-4caa-8391-d51c75088ada",
              "isHook": false,
              "skipped": false
            },
            {
              "title": "[JURNAL UMUM] - Harus gagal mendapatkan data jurnal umum datanya error 500",
              "fullTitle": "DAFTAR AKUN - JURNAL UMUM [JURNAL UMUM] - Harus gagal mendapatkan data jurnal umum datanya error 500",
              "timedOut": null,
              "duration": 0,
              "state": "skipped",
              "speed": null,
              "pass": false,
              "fail": false,
              "pending": false,
              "context": null,
              "code": "cy.get('[data-testid=\"drawer-item-accounts\"]').click();\ncy.intercept('GET', 'https://api-cashflow.assist.id/api/jurnals?skip=0&limit=10&companyId=b13e5210-8564-11ef-af27-a72e65a1d49c', {\n  statusCode: 500,\n  body: {\n    result: [],\n    totalData: 0\n  }\n}).as('getLastPeriod');\ncy.get('.MuiButton-outlined').should('be.visible').and('contain', 'Jurnal Umum').click();\ncy.get('.MuiTableBody-root > .MuiTableRow-root > .MuiTableCell-root').should('be.visible').and('contain', 'Request failed with status code 500');",
              "err": {},
              "uuid": "789f68f5-7aa6-43f4-a658-193029820ced",
              "parentUUID": "ea58942b-8244-4caa-8391-d51c75088ada",
              "isHook": false,
              "skipped": true
            },
            {
              "title": "[JURNAL UMUM] - Harus berhasil mendapatkan data jurnal umum datanya kosong",
              "fullTitle": "DAFTAR AKUN - JURNAL UMUM [JURNAL UMUM] - Harus berhasil mendapatkan data jurnal umum datanya kosong",
              "timedOut": null,
              "duration": 0,
              "state": "skipped",
              "speed": null,
              "pass": false,
              "fail": false,
              "pending": false,
              "context": null,
              "code": "cy.get('[data-testid=\"drawer-item-accounts\"]').click();\ncy.intercept('GET', 'https://api-cashflow.assist.id/api/jurnals?skip=0&limit=10&companyId=b13e5210-8564-11ef-af27-a72e65a1d49c', {\n  statusCode: 200,\n  body: {\n    result: [],\n    totalData: 0\n  }\n}).as('getLastPeriod');\ncy.get('.MuiButton-outlined').should('be.visible').and('contain', 'Jurnal Umum').click();\ncy.get('.MuiTableBody-root > .MuiTableRow-root > .MuiTableCell-root').should('be.visible').and('contain', 'Tidak ada data');",
              "err": {},
              "uuid": "0623da86-82c4-495d-b30b-da68515eda04",
              "parentUUID": "ea58942b-8244-4caa-8391-d51c75088ada",
              "isHook": false,
              "skipped": true
            },
            {
              "title": "[JURNAL UMUM] - Harus berhasil mendapatkan data jurnal",
              "fullTitle": "DAFTAR AKUN - JURNAL UMUM [JURNAL UMUM] - Harus berhasil mendapatkan data jurnal",
              "timedOut": null,
              "duration": 0,
              "state": "skipped",
              "speed": null,
              "pass": false,
              "fail": false,
              "pending": false,
              "context": null,
              "code": "cy.get('[data-testid=\"drawer-item-accounts\"]').click();\ncy.intercept('GET', 'https://api-cashflow.assist.id/api/jurnals?skip=0&limit=10&companyId=b13e5210-8564-11ef-af27-a72e65a1d49c').as('getListJurnal');\ncy.get('.MuiButton-outlined').should('be.visible').and('contain', 'Jurnal Umum').click();\ncy.wait('@getListJurnal').then(res => {\n  console.log(res);\n});",
              "err": {},
              "uuid": "d3374b1c-1702-498c-a1bf-f43fe56d8f45",
              "parentUUID": "ea58942b-8244-4caa-8391-d51c75088ada",
              "isHook": false,
              "skipped": true
            }
          ],
          "suites": [],
          "passes": [],
          "failures": [
            "e6158977-1eac-47b0-a67b-893fe8f5cf97"
          ],
          "pending": [],
          "skipped": [
            "789f68f5-7aa6-43f4-a658-193029820ced",
            "0623da86-82c4-495d-b30b-da68515eda04",
            "d3374b1c-1702-498c-a1bf-f43fe56d8f45"
          ],
          "duration": 1608,
          "root": false,
          "rootEmpty": false,
          "_timeout": 2000
        }
      ],
      "passes": [],
      "failures": [],
      "pending": [],
      "skipped": [],
      "duration": 0,
      "root": true,
      "rootEmpty": true,
      "_timeout": 2000
    }
  ],
  "meta": {
    "mocha": {
      "version": "7.0.1"
    },
    "mochawesome": {
      "options": {
        "quiet": false,
        "reportFilename": "mochawesome",
        "saveHtml": false,
        "saveJson": true,
        "consoleReporter": "spec",
        "useInlineDiffs": false,
        "code": true
      },
      "version": "7.1.3"
    },
    "marge": {
      "options": {
        "charts": true,
        "reportPageTitle": "custom-title",
        "embeddedScreenshots": true,
        "inlineAssets": true,
        "saveAllAttempts": false,
        "overwrite": false,
        "html": false,
        "json": true,
        "reportDir": "cypress/reports/html/.jsons"
      },
      "version": "6.2.0"
    }
  }
}