{
  "stats": {
    "suites": 1,
    "tests": 1,
    "passes": 0,
    "pending": 0,
    "failures": 1,
    "start": "2024-12-19T02:12:32.520Z",
    "end": "2024-12-19T02:12:34.475Z",
    "duration": 1955,
    "testsRegistered": 15,
    "passPercent": 0,
    "pendingPercent": 0,
    "other": 0,
    "hasOther": false,
    "skipped": 14,
    "hasSkipped": true
  },
  "results": [
    {
      "uuid": "1f0be08e-6ddd-4265-81e3-614f78972f72",
      "title": "",
      "fullFile": "cypress/e2e/PENGATURAN/PENGATURAN_akun.cy.js",
      "file": "cypress/e2e/PENGATURAN/PENGATURAN_akun.cy.js",
      "beforeHooks": [],
      "afterHooks": [],
      "tests": [],
      "suites": [
        {
          "uuid": "df075891-e542-408c-bb6e-857944a698aa",
          "title": "[PENGATURAN-AKUN]",
          "fullFile": "",
          "file": "",
          "beforeHooks": [],
          "afterHooks": [],
          "tests": [
            {
              "title": "Chek kesesuainan halaman Pengaturan Akun - penjualan dengan design yang ada",
              "fullTitle": "[PENGATURAN-AKUN] Chek kesesuainan halaman Pengaturan Akun - penjualan dengan design yang ada",
              "timedOut": null,
              "duration": 1624,
              "state": "failed",
              "speed": null,
              "pass": false,
              "fail": true,
              "pending": false,
              "context": "{\n  \"title\": \"cypress-mochawesome-reporter-screenshots\",\n  \"value\": [\n    [\n      \"/PENGATURAN/PENGATURAN_akun.cy.js/[PENGATURAN-AKUN] -- Chek kesesuainan halaman Pengaturan Akun - penjualan dengan design yang ada -- before each hook (failed).png\"\n    ]\n  ]\n}",
              "code": "cy.get('[data-cy=\"submenu-item-account-setting\"] > [data-cy=\"list-item-button-sub-menu-setting\"]').click();\ncy.get('#panel1-header > .MuiAccordionSummary-content').should('be.visible').and('contain', 'Penjualan');\ncy.get('#panel1-content > .MuiAccordionDetails-root > .MuiGrid2-spacing-xs-2 > :nth-child(1) > .MuiGrid2-grid-xs-5 > .MuiFormLabel-root').should('be.visible').and('contain', 'Pendapatan Penjualan');\n//  cy.get('#\\\\:rd\\\\:').click()\n//  cy.get('#\\\\:rd\\\\:').type('1-10706')\ncy.get('#panel1-content > .MuiAccordionDetails-root > .MuiGrid2-spacing-xs-2 > :nth-child(3) > .MuiGrid2-grid-xs-5 > .MuiFormLabel-root').should('be.visible').and('contain', 'Diskon Penjualan');\ncy.get('#panel1-content > .MuiAccordionDetails-root > .MuiGrid2-spacing-xs-2 > :nth-child(5) > .MuiGrid2-grid-xs-5 > .MuiFormLabel-root').should('be.visible').and('contain', 'Retur Penjualan');\ncy.get(':nth-child(7) > .MuiGrid2-grid-xs-5 > .MuiFormLabel-root').should('be.visible').and('contain', 'Pengiriman Penjualan');\ncy.get('#panel1-content > .MuiAccordionDetails-root > .MuiGrid2-spacing-xs-2 > :nth-child(2) > .MuiGrid2-grid-xs-5 > .MuiFormLabel-root').should('be.visible').and('contain', 'Pembayaran di Muka');\ncy.get(':nth-child(6) > .MuiGrid2-grid-xs-5 > .MuiFormLabel-root').should('be.visible').and('contain', 'Piutang Belum Ditagih');\ncy.get(':nth-child(8) > .MuiGrid2-grid-xs-5 > .MuiFormLabel-root').should('be.visible').and('contain', 'Hutang Pajak Penjualan');",
              "err": {
                "message": "ReferenceError: The following error originated from your application code, not from Cypress.\n\n  > CreatedNewAsset is not defined\n\nWhen Cypress detects uncaught errors originating from your application it will automatically fail the current test.\n\nThis behavior is configurable, and you can choose to turn this off by listening to the `uncaught:exception` event.\n\nhttps://on.cypress.io/uncaught-exception-from-application\n\nBecause this error occurred during a `before each` hook we are skipping the remaining tests in the current suite: `[PENGATURAN-AKUN]`",
                "estack": "ReferenceError: The following error originated from your application code, not from Cypress.\n\n  > CreatedNewAsset is not defined\n\nWhen Cypress detects uncaught errors originating from your application it will automatically fail the current test.\n\nThis behavior is configurable, and you can choose to turn this off by listening to the `uncaught:exception` event.\n\nhttps://on.cypress.io/uncaught-exception-from-application\n\nBecause this error occurred during a `before each` hook we are skipping the remaining tests in the current suite: `[PENGATURAN-AKUN]`\n    at <unknown> (http://localhost:5173/src/routers/admin-routes.jsx:3237:34)",
                "diff": null
              },
              "uuid": "0217d3d3-af67-43dc-b2d7-0cf41061e44f",
              "parentUUID": "df075891-e542-408c-bb6e-857944a698aa",
              "isHook": false,
              "skipped": false
            },
            {
              "title": "Chek kesesuainan halaman Pengaturan Akun - pembelian dengan design yang ada",
              "fullTitle": "[PENGATURAN-AKUN] Chek kesesuainan halaman Pengaturan Akun - pembelian dengan design yang ada",
              "timedOut": null,
              "duration": 0,
              "state": "skipped",
              "speed": null,
              "pass": false,
              "fail": false,
              "pending": false,
              "context": null,
              "code": "cy.get('[data-cy=\"submenu-item-account-setting\"] > [data-cy=\"list-item-button-sub-menu-setting\"]').click();\ncy.get(':nth-child(2) > .MuiAccordion-heading > #panel2-header').click();\ncy.get(':nth-child(2) > .MuiCollapse-root > .MuiCollapse-wrapper > .MuiCollapse-wrapperInner > #panel2-content > .MuiAccordionDetails-root > .MuiGrid2-spacing-xs-2 > :nth-child(1) > .MuiGrid2-grid-xs-5 > .MuiFormLabel-root').should('be.visible').and('contain', 'Pembelian (COGS)');\ncy.get(':nth-child(2) > .MuiCollapse-root > .MuiCollapse-wrapper > .MuiCollapse-wrapperInner > #panel2-content > .MuiAccordionDetails-root > .MuiGrid2-spacing-xs-2 > :nth-child(3) > .MuiGrid2-grid-xs-5 > .MuiFormLabel-root').should('be.visible').and('contain', 'Pengiriman Pembelian');\ncy.get('#panel2-content > .MuiAccordionDetails-root > .MuiGrid2-spacing-xs-2 > :nth-child(5) > .MuiGrid2-grid-xs-5 > .MuiFormLabel-root').should('be.visible').and('contain', 'Uang Muka Pembelian');\ncy.get(':nth-child(2) > .MuiCollapse-root > .MuiCollapse-wrapper > .MuiCollapse-wrapperInner > #panel2-content > .MuiAccordionDetails-root > .MuiGrid2-spacing-xs-2 > :nth-child(2) > .MuiGrid2-grid-xs-5 > .MuiFormLabel-root').should('be.visible').and('contain', 'Pembayaran di Muka');\ncy.get(':nth-child(2) > .MuiCollapse-root > .MuiCollapse-wrapper > .MuiCollapse-wrapperInner > #panel2-content > .MuiAccordionDetails-root > .MuiGrid2-spacing-xs-2 > :nth-child(4) > .MuiGrid2-grid-xs-5 > .MuiFormLabel-root').should('be.visible').and('contain', 'Pajak Pembelian');",
              "err": {},
              "uuid": "eb5af04e-23c4-4ddd-95f8-15ef05e4685e",
              "parentUUID": "df075891-e542-408c-bb6e-857944a698aa",
              "isHook": false,
              "skipped": true
            },
            {
              "title": "Chek kesesuainan halaman Pengaturan Akun - AR/AP dengan design yang ada",
              "fullTitle": "[PENGATURAN-AKUN] Chek kesesuainan halaman Pengaturan Akun - AR/AP dengan design yang ada",
              "timedOut": null,
              "duration": 0,
              "state": "skipped",
              "speed": null,
              "pass": false,
              "fail": false,
              "pending": false,
              "context": null,
              "code": "cy.get('[data-cy=\"submenu-item-account-setting\"] > [data-cy=\"list-item-button-sub-menu-setting\"]').click();\ncy.get('#panel1-header > .MuiAccordionSummary-content').click();\ncy.get(':nth-child(3) > .MuiAccordion-heading > #panel2-header').click();\ncy.get(':nth-child(3) > .MuiCollapse-root > .MuiCollapse-wrapper > .MuiCollapse-wrapperInner > #panel2-content > .MuiAccordionDetails-root > .MuiGrid2-spacing-xs-2 > :nth-child(1) > .MuiGrid2-grid-xs-5 > .MuiFormLabel-root').should('be.visible').and('contain', 'Piutang Usaha');\ncy.get(':nth-child(3) > .MuiCollapse-root > .MuiCollapse-wrapper > .MuiCollapse-wrapperInner > #panel2-content > .MuiAccordionDetails-root > .MuiGrid2-spacing-xs-2 > :nth-child(2) > .MuiGrid2-grid-xs-5 > .MuiFormLabel-root').should('be.visible').and('contain', 'Hutang Usaha');",
              "err": {},
              "uuid": "2f82d011-613a-4dff-b0ec-58328cff5a32",
              "parentUUID": "df075891-e542-408c-bb6e-857944a698aa",
              "isHook": false,
              "skipped": true
            },
            {
              "title": "Chek kesesuainan halaman Pengaturan Akun - Persediaan dengan design yang ada",
              "fullTitle": "[PENGATURAN-AKUN] Chek kesesuainan halaman Pengaturan Akun - Persediaan dengan design yang ada",
              "timedOut": null,
              "duration": 0,
              "state": "skipped",
              "speed": null,
              "pass": false,
              "fail": false,
              "pending": false,
              "context": null,
              "code": "cy.get('[data-cy=\"submenu-item-account-setting\"] > [data-cy=\"list-item-button-sub-menu-setting\"]').click();\ncy.get('#panel1-header > .MuiAccordionSummary-content').click();\ncy.get(':nth-child(4) > .MuiAccordion-heading > #panel2-header > .MuiAccordionSummary-content').click();\ncy.get(':nth-child(4) > .MuiCollapse-root > .MuiCollapse-wrapper > .MuiCollapse-wrapperInner > #panel2-content > .MuiAccordionDetails-root > .MuiGrid2-spacing-xs-2 > :nth-child(1) > .MuiGrid2-grid-xs-5 > .MuiFormLabel-root').should('be.visible').and('contain', 'Persediaan');\ncy.get(':nth-child(4) > .MuiCollapse-root > .MuiCollapse-wrapper > .MuiCollapse-wrapperInner > #panel2-content > .MuiAccordionDetails-root > .MuiGrid2-spacing-xs-2 > :nth-child(3) > .MuiGrid2-grid-xs-5 > .MuiFormLabel-root').should('be.visible').and('contain', 'Persediaan Umum');\ncy.get(':nth-child(4) > .MuiCollapse-root > .MuiCollapse-wrapper > .MuiCollapse-wrapperInner > #panel2-content > .MuiAccordionDetails-root > .MuiGrid2-spacing-xs-2 > :nth-child(2) > .MuiGrid2-grid-xs-5 > .MuiFormLabel-root').should('be.visible').and('contain', 'Persediaan Rusak');\ncy.get(':nth-child(4) > .MuiCollapse-root > .MuiCollapse-wrapper > .MuiCollapse-wrapperInner > #panel2-content > .MuiAccordionDetails-root > .MuiGrid2-spacing-xs-2 > :nth-child(4) > .MuiGrid2-grid-xs-5 > .MuiFormLabel-root').should('be.visible').and('contain', 'Persediaan Produksi');",
              "err": {},
              "uuid": "b3928760-7b74-40ec-b732-6f36caeed990",
              "parentUUID": "df075891-e542-408c-bb6e-857944a698aa",
              "isHook": false,
              "skipped": true
            },
            {
              "title": "Chek kesesuainan halaman Pengaturan Akun - Lainnya dengan design yang ada",
              "fullTitle": "[PENGATURAN-AKUN] Chek kesesuainan halaman Pengaturan Akun - Lainnya dengan design yang ada",
              "timedOut": null,
              "duration": 0,
              "state": "skipped",
              "speed": null,
              "pass": false,
              "fail": false,
              "pending": false,
              "context": null,
              "code": "cy.get('[data-cy=\"submenu-item-account-setting\"] > [data-cy=\"list-item-button-sub-menu-setting\"]').click();\ncy.get('#panel1-header > .MuiAccordionSummary-content').click();\ncy.get(':nth-child(5) > .MuiAccordion-heading > #panel2-header > .MuiAccordionSummary-content').click();\ncy.get('.MuiPaper-root.Mui-expanded > .MuiCollapse-root > .MuiCollapse-wrapper > .MuiCollapse-wrapperInner > #panel2-content > .MuiAccordionDetails-root > .MuiGrid2-spacing-xs-2 > :nth-child(1) > .MuiGrid2-grid-xs-5 > .MuiFormLabel-root').should('be.visible').and('contain', 'Ekuitas Saldo Awal');\ncy.get('.MuiPaper-root.Mui-expanded > .MuiCollapse-root > .MuiCollapse-wrapper > .MuiCollapse-wrapperInner > #panel2-content > .MuiAccordionDetails-root > .MuiGrid2-spacing-xs-2 > :nth-child(2) > .MuiGrid2-grid-xs-5 > .MuiFormLabel-root').should('be.visible').and('contain', 'Aset Tetap');",
              "err": {},
              "uuid": "2fcbe774-2e49-44cd-9be3-6cc0608c35e7",
              "parentUUID": "df075891-e542-408c-bb6e-857944a698aa",
              "isHook": false,
              "skipped": true
            },
            {
              "title": "Harus gagal mendapatkan data dari API",
              "fullTitle": "[PENGATURAN-AKUN] Harus gagal mendapatkan data dari API",
              "timedOut": null,
              "duration": 0,
              "state": "skipped",
              "speed": null,
              "pass": false,
              "fail": false,
              "pending": false,
              "context": null,
              "code": "cy.intercept('GET', 'https://api-cashflow.assist.id/api/akuns/list2?companyId=b13e5210-8564-11ef-af27-a72e65a1d49c', {\n  statusCode: 500,\n  body: {\n    // message: 'Internal Server Error',\n  }\n}).as('getEkspedisiEroor');\ncy.get('[data-cy=\"submenu-item-account-setting\"] > [data-cy=\"list-item-button-sub-menu-setting\"]').click();",
              "err": {},
              "uuid": "7f25c5c3-0eb9-481a-bafb-f12d277d3a74",
              "parentUUID": "df075891-e542-408c-bb6e-857944a698aa",
              "isHook": false,
              "skipped": true
            },
            {
              "title": "#SETTING_AKUN_01 Update data pengaturan akun data kosong",
              "fullTitle": "[PENGATURAN-AKUN] #SETTING_AKUN_01 Update data pengaturan akun data kosong",
              "timedOut": null,
              "duration": 0,
              "state": "skipped",
              "speed": null,
              "pass": false,
              "fail": false,
              "pending": false,
              "context": null,
              "code": "// Intercept permintaan API\ncy.intercept('PUT', '**/api/setting-accounts/*').as('updateSettingAccount');\ncy.get('[data-cy=\"submenu-item-account-setting\"] > [data-cy=\"list-item-button-sub-menu-setting\"]').click();\ncy.get('[style=\"display: flex; justify-content: flex-end; margin: 20px 0px;\"] > .MuiButtonBase-root').click();\n// Tunggu respons API selesai\ncy.wait('@updateSettingAccount').then(interception => {\n  // Debug respons API\n  console.log('Request URL:', interception.request.url);\n  console.log('Response Status Code:', interception.response.statusCode);\n  // Validasi status kode API (204 berarti sukses tanpa konten)\n  expect(interception.response.statusCode).to.eq(204);\n  cy.get('.MuiAlert-message').should('be.visible').and('contain', 'Berhasil Menyimpan Data Akun.');\n});",
              "err": {},
              "uuid": "735f229a-75e3-48fb-824a-16078f8a6929",
              "parentUUID": "df075891-e542-408c-bb6e-857944a698aa",
              "isHook": false,
              "skipped": true
            },
            {
              "title": "#SETTING_AKUN_02 Update data pengaturan akun data Penjualan di isi",
              "fullTitle": "[PENGATURAN-AKUN] #SETTING_AKUN_02 Update data pengaturan akun data Penjualan di isi",
              "timedOut": null,
              "duration": 0,
              "state": "skipped",
              "speed": null,
              "pass": false,
              "fail": false,
              "pending": false,
              "context": null,
              "code": "// Intercept permintaan API\ncy.intercept('PUT', '**/api/setting-accounts/*').as('updateSettingAccount');\ncy.get('[data-cy=\"submenu-item-account-setting\"] > [data-cy=\"list-item-button-sub-menu-setting\"]').click();\n// Pendapatan penjualan\ncy.get('[name=\"sales_income\"]').click();\ncy.contains('li', '1-10003 - Giro').scrollIntoView().should('exist').click();\ncy.get('[name=\"sales_income\"]').trigger('change');\ncy.get('[name=\"sales_down_payment\"]').click();\ncy.contains('li', '1-10102 - Cadangan Kerugian Piutang').scrollIntoView().should('exist').click();\ncy.get('[name=\"sales_down_payment\"]').trigger('change');\n//  Diskon penjualan\ncy.get('[name=\"sales_discount\"]').type('1-10102 - Cadangan Kerugian Piutang').trigger('mouseover');\ncy.contains('li', '1-10708 - Hak Merek Dagang').scrollIntoView().should('exist').click();\ncy.get('[name=\"sales_unbilled\"]').trigger('change');\n// Retur Penjualan\ncy.get('[name=\"sales_return\"]').click();\ncy.contains('li', '17-10001 - Akun tanggal 21').scrollIntoView().should('exist').click();\ncy.get('[name=\"sales_return\"]').trigger('change');\n// Piutang belum di tagih\ncy.get('[name=\"sales_uncollected_receivables\"]').click();\ncy.contains('li', '17-10001 - Akun tanggal 21').scrollIntoView().should('exist').click();\ncy.get('[name=\"sales_uncollected_receivables\"]').trigger('change');\n// Pengiriman penjualan\ncy.get('[name=\"sales_delivery\"]').click();\ncy.contains('li', '2-20601 - Kewajiban Lancar Lainnya').scrollIntoView().should('exist').click();\ncy.get('[name=\"sales_delivery\"]').trigger('change');\n// Hutang Pajak Penjualan\ncy.get('[name=\"sales_tax_debt\"]').click();\ncy.contains('li', '1-10755 - Akumulasi Penyusutan - Peralatan Kantor').scrollIntoView().should('exist').click();\ncy.get('[name=\"sales_tax_debt\"]').trigger('change');\n// cy.get('#panel1-header > .MuiAccordionSummary-expandIconWrapper > [data-testid=\"ExpandMoreIcon\"]').click()\n// Simpan perubahan\ncy.get('[style=\"display: flex; justify-content: flex-end; margin: 20px 0px;\"] > .MuiButtonBase-root').click();\n// Tunggu respons API selesai\ncy.wait('@updateSettingAccount').then(interception => {\n  // Debug respons API\n  console.log('Request URL:', interception.request.url);\n  console.log('Response Status Code:', interception.response.statusCode);\n  // Validasi status kode API (204 berarti sukses tanpa konten)\n  expect(interception.response.statusCode).to.eq(204);\n  cy.get('.MuiAlert-message').should('be.visible').and('contain', 'Berhasil Menyimpan Data Akun.');\n});",
              "err": {},
              "uuid": "6c9fe0c1-9e9f-45df-92d0-f116d1544a48",
              "parentUUID": "df075891-e542-408c-bb6e-857944a698aa",
              "isHook": false,
              "skipped": true
            },
            {
              "title": "#SETTING_AKUN_03 Update data pengaturan akun data Pembelian di isi",
              "fullTitle": "[PENGATURAN-AKUN] #SETTING_AKUN_03 Update data pengaturan akun data Pembelian di isi",
              "timedOut": null,
              "duration": 0,
              "state": "skipped",
              "speed": null,
              "pass": false,
              "fail": false,
              "pending": false,
              "context": null,
              "code": "// Intercept permintaan API\ncy.intercept('PUT', '**/api/setting-accounts/*').as('updateSettingAccount');\ncy.get('[data-cy=\"submenu-item-account-setting\"] > [data-cy=\"list-item-button-sub-menu-setting\"]').click();\ncy.get('#panel1-header').click();\ncy.get(':nth-child(2) > .MuiAccordion-heading > #panel2-header').click();\n// Pembelian(COGS)\ncy.get('[name=\"purchase_cogs\"]').click();\ncy.contains('li', '1-10003 - Giro').scrollIntoView().should('exist').click();\ncy.get('[name=\"purchase_cogs\"]').trigger('change');\n// Pembayaran di muka\ncy.get('[name=\"purchase_uncollected_debt\"]').click();\ncy.contains('li', '1-10102 - Cadangan Kerugian Piutang').scrollIntoView().should('exist').click();\ncy.get('[name=\"purchase_uncollected_debt\"]').trigger('change');\n//  Pengiriman Pembelian\ncy.get('[name=\"purchase_delivery\"]').click();\ncy.contains('li', '3-30000 - Modal Saham').scrollIntoView().should('exist').click();\ncy.get('[name=\"purchase_delivery\"]').trigger('change');\n// Pajak Pembelian\ncy.get('[name=\"purchase_tax\"]').click();\ncy.contains('li', '1-10708 - Hak Merek Dagang').scrollIntoView().should('exist').click();\ncy.get('[name=\"purchase_tax\"]').trigger('change');\n// Uang Muka Pembelian\ncy.get('[name=\"purchase_down_payment\"]').click();\ncy.contains('li', '17-10001 - Akun tanggal 21').scrollIntoView().should('exist').click();\ncy.get('[name=\"purchase_down_payment\"]').trigger('change');\n// Simpan perubahan\ncy.get('[style=\"display: flex; justify-content: flex-end; margin: 20px 0px;\"] > .MuiButtonBase-root').click();\n// Tunggu respons API selesai\ncy.wait('@updateSettingAccount').then(interception => {\n  // Debug respons API\n  console.log('Request URL:', interception.request.url);\n  console.log('Response Status Code:', interception.response.statusCode);\n  // Validasi status kode API (204 berarti sukses tanpa konten)\n  expect(interception.response.statusCode).to.eq(204);\n  cy.get('.MuiAlert-message').should('be.visible').and('contain', 'Berhasil Menyimpan Data Akun.');\n});",
              "err": {},
              "uuid": "aa05e769-fb93-480f-89f7-4406c6590483",
              "parentUUID": "df075891-e542-408c-bb6e-857944a698aa",
              "isHook": false,
              "skipped": true
            },
            {
              "title": "#SETTING_AKUN_04 Update data pengaturan akun data AR/AP di isi",
              "fullTitle": "[PENGATURAN-AKUN] #SETTING_AKUN_04 Update data pengaturan akun data AR/AP di isi",
              "timedOut": null,
              "duration": 0,
              "state": "skipped",
              "speed": null,
              "pass": false,
              "fail": false,
              "pending": false,
              "context": null,
              "code": "// Intercept permintaan API\ncy.intercept('PUT', '**/api/setting-accounts/*').as('updateSettingAccount');\ncy.get('[data-cy=\"submenu-item-account-setting\"] > [data-cy=\"list-item-button-sub-menu-setting\"]').click();\ncy.get('#panel1-header').click();\ncy.get(':nth-child(3) > .MuiAccordion-heading > #panel2-header > .MuiAccordionSummary-content').click();\n// Piutang usaha\ncy.get('[name=\"account_receivable\"]').click();\ncy.contains('li', '1-10003 - Giro').scrollIntoView().should('exist').click();\ncy.get('[name=\"account_receivable\"]').trigger('change');\n// Hutang usaha\ncy.get('[name=\"account_payable\"]').click();\ncy.contains('li', '1-10102 - Cadangan Kerugian Piutang').scrollIntoView().should('exist').click();\ncy.get('[name=\"account_payable\"]').trigger('change');\n// Simpan perubahan\ncy.get('[style=\"display: flex; justify-content: flex-end; margin: 20px 0px;\"] > .MuiButtonBase-root').click();\n// Tunggu respons API selesai\ncy.wait('@updateSettingAccount').then(interception => {\n  // Debug respons API\n  console.log('Request URL:', interception.request.url);\n  console.log('Response Status Code:', interception.response.statusCode);\n  // Validasi status kode API (204 berarti sukses tanpa konten)\n  expect(interception.response.statusCode).to.eq(204);\n  cy.get('.MuiAlert-message').should('be.visible').and('contain', 'Berhasil Menyimpan Data Akun.');\n});",
              "err": {},
              "uuid": "a85fea56-9eee-4477-b907-1ab3e5c2cf8a",
              "parentUUID": "df075891-e542-408c-bb6e-857944a698aa",
              "isHook": false,
              "skipped": true
            },
            {
              "title": "#SETTING_AKUN_05 Update data pengaturan akun data Persediaan di isi",
              "fullTitle": "[PENGATURAN-AKUN] #SETTING_AKUN_05 Update data pengaturan akun data Persediaan di isi",
              "timedOut": null,
              "duration": 0,
              "state": "skipped",
              "speed": null,
              "pass": false,
              "fail": false,
              "pending": false,
              "context": null,
              "code": "// Intercept permintaan API\ncy.intercept('PUT', '**/api/setting-accounts/*').as('updateSettingAccount');\ncy.get('[data-cy=\"submenu-item-account-setting\"] > [data-cy=\"list-item-button-sub-menu-setting\"]').click();\ncy.get('#panel1-header').click();\ncy.get(':nth-child(4) > .MuiAccordion-heading > #panel2-header > .MuiAccordionSummary-content').click();\n// Persedian\ncy.get('[name=\"supply_inventory\"]').click();\ncy.contains('li', '1-10003 - Giro').scrollIntoView().should('exist').click();\ncy.get('[name=\"supply_inventory\"]').trigger('change');\n// Persediaan Rusak \ncy.get('[name=\"supply_damaged\"]').click();\ncy.contains('li', '1-10102 - Cadangan Kerugian Piutang').scrollIntoView().should('exist').click();\ncy.get('[name=\"supply_damaged\"]').trigger('change');\n//  Persediaan umum\ncy.get('[name=\"supply_general\"]').click();\ncy.contains('li', '3-30000 - Modal Saham').scrollIntoView().should('exist').click();\ncy.get('[name=\"supply_general\"]').trigger('change');\n// Persedian PRoduksi\ncy.get('[name=\"supply_production\"]').click();\ncy.contains('li', '1-10708 - Hak Merek Dagang').scrollIntoView().should('exist').click();\ncy.get('[name=\"supply_production\"]').trigger('change');\n// Simpan perubahan\ncy.get('[style=\"display: flex; justify-content: flex-end; margin: 20px 0px;\"] > .MuiButtonBase-root').click();\n// Tunggu respons API selesai\ncy.wait('@updateSettingAccount').then(interception => {\n  // Debug respons API\n  console.log('Request URL:', interception.request.url);\n  console.log('Response Status Code:', interception.response.statusCode);\n  // Validasi status kode API (204 berarti sukses tanpa konten)\n  expect(interception.response.statusCode).to.eq(204);\n  cy.get('.MuiAlert-message').should('be.visible').and('contain', 'Berhasil Menyimpan Data Akun.');\n});",
              "err": {},
              "uuid": "0cfe8c1f-8cff-406a-9846-01d17f210452",
              "parentUUID": "df075891-e542-408c-bb6e-857944a698aa",
              "isHook": false,
              "skipped": true
            },
            {
              "title": "#SETTING_AKUN_06 Update data pengaturan akun data lainnya di isi",
              "fullTitle": "[PENGATURAN-AKUN] #SETTING_AKUN_06 Update data pengaturan akun data lainnya di isi",
              "timedOut": null,
              "duration": 0,
              "state": "skipped",
              "speed": null,
              "pass": false,
              "fail": false,
              "pending": false,
              "context": null,
              "code": "// Intercept permintaan API\ncy.intercept('PUT', '**/api/setting-accounts/*').as('updateSettingAccount');\ncy.get('[data-cy=\"submenu-item-account-setting\"] > [data-cy=\"list-item-button-sub-menu-setting\"]').click();\ncy.get('#panel1-header').click();\ncy.get(':nth-child(5) > .MuiAccordion-heading > #panel2-header > .MuiAccordionSummary-content').click();\n// Ekuitas Saldo Awal\ncy.get('[name=\"balance_equity_beginning\"]').click();\ncy.contains('li', '1-10003 - Giro').scrollIntoView().should('exist').click();\ncy.get('[name=\"balance_equity_beginning\"]').trigger('change');\n// Asset Tetap\ncy.get('[name=\"fix_asset\"]').click();\ncy.contains('li', '1-10102 - Cadangan Kerugian Piutang').scrollIntoView().should('exist').click();\ncy.get('[name=\"fix_asset\"]').trigger('change');\n// Simpan perubahan\ncy.get('[style=\"display: flex; justify-content: flex-end; margin: 20px 0px;\"] > .MuiButtonBase-root').click();\n// Tunggu respons API selesai\ncy.wait('@updateSettingAccount').then(interception => {\n  // Debug respons API\n  console.log('Request URL:', interception.request.url);\n  console.log('Response Status Code:', interception.response.statusCode);\n  // Validasi status kode API (204 berarti sukses tanpa konten)\n  expect(interception.response.statusCode).to.eq(204);\n  cy.get('.MuiAlert-message').should('be.visible').and('contain', 'Berhasil Menyimpan Data Akun.');\n});",
              "err": {},
              "uuid": "f01fe2c2-ae66-4416-9d0a-f4680773bf42",
              "parentUUID": "df075891-e542-408c-bb6e-857944a698aa",
              "isHook": false,
              "skipped": true
            },
            {
              "title": "#SETTING_AKUN_01 Autocomplete di form pengaturan akun",
              "fullTitle": "[PENGATURAN-AKUN] #SETTING_AKUN_01 Autocomplete di form pengaturan akun",
              "timedOut": null,
              "duration": 0,
              "state": "skipped",
              "speed": null,
              "pass": false,
              "fail": false,
              "pending": false,
              "context": null,
              "code": "cy.get('[data-cy=\"submenu-item-account-setting\"] > [data-cy=\"list-item-button-sub-menu-setting\"]').click();\n// Pendapatan penjualan\ncy.get('[name=\"sales_income\"]').clear();\ncy.get('[name=\"sales_income\"]').clear();\ncy.get('[name=\"sales_income\"]').type('giro', {\n  delay: 300\n});\ncy.get('body').type('{esc}'); // Tutup dropdown jika diperlukan\n//  Diskon penjualan\ncy.get('[name=\"sales_discount\"]').clear();\ncy.get('[name=\"sales_discount\"]').clear();\ncy.get('[name=\"sales_discount\"]').type('modal');\ncy.get('body').type('{esc}');\n// Retur Penjualan\ncy.get('[name=\"sales_down_payment\"]').clear();\ncy.get('[name=\"sales_down_payment\"]').clear();\ncy.get('[name=\"sales_down_payment\"]').type('modal');\ncy.get('body').type('{esc}');\n// Penjualan Belum di Tagih\ncy.get('[name=\"sales_unbilled\"]').clear();\ncy.get('[name=\"sales_unbilled\"]').clear();\ncy.get('[name=\"sales_unbilled\"]').type('modal');\ncy.get('body').type('{esc}');\n// Retur Penjualan\ncy.get('[name=\"sales_return\"]').clear();\ncy.get('[name=\"sales_return\"]').clear();\ncy.get('[name=\"sales_return\"]').type('modal');\ncy.get('body').type('{esc}');\n// Piutang belum di tagih\ncy.get('[name=\"sales_uncollected_receivables\"]').clear();\ncy.get('[name=\"sales_uncollected_receivables\"]').clear();\ncy.get('[name=\"sales_uncollected_receivables\"]').type('modal');\ncy.get('body').type('{esc}');\n// Pengiriman penjualan\ncy.get('[name=\"sales_delivery\"]').clear();\ncy.get('[name=\"sales_delivery\"]').clear();\ncy.get('[name=\"sales_delivery\"]').type('modal');\ncy.get('body').type('{esc}');\n// Hutang Pajak Penjualan\ncy.get('[name=\"sales_tax_debt\"]').clear();\ncy.get('[name=\"sales_tax_debt\"]').clear();\ncy.get('[name=\"sales_tax_debt\"]').type('modal');\ncy.get('body').type('{esc}');\ncy.get('#panel1-header').click();\ncy.get(':nth-child(2) > .MuiAccordion-heading > #panel2-header > .MuiAccordionSummary-content').click();\n// Pembelian(COGS)\ncy.get('[name=\"purchase_cogs\"]').clear();\ncy.get('[name=\"purchase_cogs\"]').clear();\ncy.get('[name=\"purchase_cogs\"]').type('modal');\ncy.get('body').type('{esc}');\n// Pembayaran di muka\ncy.get('[name=\"purchase_uncollected_debt\"]').clear();\ncy.get('[name=\"purchase_uncollected_debt\"]').clear();\ncy.get('[name=\"purchase_uncollected_debt\"]').type('modal');\ncy.get('body').type('{esc}');\n// Pengiriman Pembelian\ncy.get('[name=\"purchase_delivery\"]').clear();\ncy.get('[name=\"purchase_delivery\"]').clear();\ncy.get('[name=\"purchase_delivery\"]').type('modal');\ncy.get('body').type('{esc}');\n// Pajak Pembelian\ncy.get('[name=\"purchase_tax\"]').clear();\ncy.get('[name=\"purchase_tax\"]').clear();\ncy.get('[name=\"purchase_tax\"]').type('modal');\ncy.get('body').type('{esc}');\n// Uang Muka Pembelian\ncy.get('[name=\"purchase_down_payment\"]').clear();\ncy.get('[name=\"purchase_down_payment\"]').clear();\ncy.get('[name=\"purchase_down_payment\"]').type('modal');\ncy.get('body').type('{esc}');\ncy.get(':nth-child(2) > .MuiAccordion-heading > #panel2-header > .MuiAccordionSummary-content').click();\ncy.get(':nth-child(3) > .MuiAccordion-heading > #panel2-header > .MuiAccordionSummary-content').click();\n// Piutang Usaha\ncy.get('[name=\"account_receivable\"]').clear();\ncy.get('[name=\"account_receivable\"]').clear();\ncy.get('[name=\"account_receivable\"]').type('modal');\ncy.get('body').type('{esc}');\n// Hutang Usaha\ncy.get('[name=\"account_payable\"]').clear();\ncy.get('[name=\"account_payable\"]').clear();\ncy.get('[name=\"account_payable\"]').type('modal');\ncy.get('body').type('{esc}');\ncy.get(':nth-child(3) > .MuiAccordion-heading > #panel2-header > .MuiAccordionSummary-content').click();\ncy.get(':nth-child(4) > .MuiAccordion-heading > #panel2-header > .MuiAccordionSummary-content').click();\n// Persedian\ncy.get('[name=\"supply_inventory\"]').clear();\ncy.get('[name=\"supply_inventory\"]').clear();\ncy.get('[name=\"supply_inventory\"]').type('modal');\ncy.get('body').type('{esc}');\n// Persedian Rusak\ncy.get('[name=\"supply_damaged\"]').clear();\ncy.get('[name=\"supply_damaged\"]').clear();\ncy.get('[name=\"supply_damaged\"]').type('modal');\ncy.get('body').type('{esc}');\n// Persedian Umumu\ncy.get('[name=\"supply_general\"]').clear();\ncy.get('[name=\"supply_general\"]').clear();\ncy.get('[name=\"supply_general\"]').type('modal');\ncy.get('body').type('{esc}');\n// Persediaan Produksi\ncy.get('[name=\"supply_production\"]').clear();\ncy.get('[name=\"supply_production\"]').clear();\ncy.get('[name=\"supply_production\"]').type('modal');\ncy.get('body').type('{esc}');\ncy.get(':nth-child(4) > .MuiAccordion-heading > #panel2-header > .MuiAccordionSummary-content').click();\ncy.get(':nth-child(5) > .MuiAccordion-heading > #panel2-header > .MuiAccordionSummary-content').click();\n// Ekuitas Saldo Awal\ncy.get('[name=\"balance_equity_beginning\"]').clear();\ncy.get('[name=\"balance_equity_beginning\"]').clear();\ncy.get('[name=\"balance_equity_beginning\"]').type('modal');\ncy.get('body').type('{esc}');\n// Asset Tetap\ncy.get('[name=\"fix_asset\"]').clear();\ncy.get('[name=\"fix_asset\"]').clear();\ncy.get('[name=\"fix_asset\"]').type('modal');\ncy.get('body').type('{esc}');",
              "err": {},
              "uuid": "e8ab9951-5fe6-41da-856c-c1cbd6f14851",
              "parentUUID": "df075891-e542-408c-bb6e-857944a698aa",
              "isHook": false,
              "skipped": true
            },
            {
              "title": "#SETTING_AKUN_01 Batal memilih hasil dari autocomplite",
              "fullTitle": "[PENGATURAN-AKUN] #SETTING_AKUN_01 Batal memilih hasil dari autocomplite",
              "timedOut": null,
              "duration": 0,
              "state": "skipped",
              "speed": null,
              "pass": false,
              "fail": false,
              "pending": false,
              "context": null,
              "code": "cy.get('[data-cy=\"submenu-item-account-setting\"] > [data-cy=\"list-item-button-sub-menu-setting\"]').click();\n// Pembayaran dimuka\ncy.get('[name=\"sales_income\"]').trigger('mouseover');\ncy.get('[name=\"sales_income\"]') // Ganti dengan selektor text field\n.type('1-10102 - Cadangan Kerugian Piutang'); // Isi text field dengan nilai\ncy.get('[name=\"sales_income\"]').trigger('mouseover');\ncy.get('#panel1-content > .MuiAccordionDetails-root > .MuiGrid2-spacing-xs-2 > :nth-child(1) > .MuiGrid2-grid-xs-7 > .MuiAutocomplete-root > .MuiFormControl-root > .MuiInputBase-root > .MuiAutocomplete-endAdornment > .MuiAutocomplete-clearIndicator > [data-testid=\"CloseIcon\"]').click();\ncy.get('body').type('{esc}'); // Tutup dropdown jika diperlukan\n// Pembayaran dimuka\ncy.get('[name=\"sales_down_payment\"]').trigger('mouseover');\ncy.get('[name=\"sales_down_payment\"]').type('1-10102 - Cadangan Kerugian Piutang');\ncy.get('[name=\"sales_down_payment\"]').trigger('mouseover');\ncy.get('#panel1-content > .MuiAccordionDetails-root > .MuiGrid2-spacing-xs-2 > :nth-child(2) > .MuiGrid2-grid-xs-7 > .MuiAutocomplete-root > .MuiFormControl-root > .MuiInputBase-root > .MuiAutocomplete-endAdornment > .MuiAutocomplete-clearIndicator').click();\ncy.get('body').type('{esc}');\n// Diskon penjual\ncy.get('[name=\"sales_discount\"]').trigger('mouseover');\ncy.get('[name=\"sales_discount\"]').type('1-10102 - Cadangan Kerugian Piutang');\ncy.get('[name=\"sales_discount\"]').trigger('mouseover');\ncy.get('#panel1-content > .MuiAccordionDetails-root > .MuiGrid2-spacing-xs-2 > :nth-child(3) > .MuiGrid2-grid-xs-7 > .MuiAutocomplete-root > .MuiFormControl-root > .MuiInputBase-root > .MuiAutocomplete-endAdornment > .MuiAutocomplete-clearIndicator').click();\ncy.get('body').type('{esc}');\n// Penjualan Belum di Tagih\ncy.get('[name=\"sales_unbilled\"]').trigger('mouseover');\ncy.get('[name=\"sales_unbilled\"]').type('1-10102 - Cadangan Kerugian Piutang');\ncy.get('[name=\"sales_unbilled\"]').trigger('mouseover');\ncy.get('#panel1-content > .MuiAccordionDetails-root > .MuiGrid2-spacing-xs-2 > :nth-child(4) > .MuiGrid2-grid-xs-7 > .MuiAutocomplete-root > .MuiFormControl-root > .MuiInputBase-root > .MuiAutocomplete-endAdornment > .MuiAutocomplete-clearIndicator').click();\ncy.get('body').type('{esc}');\n// Retur penjualan\ncy.get('[name=\"sales_return\"]').trigger('mouseover');\ncy.get('[name=\"sales_return\"]').type('1-10102 - Cadangan Kerugian Piutang');\ncy.get('[name=\"sales_return\"]').trigger('mouseover');\ncy.get('#panel1-content > .MuiAccordionDetails-root > .MuiGrid2-spacing-xs-2 > :nth-child(5) > .MuiGrid2-grid-xs-7 > .MuiAutocomplete-root > .MuiFormControl-root > .MuiInputBase-root > .MuiAutocomplete-endAdornment > .MuiAutocomplete-clearIndicator').click();\ncy.get('body').type('{esc}');\n// Piutang belum di tagih\ncy.get('[name=\"sales_uncollected_receivables\"]').trigger('mouseover');\ncy.get('[name=\"sales_uncollected_receivables\"]').type('1-10102 - Cadangan Kerugian Piutang');\ncy.get('[name=\"sales_uncollected_receivables\"]').trigger('mouseover');\ncy.get('#panel1-content > .MuiAccordionDetails-root > .MuiGrid2-spacing-xs-2 > :nth-child(6) > .MuiGrid2-grid-xs-7 > .MuiAutocomplete-root > .MuiFormControl-root > .MuiInputBase-root > .MuiAutocomplete-endAdornment > .MuiAutocomplete-clearIndicator').click();\ncy.get('body').type('{esc}');\n// Pengiriman penjualan\ncy.get('[name=\"sales_delivery\"]').trigger('mouseover');\ncy.get('[name=\"sales_delivery\"]').type('1-10102 - Cadangan Kerugian Piutang');\ncy.get('[name=\"sales_delivery\"]').trigger('mouseover');\ncy.get('#panel1-content > .MuiAccordionDetails-root > .MuiGrid2-spacing-xs-2 > :nth-child(7) > .MuiGrid2-grid-xs-7 > .MuiAutocomplete-root > .MuiFormControl-root > .MuiInputBase-root > .MuiAutocomplete-endAdornment > .MuiAutocomplete-clearIndicator').click();\ncy.get('body').type('{esc}');\n// Hutang Pajak Penjualan\ncy.get('[name=\"sales_tax_debt\"]').trigger('mouseover');\ncy.get('[name=\"sales_tax_debt\"]').type('1-10102 - Cadangan Kerugian Piutang');\ncy.get('[name=\"sales_tax_debt\"]').trigger('mouseover');\ncy.get('#panel1-content > .MuiAccordionDetails-root > .MuiGrid2-spacing-xs-2 > :nth-child(8) > .MuiGrid2-grid-xs-7 > .MuiAutocomplete-root > .MuiFormControl-root > .MuiInputBase-root > .MuiAutocomplete-endAdornment > .MuiAutocomplete-clearIndicator').click();\ncy.get('body').type('{esc}');\ncy.get('#panel1-header').click();\ncy.get(':nth-child(2) > .MuiAccordion-heading > #panel2-header > .MuiAccordionSummary-content').click();\n// Pembelian(COGS)\ncy.get('[name=\"purchase_cogs\"]').trigger('mouseover');\ncy.get('[name=\"purchase_cogs\"]').type('1-10102 - Cadangan Kerugian Piutang');\ncy.get('[name=\"purchase_cogs\"]').trigger('mouseover');\ncy.get(':nth-child(2) > .MuiCollapse-root > .MuiCollapse-wrapper > .MuiCollapse-wrapperInner > #panel2-content > .MuiAccordionDetails-root > .MuiGrid2-spacing-xs-2 > :nth-child(1) > .MuiGrid2-grid-xs-7 > .MuiAutocomplete-root > .MuiFormControl-root > .MuiInputBase-root > .MuiAutocomplete-endAdornment > .MuiAutocomplete-clearIndicator > [data-testid=\"CloseIcon\"]').click();\ncy.get('body').type('{esc}');\n// Pembayaran di muka\ncy.get('[name=\"purchase_uncollected_debt\"]').trigger('mouseover');\ncy.get('[name=\"purchase_uncollected_debt\"]').type('1-10102 - Cadangan Kerugian Piutang');\ncy.get('[name=\"purchase_uncollected_debt\"]').trigger('mouseover');\ncy.get(':nth-child(2) > .MuiCollapse-root > .MuiCollapse-wrapper > .MuiCollapse-wrapperInner > #panel2-content > .MuiAccordionDetails-root > .MuiGrid2-spacing-xs-2 > :nth-child(2) > .MuiGrid2-grid-xs-7 > .MuiAutocomplete-root > .MuiFormControl-root > .MuiInputBase-root > .MuiAutocomplete-endAdornment > .MuiAutocomplete-clearIndicator > [data-testid=\"CloseIcon\"]').click();\ncy.get('body').type('{esc}');\n// Pengiriman Pembelian\ncy.get('[name=\"purchase_delivery\"]').trigger('mouseover');\ncy.get('[name=\"purchase_delivery\"]').type('1-10102 - Cadangan Kerugian Piutang');\ncy.get('[name=\"purchase_delivery\"]').trigger('mouseover');\ncy.get(':nth-child(2) > .MuiCollapse-root > .MuiCollapse-wrapper > .MuiCollapse-wrapperInner > #panel2-content > .MuiAccordionDetails-root > .MuiGrid2-spacing-xs-2 > :nth-child(3) > .MuiGrid2-grid-xs-7 > .MuiAutocomplete-root > .MuiFormControl-root > .MuiInputBase-root > .MuiAutocomplete-endAdornment > .MuiAutocomplete-clearIndicator > [data-testid=\"CloseIcon\"]').click();\ncy.get('body').type('{esc}');\n// Pajak Pembelian\ncy.get('[name=\"purchase_tax\"]').trigger('mouseover');\ncy.get('[name=\"purchase_tax\"]').type('1-10102 - Cadangan Kerugian Piutang');\ncy.get('[name=\"purchase_tax\"]').trigger('mouseover');\ncy.get(':nth-child(2) > .MuiCollapse-root > .MuiCollapse-wrapper > .MuiCollapse-wrapperInner > #panel2-content > .MuiAccordionDetails-root > .MuiGrid2-spacing-xs-2 > :nth-child(4) > .MuiGrid2-grid-xs-7 > .MuiAutocomplete-root > .MuiFormControl-root > .MuiInputBase-root > .MuiAutocomplete-endAdornment > .MuiAutocomplete-clearIndicator > [data-testid=\"CloseIcon\"]').click();\ncy.get('body').type('{esc}');\ncy.get(':nth-child(3) > .MuiAccordion-heading > #panel2-header').click();\n// Uang Muka Pembelian\ncy.get('[name=\"purchase_down_payment\"]').trigger('mouseover');\ncy.get('[name=\"purchase_down_payment\"]').type('1-10102 - Cadangan Kerugian Piutang');\ncy.get('[name=\"purchase_down_payment\"]').trigger('mouseover');\ncy.get(':nth-child(2) > .MuiCollapse-root > .MuiCollapse-wrapper > .MuiCollapse-wrapperInner > #panel2-content > .MuiAccordionDetails-root > .MuiGrid2-spacing-xs-2 > :nth-child(5) > .MuiGrid2-grid-xs-7 > .MuiAutocomplete-root > .MuiFormControl-root > .MuiInputBase-root > .MuiAutocomplete-endAdornment > .MuiAutocomplete-clearIndicator > [data-testid=\"CloseIcon\"]').click();\ncy.get('body').type('{esc}');\ncy.get(':nth-child(2) > .MuiAccordion-heading > #panel2-header > .MuiAccordionSummary-content').click();\ncy.get('.MuiPaper-root.Mui-expanded > .MuiAccordion-heading > #panel2-header > .MuiAccordionSummary-content').click();\ncy.get(':nth-child(3) > .MuiAccordion-heading > #panel2-header > .MuiAccordionSummary-content').click();\ncy.get('[name=\"account_receivable\"]').trigger('mouseover');\ncy.get('[name=\"account_receivable\"]').type('1-10102 - Cadangan Kerugian Piutang');\ncy.get('[name=\"account_receivable\"]').trigger('mouseover');\ncy.get('.MuiPaper-root.Mui-expanded > .MuiCollapse-root > .MuiCollapse-wrapper > .MuiCollapse-wrapperInner > #panel2-content > .MuiAccordionDetails-root > .MuiGrid2-spacing-xs-2 > :nth-child(1) > .MuiGrid2-grid-xs-7 > .MuiAutocomplete-root > .MuiFormControl-root > .MuiInputBase-root > .MuiAutocomplete-endAdornment > .MuiAutocomplete-clearIndicator > [data-testid=\"CloseIcon\"]').click();\ncy.get('body').type('{esc}');\ncy.get('[name=\"account_payable\"]').trigger('mouseover');\ncy.get('[name=\"account_payable\"]').type('1-10102 - Cadangan Kerugian Piutang');\ncy.get('[name=\"account_payable\"]').trigger('mouseover');\ncy.get('.MuiPaper-root.Mui-expanded > .MuiCollapse-root > .MuiCollapse-wrapper > .MuiCollapse-wrapperInner > #panel2-content > .MuiAccordionDetails-root > .MuiGrid2-spacing-xs-2 > :nth-child(2) > .MuiGrid2-grid-xs-7 > .MuiAutocomplete-root > .MuiFormControl-root > .MuiInputBase-root > .MuiAutocomplete-endAdornment > .MuiAutocomplete-clearIndicator > [data-testid=\"CloseIcon\"]').click();\ncy.get('body').type('{esc}');\ncy.get('.MuiPaper-root.Mui-expanded > .MuiAccordion-heading > #panel2-header > .MuiAccordionSummary-content').click();\ncy.get(':nth-child(4) > .MuiAccordion-heading > #panel2-header > .MuiAccordionSummary-content').click();\ncy.get('[name=\"supply_inventory\"]').trigger('mouseover');\ncy.get('[name=\"supply_inventory\"]').type('1-10102 - Cadangan Kerugian Piutang');\ncy.get('[name=\"supply_inventory\"]').trigger('mouseover');\ncy.get('.MuiPaper-root.Mui-expanded > .MuiCollapse-root > .MuiCollapse-wrapper > .MuiCollapse-wrapperInner > #panel2-content > .MuiAccordionDetails-root > .MuiGrid2-spacing-xs-2 > :nth-child(1) > .MuiGrid2-grid-xs-7 > .MuiAutocomplete-root > .MuiFormControl-root > .MuiInputBase-root > .MuiAutocomplete-endAdornment > .MuiAutocomplete-clearIndicator').click();\ncy.get('body').type('{esc}');\ncy.get('[name=\"supply_damaged\"]').trigger('mouseover');\ncy.get('[name=\"supply_damaged\"]').type('1-10102 - Cadangan Kerugian Piutang');\ncy.get('[name=\"supply_damaged\"]').trigger('mouseover');\ncy.get('.MuiPaper-root.Mui-expanded > .MuiCollapse-root > .MuiCollapse-wrapper > .MuiCollapse-wrapperInner > #panel2-content > .MuiAccordionDetails-root > .MuiGrid2-spacing-xs-2 > :nth-child(2) > .MuiGrid2-grid-xs-7 > .MuiAutocomplete-root > .MuiFormControl-root > .MuiInputBase-root > .MuiAutocomplete-endAdornment > .MuiAutocomplete-clearIndicator').click();\ncy.get('body').type('{esc}');\ncy.get('[name=\"supply_general\"]').trigger('mouseover');\ncy.get('[name=\"supply_general\"]').type('1-10102 - Cadangan Kerugian Piutang');\ncy.get('[name=\"supply_general\"]').trigger('mouseover');\ncy.get('.MuiPaper-root.Mui-expanded > .MuiCollapse-root > .MuiCollapse-wrapper > .MuiCollapse-wrapperInner > #panel2-content > .MuiAccordionDetails-root > .MuiGrid2-spacing-xs-2 > :nth-child(3) > .MuiGrid2-grid-xs-7 > .MuiAutocomplete-root > .MuiFormControl-root > .MuiInputBase-root > .MuiAutocomplete-endAdornment > .MuiAutocomplete-clearIndicator').click();\ncy.get('body').type('{esc}');\ncy.get('[name=\"supply_production\"]').trigger('mouseover');\ncy.get('[name=\"supply_production\"]').type('1-10102 - Cadangan Kerugian Piutang');\ncy.get('[name=\"supply_production\"]').trigger('mouseover');\ncy.get('.MuiPaper-root.Mui-expanded > .MuiCollapse-root > .MuiCollapse-wrapper > .MuiCollapse-wrapperInner > #panel2-content > .MuiAccordionDetails-root > .MuiGrid2-spacing-xs-2 > :nth-child(4) > .MuiGrid2-grid-xs-7 > .MuiAutocomplete-root > .MuiFormControl-root > .MuiInputBase-root > .MuiAutocomplete-endAdornment > .MuiAutocomplete-clearIndicator').click();\ncy.get('body').type('{esc}');\ncy.get('.MuiPaper-root.Mui-expanded > .MuiAccordion-heading > #panel2-header > .MuiAccordionSummary-content').click();\ncy.get(':nth-child(5) > .MuiAccordion-heading > #panel2-header > .MuiAccordionSummary-content').click();\ncy.get('[name=\"balance_equity_beginning\"]').trigger('mouseover');\ncy.get('[name=\"balance_equity_beginning\"]').type('1-10102 - Cadangan Kerugian Piutang');\ncy.get('[name=\"balance_equity_beginning\"]').trigger('mouseover');\ncy.get(':nth-child(1) > .MuiGrid2-grid-xs-7 > .MuiAutocomplete-root > .MuiFormControl-root > .MuiInputBase-root > .MuiAutocomplete-endAdornment > .MuiAutocomplete-clearIndicator').click();\ncy.get('body').type('{esc}');\ncy.get('[name=\"fix_asset\"]').trigger('mouseover');\ncy.get('[name=\"fix_asset\"]').type('1-10102 - Cadangan Kerugian Piutang');\ncy.get('[name=\"fix_asset\"]').trigger('mouseover');\ncy.get(':nth-child(2) > .MuiGrid2-grid-xs-7 > .MuiAutocomplete-root > .MuiFormControl-root > .MuiInputBase-root > .MuiAutocomplete-endAdornment > .MuiAutocomplete-clearIndicator').click();\ncy.get('body').type('{esc}');\ncy.get('[style=\"display: flex; justify-content: flex-end; margin: 20px 0px;\"] > .MuiButtonBase-root').click();",
              "err": {},
              "uuid": "6dd150bd-fbb8-45b7-8c7d-ca8836416c0c",
              "parentUUID": "df075891-e542-408c-bb6e-857944a698aa",
              "isHook": false,
              "skipped": true
            },
            {
              "title": "should trigger spam hit",
              "fullTitle": "[PENGATURAN-AKUN] should trigger spam hit",
              "timedOut": null,
              "duration": 0,
              "state": "skipped",
              "speed": null,
              "pass": false,
              "fail": false,
              "pending": false,
              "context": null,
              "code": "// Navigasi ke submenu \"Pengaturan Akun\"\ncy.get('[data-cy=\"submenu-item-account-setting\"] > [data-cy=\"list-item-button-sub-menu-setting\"]').click();\n// Mock API untuk menangkap permintaan\ncy.intercept('PUT', '/api/setting-accounts', {\n  statusCode: 200,\n  body: {\n    message: 'Success'\n  }\n}).as('updateSettings');\n// Simulasi spam dengan klik tombol \"Simpan\" sebanyak 10 kali\nfor (let i = 0; i < 10; i++) {\n  cy.get('[style=\"display: flex; justify-content: flex-end; margin: 20px 0px;\"] > .MuiButtonBase-root').click();\n}",
              "err": {},
              "uuid": "08d7a317-cffb-4651-8410-a627ea7dc0cb",
              "parentUUID": "df075891-e542-408c-bb6e-857944a698aa",
              "isHook": false,
              "skipped": true
            }
          ],
          "suites": [],
          "passes": [],
          "failures": [
            "0217d3d3-af67-43dc-b2d7-0cf41061e44f"
          ],
          "pending": [],
          "skipped": [
            "eb5af04e-23c4-4ddd-95f8-15ef05e4685e",
            "2f82d011-613a-4dff-b0ec-58328cff5a32",
            "b3928760-7b74-40ec-b732-6f36caeed990",
            "2fcbe774-2e49-44cd-9be3-6cc0608c35e7",
            "7f25c5c3-0eb9-481a-bafb-f12d277d3a74",
            "735f229a-75e3-48fb-824a-16078f8a6929",
            "6c9fe0c1-9e9f-45df-92d0-f116d1544a48",
            "aa05e769-fb93-480f-89f7-4406c6590483",
            "a85fea56-9eee-4477-b907-1ab3e5c2cf8a",
            "0cfe8c1f-8cff-406a-9846-01d17f210452",
            "f01fe2c2-ae66-4416-9d0a-f4680773bf42",
            "e8ab9951-5fe6-41da-856c-c1cbd6f14851",
            "6dd150bd-fbb8-45b7-8c7d-ca8836416c0c",
            "08d7a317-cffb-4651-8410-a627ea7dc0cb"
          ],
          "duration": 1624,
          "root": false,
          "rootEmpty": false,
          "_timeout": 2000
        }
      ],
      "passes": [],
      "failures": [],
      "pending": [],
      "skipped": [],
      "duration": 0,
      "root": true,
      "rootEmpty": true,
      "_timeout": 2000
    }
  ],
  "meta": {
    "mocha": {
      "version": "7.0.1"
    },
    "mochawesome": {
      "options": {
        "quiet": false,
        "reportFilename": "mochawesome",
        "saveHtml": false,
        "saveJson": true,
        "consoleReporter": "spec",
        "useInlineDiffs": false,
        "code": true
      },
      "version": "7.1.3"
    },
    "marge": {
      "options": {
        "charts": true,
        "reportPageTitle": "custom-title",
        "embeddedScreenshots": true,
        "inlineAssets": true,
        "saveAllAttempts": false,
        "overwrite": false,
        "html": false,
        "json": true,
        "reportDir": "cypress/reports/html/.jsons"
      },
      "version": "6.2.0"
    }
  }
}