{
  "stats": {
    "suites": 1,
    "tests": 1,
    "passes": 0,
    "pending": 0,
    "failures": 1,
    "start": "2024-12-19T02:12:41.304Z",
    "end": "2024-12-19T02:12:43.270Z",
    "duration": 1966,
    "testsRegistered": 23,
    "passPercent": 0,
    "pendingPercent": 0,
    "other": 0,
    "hasOther": false,
    "skipped": 22,
    "hasSkipped": true
  },
  "results": [
    {
      "uuid": "57e33f37-a2d1-4b7f-92e2-58a7dfc30896",
      "title": "",
      "fullFile": "cypress/e2e/PENGATURAN/PENGATURAN_pajak.cy.js",
      "file": "cypress/e2e/PENGATURAN/PENGATURAN_pajak.cy.js",
      "beforeHooks": [],
      "afterHooks": [],
      "tests": [],
      "suites": [
        {
          "uuid": "478e174a-e9cf-42cc-8908-7caa87f1cd8e",
          "title": "[PENGATURAN-PAJAK] - Munculkan text tidak ada data, ketika tidak ada data pajak",
          "fullFile": "",
          "file": "",
          "beforeHooks": [],
          "afterHooks": [],
          "tests": [
            {
              "title": "Chek kesesuainan halaman Pengaturan Pajak dengan design yang ada",
              "fullTitle": "[PENGATURAN-PAJAK] - Munculkan text tidak ada data, ketika tidak ada data pajak Chek kesesuainan halaman Pengaturan Pajak dengan design yang ada",
              "timedOut": null,
              "duration": 1621,
              "state": "failed",
              "speed": null,
              "pass": false,
              "fail": true,
              "pending": false,
              "context": "{\n  \"title\": \"cypress-mochawesome-reporter-screenshots\",\n  \"value\": [\n    [\n      \"/PENGATURAN/PENGATURAN_pajak.cy.js/[PENGATURAN-PAJAK] - Munculkan text tidak ada data, ketika tidak ada data pajak -- Chek kesesuainan halaman Pengaturan Pajak dengan design yang ada -- before each hook (failed).png\"\n    ]\n  ]\n}",
              "code": "cy.get('[data-cy=\"submenu-item-tax-setting\"] > [data-cy=\"list-item-button-sub-menu-setting\"]').click();\ncy.get('input[placeholder=\"Cari Pajak\"]');\ncy.get('.MuiStack-root > .MuiButtonBase-root').should('be.visible').and('contain', 'Tambah Pajak');\ncy.get('.css-16laxg8-MuiTypography-root').should('be.visible').and('contain', 'Semua Pajak');\ncy.get('.MuiTableHead-root > .MuiTableRow-root > :nth-child(1)').should('be.visible').and('contain', 'Nama');\ncy.get('.MuiTableHead-root > .MuiTableRow-root > :nth-child(2)').should('be.visible').and('contain', 'Persentase Efektif %');\ncy.get('.MuiTableHead-root > .MuiTableRow-root > :nth-child(3)').should('be.visible').and('contain', 'Akun Pajak Penjualan');\ncy.get('.MuiTableHead-root > .MuiTableRow-root > :nth-child(4)').should('be.visible').and('contain', 'Akun Pajak Pembelian');\ncy.get('.MuiTableHead-root > .MuiTableRow-root > :nth-child(5)').should('be.visible').and('contain', 'Pemotongan');\ncy.get('.MuiTableHead-root > .MuiTableRow-root > :nth-child(6)').scrollIntoView().should('be.visible').and('contain', 'Status');\ncy.get('.MuiTableHead-root > .MuiTableRow-root > :nth-child(7)').scrollIntoView().should('be.visible').and('contain', 'Aksi');",
              "err": {
                "message": "ReferenceError: The following error originated from your application code, not from Cypress.\n\n  > CreatedNewAsset is not defined\n\nWhen Cypress detects uncaught errors originating from your application it will automatically fail the current test.\n\nThis behavior is configurable, and you can choose to turn this off by listening to the `uncaught:exception` event.\n\nhttps://on.cypress.io/uncaught-exception-from-application\n\nBecause this error occurred during a `before each` hook we are skipping the remaining tests in the current suite: `[PENGATURAN-PAJAK] - Muncul...`",
                "estack": "ReferenceError: The following error originated from your application code, not from Cypress.\n\n  > CreatedNewAsset is not defined\n\nWhen Cypress detects uncaught errors originating from your application it will automatically fail the current test.\n\nThis behavior is configurable, and you can choose to turn this off by listening to the `uncaught:exception` event.\n\nhttps://on.cypress.io/uncaught-exception-from-application\n\nBecause this error occurred during a `before each` hook we are skipping the remaining tests in the current suite: `[PENGATURAN-PAJAK] - Muncul...`\n    at <unknown> (http://localhost:5173/src/routers/admin-routes.jsx:3237:34)",
                "diff": null
              },
              "uuid": "971893fd-2455-4a58-b1e7-7d6a18c792f0",
              "parentUUID": "478e174a-e9cf-42cc-8908-7caa87f1cd8e",
              "isHook": false,
              "skipped": false
            },
            {
              "title": "Harus memunculkan text tidak ada data",
              "fullTitle": "[PENGATURAN-PAJAK] - Munculkan text tidak ada data, ketika tidak ada data pajak Harus memunculkan text tidak ada data",
              "timedOut": null,
              "duration": 0,
              "state": "skipped",
              "speed": null,
              "pass": false,
              "fail": false,
              "pending": false,
              "context": null,
              "code": "cy.get('[data-cy=\"submenu-item-tax-setting\"] > [data-cy=\"list-item-button-sub-menu-setting\"]').click();\ncy.get('.MuiTableBody-root > .MuiTableRow-root > .MuiTableCell-root').should('exist').and('contain', 'Tidak ada data');",
              "err": {},
              "uuid": "c4f709a7-777f-4f32-8423-1b955af72beb",
              "parentUUID": "478e174a-e9cf-42cc-8908-7caa87f1cd8e",
              "isHook": false,
              "skipped": true
            },
            {
              "title": "harus memunculkan text tidak ada data, ketika pencarian",
              "fullTitle": "[PENGATURAN-PAJAK] - Munculkan text tidak ada data, ketika tidak ada data pajak harus memunculkan text tidak ada data, ketika pencarian",
              "timedOut": null,
              "duration": 0,
              "state": "skipped",
              "speed": null,
              "pass": false,
              "fail": false,
              "pending": false,
              "context": null,
              "code": "cy.get('[data-cy=\"submenu-item-tax-setting\"] > [data-cy=\"list-item-button-sub-menu-setting\"]').click();\ncy.get('.MuiTableBody-root > .MuiTableRow-root > .MuiTableCell-root').should('exist').and('contain', 'Tidak ada data');\ncy.get('input[placeholder=\"Cari Pajak\"]').type('pajaka 100');\ncy.get('.MuiTableBody-root > .MuiTableRow-root > .MuiTableCell-root').should('exist').and('contain', 'Tidak ada data');",
              "err": {},
              "uuid": "9682bbb5-279a-406c-b3db-3c8502e68f50",
              "parentUUID": "478e174a-e9cf-42cc-8908-7caa87f1cd8e",
              "isHook": false,
              "skipped": true
            },
            {
              "title": "harus bisa membuka halaman tambah pajak",
              "fullTitle": "[PENGATURAN-PAJAK] - Munculkan text tidak ada data, ketika tidak ada data pajak harus bisa membuka halaman tambah pajak",
              "timedOut": null,
              "duration": 0,
              "state": "skipped",
              "speed": null,
              "pass": false,
              "fail": false,
              "pending": false,
              "context": null,
              "code": "cy.get('[data-cy=\"submenu-item-tax-setting\"] > [data-cy=\"list-item-button-sub-menu-setting\"]').click();\ncy.get('.MuiStack-root > .MuiButtonBase-root').click();",
              "err": {},
              "uuid": "93b35b96-95ae-4449-af7a-e55f16d5529c",
              "parentUUID": "478e174a-e9cf-42cc-8908-7caa87f1cd8e",
              "isHook": false,
              "skipped": true
            },
            {
              "title": "modal tambah pajak harus sesuai dengan design",
              "fullTitle": "[PENGATURAN-PAJAK] - Munculkan text tidak ada data, ketika tidak ada data pajak modal tambah pajak harus sesuai dengan design",
              "timedOut": null,
              "duration": 0,
              "state": "skipped",
              "speed": null,
              "pass": false,
              "fail": false,
              "pending": false,
              "context": null,
              "code": "cy.get('[data-cy=\"submenu-item-tax-setting\"] > [data-cy=\"list-item-button-sub-menu-setting\"]').click();\ncy.get('.MuiStack-root > .MuiButtonBase-root').click();\ncy.get('#modal-title').should('exist').and('contain', 'Tambah Pajak Baru');\ncy.get('.css-1j72te2 > .MuiButtonBase-root').should('exist');\ncy.get('.MuiGrid2-container > :nth-child(1) > .MuiFormLabel-root').should('exist').and('contain', 'Nama');\ncy.get(':nth-child(3) > .MuiFormLabel-root').should('exist').and('contain', 'Persentase Efektif %');\ncy.get(':nth-child(5) > .MuiFormLabel-root').should('exist').and('contain', 'Pemotongan');\ncy.get(':nth-child(7) > .MuiFormLabel-root').should('exist').and('contain', 'Akun Pajak Penjualan');\ncy.get(':nth-child(9) > .MuiFormLabel-root').should('exist').and('contain', 'Akun Pajak Pembelian');\ncy.get('.MuiButton-text').should('be.visible').and('contain', 'Batalkan');\ncy.get('.css-1j0u08r-MuiGrid2-root > div > .MuiButton-contained').should('exist').and('contain', 'Tambah Baru');",
              "err": {},
              "uuid": "77593077-3e4c-46c0-a27a-19ad2a3e5784",
              "parentUUID": "478e174a-e9cf-42cc-8908-7caa87f1cd8e",
              "isHook": false,
              "skipped": true
            },
            {
              "title": "harus berhasil menutup modal tambah pajak",
              "fullTitle": "[PENGATURAN-PAJAK] - Munculkan text tidak ada data, ketika tidak ada data pajak harus berhasil menutup modal tambah pajak",
              "timedOut": null,
              "duration": 0,
              "state": "skipped",
              "speed": null,
              "pass": false,
              "fail": false,
              "pending": false,
              "context": null,
              "code": "cy.get('[data-cy=\"submenu-item-tax-setting\"] > [data-cy=\"list-item-button-sub-menu-setting\"]').click();\ncy.get('.MuiStack-root > .MuiButtonBase-root').click();\ncy.get('.MuiButton-text').should('exist').click();",
              "err": {},
              "uuid": "94a9ac36-3781-4b42-8d3b-47fb13fd2a4f",
              "parentUUID": "478e174a-e9cf-42cc-8908-7caa87f1cd8e",
              "isHook": false,
              "skipped": true
            },
            {
              "title": "harus berhasil menambah pajak, semua field di isi",
              "fullTitle": "[PENGATURAN-PAJAK] - Munculkan text tidak ada data, ketika tidak ada data pajak harus berhasil menambah pajak, semua field di isi",
              "timedOut": null,
              "duration": 0,
              "state": "skipped",
              "speed": null,
              "pass": false,
              "fail": false,
              "pending": false,
              "context": null,
              "code": "cy.get('[data-cy=\"submenu-item-tax-setting\"] > [data-cy=\"list-item-button-sub-menu-setting\"]').click();\ncy.get('.MuiStack-root > .MuiButtonBase-root').click();\ncy.get('[name=\"tax_name\"]').should('exist').type('penghasilan');\ncy.get('[name=\"tax_effective_percentage\"]').should('exist').type('10');\ncy.get('[name=\"tax_deduction\"').should('exist').click();\ncy.get('[name=\"tax_sales_account\"]').click();\ncy.contains('li', '1-10102 - Cadangan Kerugian Piutang').scrollIntoView().should('exist').click();\ncy.get('[name=\"tax_sales_account\"]').trigger('change');\ncy.get('[name=\"tax_purchase_account\"]').click();\ncy.contains('li', '1-10102 - Cadangan Kerugian Piutang').scrollIntoView().should('exist').click();\ncy.get('[name=\"tax_purchase_account\"]').trigger('change');\ncy.get('.css-1j0u08r-MuiGrid2-root > div > .MuiButton-contained').should('exist').click();\ncy.get('.MuiAlert-message').should('exist').and('contain', 'Berhasil Menambahkan Data Pajak.');\ncy.get('.MuiTableBody-root > .MuiTableRow-root > :nth-child(3)').should('exist').and('contain', 'Cadangan Kerugian Piutang');",
              "err": {},
              "uuid": "60d7319f-7aef-444c-acda-51b08ec7b43b",
              "parentUUID": "478e174a-e9cf-42cc-8908-7caa87f1cd8e",
              "isHook": false,
              "skipped": true
            },
            {
              "title": "harus berhasil mengambil daftar dropdown tax_sales_account",
              "fullTitle": "[PENGATURAN-PAJAK] - Munculkan text tidak ada data, ketika tidak ada data pajak harus berhasil mengambil daftar dropdown tax_sales_account",
              "timedOut": null,
              "duration": 0,
              "state": "skipped",
              "speed": null,
              "pass": false,
              "fail": false,
              "pending": false,
              "context": null,
              "code": "// Navigasi ke submenu Pajak\ncy.get('[data-cy=\"submenu-item-tax-setting\"] > [data-cy=\"list-item-button-sub-menu-setting\"]').click();\n// Klik tombol tambah pajak\ncy.get('.MuiStack-root > .MuiButtonBase-root').click();\n// Klik pada dropdown tax_sales_account\ncy.get('[name=\"tax_sales_account\"]').should('exist').click();\n// Cari elemen list yang muncul dalam dropdown\ncy.get('.MuiAutocomplete-option') // Selector elemen dropdown list (sesuai class)\n.should('be.visible') // Pastikan elemen terlihat\n.each((item, index) => {\n  // Log setiap item untuk verifikasi\n  cy.wrap(item).invoke('text').then(text => {\n    cy.log(`Item ${index + 1}: ${text}`); // Log teks setiap item\n  });\n});\n// Pilih elemen spesifik (opsional)\ncy.get('.MuiAutocomplete-option').contains('1-10001 - Kas') // Ganti teks sesuai item yang ingin dipilih\n.click();\ncy.get('.MuiAutocomplete-clearIndicator').click();",
              "err": {},
              "uuid": "26ea4f91-0957-4871-8c6a-8b3324f2ff55",
              "parentUUID": "478e174a-e9cf-42cc-8908-7caa87f1cd8e",
              "isHook": false,
              "skipped": true
            },
            {
              "title": "Harus bisa merubah toogle pemotongan dari non aktif menjadi aktif",
              "fullTitle": "[PENGATURAN-PAJAK] - Munculkan text tidak ada data, ketika tidak ada data pajak Harus bisa merubah toogle pemotongan dari non aktif menjadi aktif",
              "timedOut": null,
              "duration": 0,
              "state": "skipped",
              "speed": null,
              "pass": false,
              "fail": false,
              "pending": false,
              "context": null,
              "code": "cy.get('[data-cy=\"submenu-item-tax-setting\"] > [data-cy=\"list-item-button-sub-menu-setting\"]').click();\ncy.get('.MuiTableBody-root > :nth-child(1) > :nth-child(6)').scrollIntoView().click();\ncy.get('.MuiAlert-message').should('exist').and('contain', 'Berhasil Mengubah Status Pajak.');",
              "err": {},
              "uuid": "164737f8-5278-4c30-bc2b-48eaf7acdd0c",
              "parentUUID": "478e174a-e9cf-42cc-8908-7caa87f1cd8e",
              "isHook": false,
              "skipped": true
            },
            {
              "title": "Harus bisa merubah toogle pemotongan dari aktif menjadi non aktif",
              "fullTitle": "[PENGATURAN-PAJAK] - Munculkan text tidak ada data, ketika tidak ada data pajak Harus bisa merubah toogle pemotongan dari aktif menjadi non aktif",
              "timedOut": null,
              "duration": 0,
              "state": "skipped",
              "speed": null,
              "pass": false,
              "fail": false,
              "pending": false,
              "context": null,
              "code": "cy.get('[data-cy=\"submenu-item-tax-setting\"] > [data-cy=\"list-item-button-sub-menu-setting\"]').click();\ncy.get('.MuiTableBody-root > :nth-child(1) > :nth-child(6)').scrollIntoView().click();\ncy.get('.MuiAlert-message').should('exist').and('contain', 'Berhasil Mengubah Status Pajak.');",
              "err": {},
              "uuid": "b7976331-7365-4c36-a39e-b536958386b2",
              "parentUUID": "478e174a-e9cf-42cc-8908-7caa87f1cd8e",
              "isHook": false,
              "skipped": true
            },
            {
              "title": "harus gagal menambah pajak, field Persentase Efektif %  di isi spasi",
              "fullTitle": "[PENGATURAN-PAJAK] - Munculkan text tidak ada data, ketika tidak ada data pajak harus gagal menambah pajak, field Persentase Efektif %  di isi spasi",
              "timedOut": null,
              "duration": 0,
              "state": "skipped",
              "speed": null,
              "pass": false,
              "fail": false,
              "pending": false,
              "context": null,
              "code": "cy.get('[data-cy=\"submenu-item-tax-setting\"] > [data-cy=\"list-item-button-sub-menu-setting\"]').click();\ncy.get('.MuiStack-root > .MuiButtonBase-root').click();\ncy.get('[name=\"tax_name\"]').should('exist').type('pajak');\ncy.get('[name=\"tax_effective_percentage\"]').should('exist').type(' ');\ncy.get('[name=\"tax_deduction\"').should('exist').click();\ncy.get('[name=\"tax_sales_account\"]').click();\ncy.contains('li', '1-10102 - Cadangan Kerugian Piutang').scrollIntoView().should('exist').click();\ncy.get('[name=\"tax_sales_account\"]').trigger('change');\ncy.get('[name=\"tax_purchase_account\"]').click();\ncy.contains('li', '1-10102 - Cadangan Kerugian Piutang').scrollIntoView().should('exist').click();\ncy.get('[name=\"tax_purchase_account\"]').trigger('change');\ncy.get('.css-1j0u08r-MuiGrid2-root > div > .MuiButton-contained').should('exist').click();\ncy.get('#tax_effective_percentage-helper-text').should('be.visible');",
              "err": {},
              "uuid": "95596782-2cd4-4048-8e90-5ced12f25609",
              "parentUUID": "478e174a-e9cf-42cc-8908-7caa87f1cd8e",
              "isHook": false,
              "skipped": true
            },
            {
              "title": "harus memunculkan list data pajak",
              "fullTitle": "[PENGATURAN-PAJAK] - Munculkan text tidak ada data, ketika tidak ada data pajak harus memunculkan list data pajak",
              "timedOut": null,
              "duration": 0,
              "state": "skipped",
              "speed": null,
              "pass": false,
              "fail": false,
              "pending": false,
              "context": null,
              "code": "cy.get('[data-cy=\"submenu-item-tax-setting\"] > [data-cy=\"list-item-button-sub-menu-setting\"]').click();\ncy.get('input[placeholder=\"Cari Pajak\"]').type('penghasilan');",
              "err": {},
              "uuid": "b7cc9c63-e9e1-4f41-b8f4-5cfe6a90cfa4",
              "parentUUID": "478e174a-e9cf-42cc-8908-7caa87f1cd8e",
              "isHook": false,
              "skipped": true
            },
            {
              "title": "Harus berhasil menutup edit modal ketika menekan tombol batalkan",
              "fullTitle": "[PENGATURAN-PAJAK] - Munculkan text tidak ada data, ketika tidak ada data pajak Harus berhasil menutup edit modal ketika menekan tombol batalkan",
              "timedOut": null,
              "duration": 0,
              "state": "skipped",
              "speed": null,
              "pass": false,
              "fail": false,
              "pending": false,
              "context": null,
              "code": "cy.get('[data-cy=\"submenu-item-tax-setting\"] > [data-cy=\"list-item-button-sub-menu-setting\"]').click();\ncy.get(':nth-child(1) > .MuiTableCell-alignLeft').should('exist').click();\ncy.get('.MuiButton-text').should('exist').click();\ncy.get('.MuiTypography-h5').should('exist').and('contain', 'Pengaturan Pajak');",
              "err": {},
              "uuid": "f06a319b-79ee-4186-9dea-ca2ae5c10e78",
              "parentUUID": "478e174a-e9cf-42cc-8908-7caa87f1cd8e",
              "isHook": false,
              "skipped": true
            },
            {
              "title": "Harus berhasil menutup modal edit pajak menggunakan tombol close pada modal",
              "fullTitle": "[PENGATURAN-PAJAK] - Munculkan text tidak ada data, ketika tidak ada data pajak Harus berhasil menutup modal edit pajak menggunakan tombol close pada modal",
              "timedOut": null,
              "duration": 0,
              "state": "skipped",
              "speed": null,
              "pass": false,
              "fail": false,
              "pending": false,
              "context": null,
              "code": "cy.get('[data-cy=\"submenu-item-tax-setting\"] > [data-cy=\"list-item-button-sub-menu-setting\"]').click();\ncy.get(':nth-child(1) > .MuiTableCell-alignLeft').should('exist').click();\ncy.get('.css-1j72te2 > .MuiButtonBase-root').should('exist').click();",
              "err": {},
              "uuid": "d6fdc489-fc3c-4a34-bf3f-b38c827ee2bf",
              "parentUUID": "478e174a-e9cf-42cc-8908-7caa87f1cd8e",
              "isHook": false,
              "skipped": true
            },
            {
              "title": "harus bisa membuka modal edit pajak dan lihat kesuaian design",
              "fullTitle": "[PENGATURAN-PAJAK] - Munculkan text tidak ada data, ketika tidak ada data pajak harus bisa membuka modal edit pajak dan lihat kesuaian design",
              "timedOut": null,
              "duration": 0,
              "state": "skipped",
              "speed": null,
              "pass": false,
              "fail": false,
              "pending": false,
              "context": null,
              "code": "cy.get('[data-cy=\"submenu-item-tax-setting\"] > [data-cy=\"list-item-button-sub-menu-setting\"]').click();\ncy.get(':nth-child(1) > .MuiTableCell-alignLeft > .MuiButtonBase-root').should('exist').click();\ncy.get('.css-zc86o7-MuiGrid2-root > .MuiStack-root > .MuiButton-contained').should('exist').click();\ncy.get('#modal-title').should('exist').and('contain', 'Edit Pajak');\ncy.get('.css-1j72te2 > .MuiButtonBase-root').should('exist');\ncy.get('.MuiGrid2-container > :nth-child(1) > .MuiFormLabel-root').should('exist').and('contain', 'Nama');\ncy.get(':nth-child(3) > .MuiFormLabel-root').should('exist').and('contain', 'Persentase Efektif %');\ncy.get(':nth-child(5) > .MuiFormLabel-root').should('exist').and('contain', 'Pemotongan');\ncy.get(':nth-child(7) > .MuiFormLabel-root').should('exist').and('contain', 'Akun Pajak Penjualan');\ncy.get(':nth-child(9) > .MuiFormLabel-root').should('exist').and('contain', 'Akun Pajak Pembelian');\ncy.get('.MuiButton-text').should('be.visible').and('contain', 'Batalkan');\ncy.get('.css-1j0u08r-MuiGrid2-root > div > .MuiButton-contained').should('exist').and('contain', 'Ubah data');",
              "err": {},
              "uuid": "00fe3c8c-a5a0-4b65-ba50-0a31289a2301",
              "parentUUID": "478e174a-e9cf-42cc-8908-7caa87f1cd8e",
              "isHook": false,
              "skipped": true
            },
            {
              "title": "harus gagal menambah pajak, semua field tidak di isi",
              "fullTitle": "[PENGATURAN-PAJAK] - Munculkan text tidak ada data, ketika tidak ada data pajak harus gagal menambah pajak, semua field tidak di isi",
              "timedOut": null,
              "duration": 0,
              "state": "skipped",
              "speed": null,
              "pass": false,
              "fail": false,
              "pending": false,
              "context": null,
              "code": "cy.get('[data-cy=\"submenu-item-tax-setting\"] > [data-cy=\"list-item-button-sub-menu-setting\"]').click();\ncy.get(':nth-child(1) > .MuiTableCell-alignLeft > .MuiButtonBase-root').click();\ncy.get('.css-zc86o7-MuiGrid2-root > .MuiStack-root > .MuiButton-contained').click();\ncy.get('[name=\"tax_name\"]').should('exist').clear();\n// cy.get('[name=\"tax_effective_percentage\"]').clear()\ncy.get('[name=\"tax_sales_account\"]').click().trigger('mouseover');\ncy.get('[name=\"tax_sales_account\"]').type('1-10102 - Cadangan Kerugian Piutang');\ncy.get('[name=\"tax_sales_account\"]').trigger('mouseover');\ncy.get(':nth-child(8) > .MuiAutocomplete-root > .MuiFormControl-root > .MuiInputBase-root > .MuiAutocomplete-endAdornment > .MuiAutocomplete-clearIndicator').click();\ncy.get('body').type('{esc}');\ncy.get('[name=\"tax_purchase_account\"]').click().trigger('mouseover');\ncy.get('[name=\"tax_purchase_account\"]').type('1-10102 - Cadangan Kerugian Piutang');\ncy.get('[name=\"tax_purchase_account\"]').trigger('mouseover');\ncy.get('.MuiAutocomplete-clearIndicator').click();\ncy.get('body').type('{esc}');\ncy.get('.css-1j0u08r-MuiGrid2-root > div > .MuiButton-contained').click();\n// cy.get('#\\\\:rn\\\\:-helper-text').should('exist').and('contain', 'Nama is Required')\ncy.get('[name=\"tax_name\"]').should('have.attr', 'aria-describedby').then(attr => {\n  cy.get(`#${attr}`).should('be.visible').and('contain', 'Nama is Required');\n});\n// cy.get('#\\\\:rr\\\\:-helper-text').should('exist').and('contain', 'Akun Pajak Penjualan is Required')\ncy.get('[name=\"tax_sales_account\"]') // Pilih input berdasarkan atribut `name`\n.should('have.attr', 'aria-describedby') // Pastikan atribut `aria-describedby` ada\n.then(attr => {\n  cy.get(`#${attr}`) // Cari elemen teks helper menggunakan ID yang dirujuk\n  .should('be.visible') // Pastikan helper text terlihat\n  .and('contain', 'Nama is Required'); // Ganti dengan teks yang sesuai\n});\n// cy.get('#\\\\:rv\\\\:-helper-text').should('exist').and('contain', 'Akun Pajak Pembelian is Required')",
              "err": {},
              "uuid": "1a02be19-5a5b-4ce8-ad5a-9587ee691119",
              "parentUUID": "478e174a-e9cf-42cc-8908-7caa87f1cd8e",
              "isHook": false,
              "skipped": true
            },
            {
              "title": "harus gagal edit pajak, semua field tidak di isi",
              "fullTitle": "[PENGATURAN-PAJAK] - Munculkan text tidak ada data, ketika tidak ada data pajak harus gagal edit pajak, semua field tidak di isi",
              "timedOut": null,
              "duration": 0,
              "state": "skipped",
              "speed": null,
              "pass": false,
              "fail": false,
              "pending": false,
              "context": null,
              "code": "cy.get('[data-cy=\"submenu-item-tax-setting\"] > [data-cy=\"list-item-button-sub-menu-setting\"]').click();\ncy.get(':nth-child(1) > .MuiTableCell-alignLeft > .MuiButtonBase-root').click();\ncy.get('.css-zc86o7-MuiGrid2-root > .MuiStack-root > .MuiButton-contained').click();\ncy.get('[name=\"tax_name\"]').should('exist').clear();\ncy.get('[name=\"tax_name\"]').should('exist').type('pajak tahunan');\ncy.get('[name=\"tax_effective_percentage\"]').clear();\ncy.get('[name=\"tax_effective_percentage\"]').type('30');\ncy.get('[name=\"tax_sales_account\"]').click().trigger('mouseover');\ncy.get('[name=\"tax_sales_account\"]').type('1-10102 - Cadangan Kerugian Piutang');\ncy.get('[name=\"tax_sales_account\"]').trigger('mouseover');\ncy.get('body').type('{esc}');\ncy.get('[name=\"tax_purchase_account\"]').click().trigger('mouseover');\ncy.get('[name=\"tax_purchase_account\"]').type('1-10102 - Cadangan Kerugian Piutang');\ncy.get('[name=\"tax_purchase_account\"]').trigger('mouseover');\ncy.get('body').type('{esc}');\ncy.get('.css-1j0u08r-MuiGrid2-root > div > .MuiButton-contained').click();",
              "err": {},
              "uuid": "ac45c3e4-4942-4c78-8418-ca47e0cc98d7",
              "parentUUID": "478e174a-e9cf-42cc-8908-7caa87f1cd8e",
              "isHook": false,
              "skipped": true
            },
            {
              "title": "harus berhasil edit pajak, semua field di isi",
              "fullTitle": "[PENGATURAN-PAJAK] - Munculkan text tidak ada data, ketika tidak ada data pajak harus berhasil edit pajak, semua field di isi",
              "timedOut": null,
              "duration": 0,
              "state": "skipped",
              "speed": null,
              "pass": false,
              "fail": false,
              "pending": false,
              "context": null,
              "code": "cy.get('[data-cy=\"submenu-item-tax-setting\"] > [data-cy=\"list-item-button-sub-menu-setting\"]').click();\ncy.get(':nth-child(1) > .MuiTableCell-alignLeft > .MuiButtonBase-root').click();\ncy.get('.css-zc86o7-MuiGrid2-root > .MuiStack-root > .MuiButton-contained').click();\ncy.get('[name=\"tax_name\"]').should('exist').clear();\ncy.get('[name=\"tax_name\"]').should('exist').type('pajak tahunan');\n// cy.get('[name=\"tax_effective_percentage\"]')\n//   .clear()\n// cy.get('[name=\"tax_effective_percentage\"]')\n//   .type('30')\ncy.get('[name=\"tax_sales_account\"]').click().trigger('mouseover');\ncy.get('[name=\"tax_sales_account\"]').type('1-10102 - Cadangan Kerugian Piutang');\ncy.get('[name=\"tax_sales_account\"]').trigger('mouseover');\ncy.get('body').type('{esc}');\ncy.get('[name=\"tax_purchase_account\"]').click().trigger('mouseover');\ncy.get('[name=\"tax_purchase_account\"]').type('1-10102 - Cadangan Kerugian Piutang');\ncy.get('[name=\"tax_purchase_account\"]').trigger('mouseover');\ncy.get('body').type('{esc}');\ncy.get('.css-1j0u08r-MuiGrid2-root > div > .MuiButton-contained').click();",
              "err": {},
              "uuid": "f63098ff-fcb6-451c-a30e-4210bfecff76",
              "parentUUID": "478e174a-e9cf-42cc-8908-7caa87f1cd8e",
              "isHook": false,
              "skipped": true
            },
            {
              "title": "harus berhasil edit pajak, merubah toogle potongan dari aktif menjadi non aktif",
              "fullTitle": "[PENGATURAN-PAJAK] - Munculkan text tidak ada data, ketika tidak ada data pajak harus berhasil edit pajak, merubah toogle potongan dari aktif menjadi non aktif",
              "timedOut": null,
              "duration": 0,
              "state": "skipped",
              "speed": null,
              "pass": false,
              "fail": false,
              "pending": false,
              "context": null,
              "code": "cy.get('[data-cy=\"submenu-item-tax-setting\"] > [data-cy=\"list-item-button-sub-menu-setting\"]').click();\ncy.get(':nth-child(1) > .MuiTableCell-alignLeft > .MuiButtonBase-root').click();\ncy.get('.css-zc86o7-MuiGrid2-root > .MuiStack-root > .MuiButton-contained').click();\ncy.get('[name=\"tax_deduction\"]').click();\n// Pastikan toggle aktif setelah diklik\ncy.get('[name=\"tax_deduction\"]').should('not.be.checked');\ncy.get('.css-1j0u08r-MuiGrid2-root > div > .MuiButton-contained').click();\ncy.get(':nth-child(1) > .MuiTableCell-alignLeft > .MuiButtonBase-root').click();\ncy.get('.css-zc86o7-MuiGrid2-root > .MuiStack-root > .MuiButton-contained').click();\n// Pastikan toggle aktif setelah diklik\ncy.get('[name=\"tax_deduction\"]').should('be.checked');",
              "err": {},
              "uuid": "9afa95e6-4483-4128-8d81-d90e2f707886",
              "parentUUID": "478e174a-e9cf-42cc-8908-7caa87f1cd8e",
              "isHook": false,
              "skipped": true
            },
            {
              "title": "harus gagal menambah pajak, field nama di isi spasi",
              "fullTitle": "[PENGATURAN-PAJAK] - Munculkan text tidak ada data, ketika tidak ada data pajak harus gagal menambah pajak, field nama di isi spasi",
              "timedOut": null,
              "duration": 0,
              "state": "skipped",
              "speed": null,
              "pass": false,
              "fail": false,
              "pending": false,
              "context": null,
              "code": "cy.get('[data-cy=\"submenu-item-tax-setting\"] > [data-cy=\"list-item-button-sub-menu-setting\"]').click();\ncy.get('.MuiStack-root > .MuiButtonBase-root').click();\ncy.get('[name=\"tax_name\"]').should('exist').type(' ');\ncy.get('[name=\"tax_effective_percentage\"]').should('exist').type('50');\ncy.get('[name=\"tax_deduction\"').should('exist').click();\ncy.get('[name=\"tax_sales_account\"]').click();\ncy.contains('li', '1-10102 - Cadangan Kerugian Piutang').scrollIntoView().should('exist').click();\ncy.get('[name=\"tax_sales_account\"]').trigger('change');\ncy.get('[name=\"tax_purchase_account\"]').click();\ncy.contains('li', '1-10102 - Cadangan Kerugian Piutang').scrollIntoView().should('exist').click();\ncy.get('[name=\"tax_purchase_account\"]').trigger('change');\ncy.get('.css-1j0u08r-MuiGrid2-root > div > .MuiButton-contained').should('exist').click();\ncy.get('#tax_name-helper-text').should('be.visible');",
              "err": {},
              "uuid": "dec49ca8-550d-41d4-a233-7b22623bd8b1",
              "parentUUID": "478e174a-e9cf-42cc-8908-7caa87f1cd8e",
              "isHook": false,
              "skipped": true
            },
            {
              "title": "harus berhasil menambah pajak, semua field di isi sebanyak 10 kali",
              "fullTitle": "[PENGATURAN-PAJAK] - Munculkan text tidak ada data, ketika tidak ada data pajak harus berhasil menambah pajak, semua field di isi sebanyak 10 kali",
              "timedOut": null,
              "duration": 0,
              "state": "skipped",
              "speed": null,
              "pass": false,
              "fail": false,
              "pending": false,
              "context": null,
              "code": "cy.get('[data-cy=\"submenu-item-tax-setting\"] > [data-cy=\"list-item-button-sub-menu-setting\"]').click();\nfor (let i = 0; i < 10; i++) {\n  cy.get('.MuiStack-root > .MuiButtonBase-root').click();\n  cy.get('[name=\"tax_name\"]').should('exist').type('penghasilan');\n  cy.get('[name=\"tax_effective_percentage\"]').should('exist').type('10');\n  cy.get('[name=\"tax_sales_account\"]').click();\n  cy.contains('li', '1-10102 - Cadangan Kerugian Piutang').scrollIntoView().should('exist').click();\n  cy.get('[name=\"tax_sales_account\"]').trigger('change');\n  cy.get('[name=\"tax_purchase_account\"]').click();\n  cy.contains('li', '1-10102 - Cadangan Kerugian Piutang').scrollIntoView().should('exist').click();\n  cy.get('[name=\"tax_purchase_account\"]').trigger('change');\n  cy.get('.css-1j0u08r-MuiGrid2-root > div > .MuiButton-contained').should('exist').click();\n  cy.get('.MuiAlert-message').should('exist').and('contain', 'Berhasil Menambahkan Data Pajak.');\n  cy.get('.MuiTableBody-root > .MuiTableRow-root > :nth-child(3)').should('exist').and('contain', 'Cadangan Kerugian Piutang');\n  cy.get('.MuiAlert-message').should('exist').and('contain', 'Berhasil Menambahkan Data Pajak.');\n}",
              "err": {},
              "uuid": "affa7158-67ee-4d62-a205-f66f1d96453a",
              "parentUUID": "478e174a-e9cf-42cc-8908-7caa87f1cd8e",
              "isHook": false,
              "skipped": true
            },
            {
              "title": "harus menampilkan data yang sesuai dengan data yang ada",
              "fullTitle": "[PENGATURAN-PAJAK] - Munculkan text tidak ada data, ketika tidak ada data pajak harus menampilkan data yang sesuai dengan data yang ada",
              "timedOut": null,
              "duration": 0,
              "state": "skipped",
              "speed": null,
              "pass": false,
              "fail": false,
              "pending": false,
              "context": null,
              "code": "cy.get('[data-cy=\"submenu-item-tax-setting\"] > [data-cy=\"list-item-button-sub-menu-setting\"]').click();\ncy.get('.MuiPagination-ul > :nth-child(4) > .MuiButtonBase-root').click();",
              "err": {},
              "uuid": "613ef998-f1bd-42d5-8a78-de79e4c442c5",
              "parentUUID": "478e174a-e9cf-42cc-8908-7caa87f1cd8e",
              "isHook": false,
              "skipped": true
            },
            {
              "title": "Harus berhasil menghapus pajak",
              "fullTitle": "[PENGATURAN-PAJAK] - Munculkan text tidak ada data, ketika tidak ada data pajak Harus berhasil menghapus pajak",
              "timedOut": null,
              "duration": 0,
              "state": "skipped",
              "speed": null,
              "pass": false,
              "fail": false,
              "pending": false,
              "context": null,
              "code": "cy.get('[data-cy=\"submenu-item-tax-setting\"] > [data-cy=\"list-item-button-sub-menu-setting\"] > [data-cy=\"list-item-text-sub-menu-setting\"] > .MuiTypography-root').click();\ncy.get('.MuiTableBody-root > :nth-child(1) > :nth-child(7)').scrollIntoView();\ncy.get('.MuiTableBody-root > :nth-child(1) > :nth-child(7) > .MuiButtonBase-root').should('exist').click();",
              "err": {},
              "uuid": "9b3ccecf-4968-4728-85af-0fc1116e2258",
              "parentUUID": "478e174a-e9cf-42cc-8908-7caa87f1cd8e",
              "isHook": false,
              "skipped": true
            }
          ],
          "suites": [],
          "passes": [],
          "failures": [
            "971893fd-2455-4a58-b1e7-7d6a18c792f0"
          ],
          "pending": [],
          "skipped": [
            "c4f709a7-777f-4f32-8423-1b955af72beb",
            "9682bbb5-279a-406c-b3db-3c8502e68f50",
            "93b35b96-95ae-4449-af7a-e55f16d5529c",
            "77593077-3e4c-46c0-a27a-19ad2a3e5784",
            "94a9ac36-3781-4b42-8d3b-47fb13fd2a4f",
            "60d7319f-7aef-444c-acda-51b08ec7b43b",
            "26ea4f91-0957-4871-8c6a-8b3324f2ff55",
            "164737f8-5278-4c30-bc2b-48eaf7acdd0c",
            "b7976331-7365-4c36-a39e-b536958386b2",
            "95596782-2cd4-4048-8e90-5ced12f25609",
            "b7cc9c63-e9e1-4f41-b8f4-5cfe6a90cfa4",
            "f06a319b-79ee-4186-9dea-ca2ae5c10e78",
            "d6fdc489-fc3c-4a34-bf3f-b38c827ee2bf",
            "00fe3c8c-a5a0-4b65-ba50-0a31289a2301",
            "1a02be19-5a5b-4ce8-ad5a-9587ee691119",
            "ac45c3e4-4942-4c78-8418-ca47e0cc98d7",
            "f63098ff-fcb6-451c-a30e-4210bfecff76",
            "9afa95e6-4483-4128-8d81-d90e2f707886",
            "dec49ca8-550d-41d4-a233-7b22623bd8b1",
            "affa7158-67ee-4d62-a205-f66f1d96453a",
            "613ef998-f1bd-42d5-8a78-de79e4c442c5",
            "9b3ccecf-4968-4728-85af-0fc1116e2258"
          ],
          "duration": 1621,
          "root": false,
          "rootEmpty": false,
          "_timeout": 2000
        }
      ],
      "passes": [],
      "failures": [],
      "pending": [],
      "skipped": [],
      "duration": 0,
      "root": true,
      "rootEmpty": true,
      "_timeout": 2000
    }
  ],
  "meta": {
    "mocha": {
      "version": "7.0.1"
    },
    "mochawesome": {
      "options": {
        "quiet": false,
        "reportFilename": "mochawesome",
        "saveHtml": false,
        "saveJson": true,
        "consoleReporter": "spec",
        "useInlineDiffs": false,
        "code": true
      },
      "version": "7.1.3"
    },
    "marge": {
      "options": {
        "charts": true,
        "reportPageTitle": "custom-title",
        "embeddedScreenshots": true,
        "inlineAssets": true,
        "saveAllAttempts": false,
        "overwrite": false,
        "html": false,
        "json": true,
        "reportDir": "cypress/reports/html/.jsons"
      },
      "version": "6.2.0"
    }
  }
}