{
  "stats": {
    "suites": 1,
    "tests": 1,
    "passes": 0,
    "pending": 0,
    "failures": 1,
    "start": "2024-12-19T02:12:50.289Z",
    "end": "2024-12-19T02:12:52.591Z",
    "duration": 2302,
    "testsRegistered": 19,
    "passPercent": 0,
    "pendingPercent": 0,
    "other": 0,
    "hasOther": false,
    "skipped": 18,
    "hasSkipped": true
  },
  "results": [
    {
      "uuid": "e1e7b867-532a-4716-8a7e-e0d5fb441b10",
      "title": "",
      "fullFile": "cypress/e2e/PENGATURAN/PENGATURAN_salesman.cy.js",
      "file": "cypress/e2e/PENGATURAN/PENGATURAN_salesman.cy.js",
      "beforeHooks": [],
      "afterHooks": [],
      "tests": [],
      "suites": [
        {
          "uuid": "ef86f419-07fa-4e80-a10c-fe36d9f3a540",
          "title": "[PENGATURAN-SALESMAN] - Membuka halaman Pengaturan Billing dan melihat kesesuaian dengan design yang ada",
          "fullFile": "",
          "file": "",
          "beforeHooks": [],
          "afterHooks": [],
          "tests": [
            {
              "title": "[PENGATURAN-SALESMAN] - Chek kesesuainan halaman Pengaturan Billing dengan design yang ada",
              "fullTitle": "[PENGATURAN-SALESMAN] - Membuka halaman Pengaturan Billing dan melihat kesesuaian dengan design yang ada [PENGATURAN-SALESMAN] - Chek kesesuainan halaman Pengaturan Billing dengan design yang ada",
              "timedOut": null,
              "duration": 1657,
              "state": "failed",
              "speed": null,
              "pass": false,
              "fail": true,
              "pending": false,
              "context": "{\n  \"title\": \"cypress-mochawesome-reporter-screenshots\",\n  \"value\": [\n    [\n      \"/PENGATURAN/PENGATURAN_salesman.cy.js/[PENGATURAN-SALESMAN] - Membuka halaman Pengaturan Billing dan melihat kesesuaian dengan design yang ada -- [PENGATURAN-SALESMAN] - Chek kesesuainan halaman Pengaturan Billing dengan design yang ada -- before each hook (failed).png\"\n    ]\n  ]\n}",
              "code": "cy.get('[data-cy=\"submenu-item-salesman-setting\"] > [data-cy=\"list-item-button-sub-menu-setting\"]').click();",
              "err": {
                "message": "ReferenceError: The following error originated from your application code, not from Cypress.\n\n  > CreatedNewAsset is not defined\n\nWhen Cypress detects uncaught errors originating from your application it will automatically fail the current test.\n\nThis behavior is configurable, and you can choose to turn this off by listening to the `uncaught:exception` event.\n\nhttps://on.cypress.io/uncaught-exception-from-application\n\nBecause this error occurred during a `before each` hook we are skipping the remaining tests in the current suite: `[PENGATURAN-SALESMAN] - Mem...`",
                "estack": "ReferenceError: The following error originated from your application code, not from Cypress.\n\n  > CreatedNewAsset is not defined\n\nWhen Cypress detects uncaught errors originating from your application it will automatically fail the current test.\n\nThis behavior is configurable, and you can choose to turn this off by listening to the `uncaught:exception` event.\n\nhttps://on.cypress.io/uncaught-exception-from-application\n\nBecause this error occurred during a `before each` hook we are skipping the remaining tests in the current suite: `[PENGATURAN-SALESMAN] - Mem...`\n    at <unknown> (http://localhost:5173/src/routers/admin-routes.jsx:3237:34)",
                "diff": null
              },
              "uuid": "aa0bb400-58ed-4f3d-8d41-bb828266b26b",
              "parentUUID": "ef86f419-07fa-4e80-a10c-fe36d9f3a540",
              "isHook": false,
              "skipped": false
            },
            {
              "title": "[PENGATURAN-SALESMAN] - Harus gagal mendapatkan data, kondisi error harus muncul",
              "fullTitle": "[PENGATURAN-SALESMAN] - Membuka halaman Pengaturan Billing dan melihat kesesuaian dengan design yang ada [PENGATURAN-SALESMAN] - Harus gagal mendapatkan data, kondisi error harus muncul",
              "timedOut": null,
              "duration": 0,
              "state": "skipped",
              "speed": null,
              "pass": false,
              "fail": false,
              "pending": false,
              "context": null,
              "code": "// Intercept the API request\ncy.intercept('GET', 'https://api-cashflow.assist.id/api/setting-salesman?search=&skip=0&limit=10&companyId=b13e5210-8564-11ef-af27-a72e65a1d49c', {\n  statusCode: 500,\n  body: {\n    message: 'Internal Server Error'\n  }\n}).as('getSalesmanSettingsError');\n// Aksi yang memicu request\ncy.get('[data-cy=\"submenu-item-salesman-setting\"] > [data-cy=\"list-item-button-sub-menu-setting\"]').click();\n// Tunggu sampai request dipanggil\ncy.wait('@getSalesmanSettingsError');\ncy.get('.MuiAlert-message').should('be.visible').and('contain', 'Internal Server Error');\ncy.get('.MuiTableBody-root > .MuiTableRow-root > .MuiTableCell-root').should('be.visible').and('contain', 'Error, Gagal mendapatkan data!');",
              "err": {},
              "uuid": "81257d4b-7e56-4c5d-84cc-d952083e4e8e",
              "parentUUID": "ef86f419-07fa-4e80-a10c-fe36d9f3a540",
              "isHook": false,
              "skipped": true
            },
            {
              "title": "[PENGATURAN-SALESMAN] - Harus berhasil mendapatkan data, data tidak ada",
              "fullTitle": "[PENGATURAN-SALESMAN] - Membuka halaman Pengaturan Billing dan melihat kesesuaian dengan design yang ada [PENGATURAN-SALESMAN] - Harus berhasil mendapatkan data, data tidak ada",
              "timedOut": null,
              "duration": 0,
              "state": "skipped",
              "speed": null,
              "pass": false,
              "fail": false,
              "pending": false,
              "context": null,
              "code": "// Intercept the API request\ncy.intercept('GET', 'https://api-cashflow.assist.id/api/setting-salesman?search=&skip=0&limit=10&companyId=b13e5210-8564-11ef-af27-a72e65a1d49c', {\n  statusCode: 200,\n  body: {\n    message: 'Internal Server Error'\n  }\n}).as('getSalesmanSettingsError');\n// Aksi yang memicu request\ncy.get('[data-cy=\"submenu-item-salesman-setting\"] > [data-cy=\"list-item-button-sub-menu-setting\"]').click();\n// Tunggu sampai request dipanggil\ncy.wait('@getSalesmanSettingsError');\ncy.get('.MuiTableBody-root > .MuiTableRow-root > .MuiTableCell-root').should('be.visible').and('contain', 'Tidak ada data');",
              "err": {},
              "uuid": "08c151b2-88ac-471a-94b9-f6b66f7b27a5",
              "parentUUID": "ef86f419-07fa-4e80-a10c-fe36d9f3a540",
              "isHook": false,
              "skipped": true
            },
            {
              "title": "[PENGATURAN-SALESMAN] - Harus bisa mencari data sales, list daata tidak ada",
              "fullTitle": "[PENGATURAN-SALESMAN] - Membuka halaman Pengaturan Billing dan melihat kesesuaian dengan design yang ada [PENGATURAN-SALESMAN] - Harus bisa mencari data sales, list daata tidak ada",
              "timedOut": null,
              "duration": 0,
              "state": "skipped",
              "speed": null,
              "pass": false,
              "fail": false,
              "pending": false,
              "context": null,
              "code": "cy.get('[data-cy=\"submenu-item-salesman-setting\"] > [data-cy=\"list-item-button-sub-menu-setting\"]').click();\ncy.get('input[placeholder=\"Cari Salesman\"]').should('be.visible').type('reyand oneil');\ncy.get('.MuiTableBody-root > .MuiTableRow-root > .MuiTableCell-root').should('be.visible').and('contain', 'Tidak ada data.');",
              "err": {},
              "uuid": "64b8a2e3-7a1d-484a-8503-0a1adf6d6a69",
              "parentUUID": "ef86f419-07fa-4e80-a10c-fe36d9f3a540",
              "isHook": false,
              "skipped": true
            },
            {
              "title": "[PENGATURAN-SALESMAN] - Harus bisa membuka section tambah salesman",
              "fullTitle": "[PENGATURAN-SALESMAN] - Membuka halaman Pengaturan Billing dan melihat kesesuaian dengan design yang ada [PENGATURAN-SALESMAN] - Harus bisa membuka section tambah salesman",
              "timedOut": null,
              "duration": 0,
              "state": "skipped",
              "speed": null,
              "pass": false,
              "fail": false,
              "pending": false,
              "context": null,
              "code": "cy.get('[data-cy=\"submenu-item-salesman-setting\"] > [data-cy=\"list-item-button-sub-menu-setting\"]').click();\ncy.contains('button', 'Tambah Salesman').should('be.visible').click();\ncy.get('input[placeholder=\"Masukkan Nama Salesman\"]').should('be.visible');\ncy.get('input[placeholder=\"Keterangan\"]').should('be.visible');\ncy.get('input[name=\"sales_status\"]').should('exist').and('not.be.checked');\ncy.get('.MuiButton-text').should('be.visible').and('contain', 'Batalkan');\ncy.get(':nth-child(4) > div > .MuiButton-contained').should('be.visible').and('contain', 'Simpan');",
              "err": {},
              "uuid": "ddfd8893-fd95-4cd9-aea9-6e7e0120941b",
              "parentUUID": "ef86f419-07fa-4e80-a10c-fe36d9f3a540",
              "isHook": false,
              "skipped": true
            },
            {
              "title": "[PENGATURAN-SALESMAN] - Harus bisa menutup section tambah salesman",
              "fullTitle": "[PENGATURAN-SALESMAN] - Membuka halaman Pengaturan Billing dan melihat kesesuaian dengan design yang ada [PENGATURAN-SALESMAN] - Harus bisa menutup section tambah salesman",
              "timedOut": null,
              "duration": 0,
              "state": "skipped",
              "speed": null,
              "pass": false,
              "fail": false,
              "pending": false,
              "context": null,
              "code": "cy.get('[data-cy=\"submenu-item-salesman-setting\"] > [data-cy=\"list-item-button-sub-menu-setting\"]').click();\ncy.contains('button', 'Tambah Salesman').should('be.visible').click();\ncy.get('.MuiButton-text').should('be.visible').and('contain', 'Batalkan').click();",
              "err": {},
              "uuid": "8e5f01a7-2370-4c83-adf1-d654ff4eedc9",
              "parentUUID": "ef86f419-07fa-4e80-a10c-fe36d9f3a540",
              "isHook": false,
              "skipped": true
            },
            {
              "title": "[PENGATURAN-SALESMAN] - Validasi tambah sales, nama dan keterangan kosong",
              "fullTitle": "[PENGATURAN-SALESMAN] - Membuka halaman Pengaturan Billing dan melihat kesesuaian dengan design yang ada [PENGATURAN-SALESMAN] - Validasi tambah sales, nama dan keterangan kosong",
              "timedOut": null,
              "duration": 0,
              "state": "skipped",
              "speed": null,
              "pass": false,
              "fail": false,
              "pending": false,
              "context": null,
              "code": "cy.get('[data-cy=\"submenu-item-salesman-setting\"] > [data-cy=\"list-item-button-sub-menu-setting\"]').click();\ncy.contains('button', 'Tambah Salesman').should('be.visible').click();\ncy.get(':nth-child(4) > div > .MuiButton-contained').should('be.visible').click();\ncy.get('.MuiAlert-message').should('be.visible').and('contain', 'Nama dan Keterangan Salesman harus diisi.');",
              "err": {},
              "uuid": "3a5cb782-b0f0-47a1-bd95-ba1de4115ab7",
              "parentUUID": "ef86f419-07fa-4e80-a10c-fe36d9f3a540",
              "isHook": false,
              "skipped": true
            },
            {
              "title": "[PENGATURAN-SALESMAN] - Validasi tambah sales, keterangan kosong",
              "fullTitle": "[PENGATURAN-SALESMAN] - Membuka halaman Pengaturan Billing dan melihat kesesuaian dengan design yang ada [PENGATURAN-SALESMAN] - Validasi tambah sales, keterangan kosong",
              "timedOut": null,
              "duration": 0,
              "state": "skipped",
              "speed": null,
              "pass": false,
              "fail": false,
              "pending": false,
              "context": null,
              "code": "cy.get('[data-cy=\"submenu-item-salesman-setting\"] > [data-cy=\"list-item-button-sub-menu-setting\"]').click();\ncy.contains('button', 'Tambah Salesman').should('be.visible').click();\ncy.get('input[placeholder=\"Masukkan Nama Salesman\"]').should('be.visible').type('Salesman');\ncy.get(':nth-child(4) > div > .MuiButton-contained').should('be.visible').click();\ncy.get('.MuiAlert-message').should('be.visible').and('contain', 'Nama dan Keterangan Salesman harus diisi.');",
              "err": {},
              "uuid": "53b982a5-22ae-4a3c-b75c-968f0c7cda9f",
              "parentUUID": "ef86f419-07fa-4e80-a10c-fe36d9f3a540",
              "isHook": false,
              "skipped": true
            },
            {
              "title": "[PENGATURAN-SALESMAN] - Validasi tambah sales, nama kosong",
              "fullTitle": "[PENGATURAN-SALESMAN] - Membuka halaman Pengaturan Billing dan melihat kesesuaian dengan design yang ada [PENGATURAN-SALESMAN] - Validasi tambah sales, nama kosong",
              "timedOut": null,
              "duration": 0,
              "state": "skipped",
              "speed": null,
              "pass": false,
              "fail": false,
              "pending": false,
              "context": null,
              "code": "cy.get('[data-cy=\"submenu-item-salesman-setting\"] > [data-cy=\"list-item-button-sub-menu-setting\"]').click();\ncy.contains('button', 'Tambah Salesman').should('be.visible').click();\ncy.get('input[placeholder=\"Keterangan\"]').should('be.visible').type('keterangan salesman');\ncy.get(':nth-child(4) > div > .MuiButton-contained').should('be.visible').click();\ncy.get('.MuiAlert-message').should('be.visible').and('contain', 'Nama dan Keterangan Salesman harus diisi.');",
              "err": {},
              "uuid": "acdc7147-2dd1-4bad-ab06-651b37ab4338",
              "parentUUID": "ef86f419-07fa-4e80-a10c-fe36d9f3a540",
              "isHook": false,
              "skipped": true
            },
            {
              "title": "[PENGATURAN-SALESMAN] - harus gagal menambahkan salesman, error server",
              "fullTitle": "[PENGATURAN-SALESMAN] - Membuka halaman Pengaturan Billing dan melihat kesesuaian dengan design yang ada [PENGATURAN-SALESMAN] - harus gagal menambahkan salesman, error server",
              "timedOut": null,
              "duration": 0,
              "state": "skipped",
              "speed": null,
              "pass": false,
              "fail": false,
              "pending": false,
              "context": null,
              "code": "// Intercept API POST untuk setting salesman\ncy.intercept('POST', 'https://api-cashflow.assist.id/api/setting-salesman', {\n  statusCode: 500,\n  body: {\n    message: 'Internal Server Error'\n  }\n}).as('postSalesmanError');\ncy.get('[data-cy=\"submenu-item-salesman-setting\"] > [data-cy=\"list-item-button-sub-menu-setting\"]').click();\ncy.contains('button', 'Tambah Salesman').should('be.visible').click();\ncy.get('input[placeholder=\"Masukkan Nama Salesman\"]').should('be.visible').type('reyand');\ncy.get('input[placeholder=\"Keterangan\"]').should('be.visible').type('keterangan salesman');\ncy.get('input[name=\"sales_status\"]').should('exist').and('not.be.checked');\ncy.get(':nth-child(4) > div > .MuiButton-contained').should('be.visible').and('contain', 'Simpan').click();\ncy.wait('@postSalesmanError').then(interception => {\n  expect(interception.response.statusCode).to.eq(500);\n  expect(interception.response.body.message).to.eq('Internal Server Error');\n});",
              "err": {},
              "uuid": "053d2b80-2fe2-4eb7-a553-e44d4622eb90",
              "parentUUID": "ef86f419-07fa-4e80-a10c-fe36d9f3a540",
              "isHook": false,
              "skipped": true
            },
            {
              "title": "[PENGATURAN-SALESMAN] - Harus berhasil menambahkan salesman, semua field di isi, status uncheck",
              "fullTitle": "[PENGATURAN-SALESMAN] - Membuka halaman Pengaturan Billing dan melihat kesesuaian dengan design yang ada [PENGATURAN-SALESMAN] - Harus berhasil menambahkan salesman, semua field di isi, status uncheck",
              "timedOut": null,
              "duration": 0,
              "state": "skipped",
              "speed": null,
              "pass": false,
              "fail": false,
              "pending": false,
              "context": null,
              "code": "// Intercept API POST untuk setting salesman\ncy.intercept('POST', 'https://api-cashflow.assist.id/api/setting-salesman'\n// {\n//   statusCode: 500,\n//   body: {\n//     message: 'Internal Server Error',\n//   },\n// }\n).as('postSalesmanError');\ncy.get('[data-cy=\"submenu-item-salesman-setting\"] > [data-cy=\"list-item-button-sub-menu-setting\"]').click();\ncy.contains('button', 'Tambah Salesman').should('be.visible').click();\ncy.get('input[placeholder=\"Masukkan Nama Salesman\"]').should('be.visible').type('reyand 1');\ncy.get('input[placeholder=\"Keterangan\"]').should('be.visible').type('keterangan salesman 1');\ncy.get('input[name=\"sales_status\"]').should('exist').and('not.be.checked');\ncy.get(':nth-child(4) > div > .MuiButton-contained').should('be.visible').and('contain', 'Simpan').click();\ncy.wait('@postSalesmanError').then(interception => {\n  expect(interception.response.statusCode).to.eq(200);\n});",
              "err": {},
              "uuid": "cdfeacd5-1d8c-4080-878c-e4649a7db292",
              "parentUUID": "ef86f419-07fa-4e80-a10c-fe36d9f3a540",
              "isHook": false,
              "skipped": true
            },
            {
              "title": "[PENGATURAN-SALESMAN] - Harus berhasil menambahkan salesman, semua field di isi, status check",
              "fullTitle": "[PENGATURAN-SALESMAN] - Membuka halaman Pengaturan Billing dan melihat kesesuaian dengan design yang ada [PENGATURAN-SALESMAN] - Harus berhasil menambahkan salesman, semua field di isi, status check",
              "timedOut": null,
              "duration": 0,
              "state": "skipped",
              "speed": null,
              "pass": false,
              "fail": false,
              "pending": false,
              "context": null,
              "code": "// Intercept API POST untuk setting salesman\ncy.intercept('POST', 'https://api-cashflow.assist.id/api/setting-salesman'\n// {\n//   statusCode: 500,\n//   body: {\n//     message: 'Internal Server Error',\n//   },\n// }\n).as('postSalesmanError');\ncy.get('[data-cy=\"submenu-item-salesman-setting\"] > [data-cy=\"list-item-button-sub-menu-setting\"]').click();\ncy.contains('button', 'Tambah Salesman').should('be.visible').click();\ncy.get('input[placeholder=\"Masukkan Nama Salesman\"]').should('be.visible').type('reyand 2');\ncy.get('input[placeholder=\"Keterangan\"]').should('be.visible').type('keterangan salesman 2');\ncy.get(':nth-child(1) > :nth-child(3) > .MuiSwitch-root > .MuiButtonBase-root > .PrivateSwitchBase-input').click().should('exist').and('be.checked');\ncy.get(':nth-child(4) > div > .MuiButton-contained').should('be.visible').and('contain', 'Simpan').click();\ncy.wait('@postSalesmanError').then(interception => {\n  expect(interception.response.statusCode).to.eq(200);\n});",
              "err": {},
              "uuid": "443d628f-3bf4-4f77-b69d-3b0d7d8c8027",
              "parentUUID": "ef86f419-07fa-4e80-a10c-fe36d9f3a540",
              "isHook": false,
              "skipped": true
            },
            {
              "title": "[PENGATURAN-SALESMAN] - Harus bisa mencari salesman",
              "fullTitle": "[PENGATURAN-SALESMAN] - Membuka halaman Pengaturan Billing dan melihat kesesuaian dengan design yang ada [PENGATURAN-SALESMAN] - Harus bisa mencari salesman",
              "timedOut": null,
              "duration": 0,
              "state": "skipped",
              "speed": null,
              "pass": false,
              "fail": false,
              "pending": false,
              "context": null,
              "code": "cy.get('[data-cy=\"submenu-item-salesman-setting\"] > [data-cy=\"list-item-button-sub-menu-setting\"]').click();\ncy.get('input[placeholder=\"Cari Salesman\"]') // Seleksi elemen input berdasarkan placeholder\n.should('be.visible') // Pastikan elemen terlihat\n.invoke('attr', 'placeholder') // Ambil nilai atribut placeholder\n.then(placeholder => {\n  expect(placeholder).to.eq('Cari Salesman'); // Verifikasi nilai placeholder\n}).then(() => {\n  // Ketikkan teks ke dalam input\n  cy.get('input[placeholder=\"Cari Salesman\"]').type('reyand 1') // Ketikkan teks 'John Doe'\n  .should('have.value', 'reyand 1'); // Verifikasi nilai yang diketik\n});",
              "err": {},
              "uuid": "abb4f30d-b757-44b3-885d-ca19b74198f9",
              "parentUUID": "ef86f419-07fa-4e80-a10c-fe36d9f3a540",
              "isHook": false,
              "skipped": true
            },
            {
              "title": "[PENGATURAN-SALESMAN] - Harus gagal mencari salesman, memanipulasi API setting salesman menjadi error 500",
              "fullTitle": "[PENGATURAN-SALESMAN] - Membuka halaman Pengaturan Billing dan melihat kesesuaian dengan design yang ada [PENGATURAN-SALESMAN] - Harus gagal mencari salesman, memanipulasi API setting salesman menjadi error 500",
              "timedOut": null,
              "duration": 0,
              "state": "skipped",
              "speed": null,
              "pass": false,
              "fail": false,
              "pending": false,
              "context": null,
              "code": "// Intercept API GET dan manipulasi semua permintaan ke endpoint setting-salesman menjadi error 500\ncy.intercept('GET', '**/api/setting-salesman**',\n// Tangkap semua request ke endpoint ini\nreq => {\n  req.reply({\n    statusCode: 500,\n    body: {\n      message: 'Internal Server Error' // Isi pesan error\n    }\n  });\n}).as('casiSalesman');\n// Klik submenu untuk membuka halaman setting salesman\ncy.get('[data-cy=\"submenu-item-salesman-setting\"] > [data-cy=\"list-item-button-sub-menu-setting\"]').click();\n// Verifikasi placeholder input \"Cari Salesman\"\ncy.get('input[placeholder=\"Cari Salesman\"]').should('be.visible') // Pastikan input terlihat\n.invoke('attr', 'placeholder') // Ambil nilai placeholder\n.then(placeholder => {\n  expect(placeholder).to.eq('Cari Salesman'); // Verifikasi placeholder sesuai\n});\n// Ketikkan teks ke dalam input\ncy.get('input[placeholder=\"Cari Salesman\"]').type('reyand 1') // Ketikkan teks 'reyand 1'\n.should('have.value', 'reyand 1'); // Verifikasi nilai input sesuai\n// Tunggu intercept pertama untuk API request tanpa pencarian\ncy.wait('@casiSalesman').then(interception => {\n  // Validasi bahwa intercept menghasilkan error 500\n  expect(interception.response.statusCode).to.eq(500);\n  // Log respons untuk debugging\n  cy.log('Intercepted Response:', JSON.stringify(interception.response));\n  // Validasi body respons error\n  expect(interception.response.body).to.have.property('message', 'Internal Server Error');\n});\n// Tunggu intercept untuk API request dengan pencarian\ncy.wait('@casiSalesman').then(interception => {\n  // Validasi bahwa intercept menghasilkan error 500\n  expect(interception.response.statusCode).to.eq(500);\n  // Log respons untuk debugging\n  cy.log('Intercepted Search Response:', JSON.stringify(interception.response));\n  // Validasi body respons error\n  expect(interception.response.body).to.have.property('message', 'Internal Server Error');\n});\n// Validasi UI: Pastikan aplikasi menampilkan pesan error (jika ada)\n// Tambahkan selector sesuai kebutuhan aplikasi Anda\ncy.get('.MuiTableBody-root > .MuiTableRow-root > .MuiTableCell-root').should('be.visible') // Pastikan elemen error terlihat\n.and('contain', 'Error, Gagal mendapatkan data!'); // Pastikan pesan error sesuai",
              "err": {},
              "uuid": "2170badf-f772-49ed-a6ae-97a5b7286a2e",
              "parentUUID": "ef86f419-07fa-4e80-a10c-fe36d9f3a540",
              "isHook": false,
              "skipped": true
            },
            {
              "title": "[PENGATURAN-SALESMAN] - Harus berhasil menghapus salesman",
              "fullTitle": "[PENGATURAN-SALESMAN] - Membuka halaman Pengaturan Billing dan melihat kesesuaian dengan design yang ada [PENGATURAN-SALESMAN] - Harus berhasil menghapus salesman",
              "timedOut": null,
              "duration": 0,
              "state": "skipped",
              "speed": null,
              "pass": false,
              "fail": false,
              "pending": false,
              "context": null,
              "code": "cy.intercept('GET', '**/api/setting-salesman**').as('getSalesman');\ncy.get('[data-cy=\"submenu-item-salesman-setting\"] > [data-cy=\"list-item-button-sub-menu-setting\"]').click();\ncy.wait('@getSalesman').then(() => {\n  cy.get('.MuiTableBody-root > :nth-child(1) > :nth-child(4) > .MuiButtonBase-root').click();\n});",
              "err": {},
              "uuid": "95d69a54-a58b-4ec7-9c4f-8e468b52c095",
              "parentUUID": "ef86f419-07fa-4e80-a10c-fe36d9f3a540",
              "isHook": false,
              "skipped": true
            },
            {
              "title": "[PENGATURAN-SALESMAN] - Harus berhasil menambahkan salesman, semua field di isi, status uncheck sebanyak 10 kali",
              "fullTitle": "[PENGATURAN-SALESMAN] - Membuka halaman Pengaturan Billing dan melihat kesesuaian dengan design yang ada [PENGATURAN-SALESMAN] - Harus berhasil menambahkan salesman, semua field di isi, status uncheck sebanyak 10 kali",
              "timedOut": null,
              "duration": 0,
              "state": "skipped",
              "speed": null,
              "pass": false,
              "fail": false,
              "pending": false,
              "context": null,
              "code": "// Intercept API POST untuk setting salesman\ncy.intercept('POST', 'https://api-cashflow.assist.id/api/setting-salesman'\n// {\n//   statusCode: 500,\n//   body: {\n//     message: 'Internal Server Error',\n//   },\n// }\n).as('postSalesmanError');\nfor (let i = 0; i < 15; i++) {\n  cy.get('[data-cy=\"submenu-item-salesman-setting\"] > [data-cy=\"list-item-button-sub-menu-setting\"]').click();\n  cy.contains('button', 'Tambah Salesman').should('be.visible').click();\n  cy.get('input[placeholder=\"Masukkan Nama Salesman\"]').should('be.visible').type(`reyand ${i}`);\n  cy.get('input[placeholder=\"Keterangan\"]').should('be.visible').type(`keterangan salesman ${i}`);\n  cy.get('input[name=\"sales_status\"]').should('exist').and('not.be.checked');\n  cy.get(':nth-child(4) > div > .MuiButton-contained').should('be.visible').and('contain', 'Simpan').click();\n  cy.wait('@postSalesmanError').then(interception => {\n    expect(interception.response.statusCode).to.eq(200);\n  });\n}",
              "err": {},
              "uuid": "ccb2aec5-25f6-4b85-ace5-a66e206e8af2",
              "parentUUID": "ef86f419-07fa-4e80-a10c-fe36d9f3a540",
              "isHook": false,
              "skipped": true
            },
            {
              "title": "[PENGATURAN-SALESMAN] -  Harus berhasil mendapatkan data salesman ketika next page",
              "fullTitle": "[PENGATURAN-SALESMAN] - Membuka halaman Pengaturan Billing dan melihat kesesuaian dengan design yang ada [PENGATURAN-SALESMAN] -  Harus berhasil mendapatkan data salesman ketika next page",
              "timedOut": null,
              "duration": 0,
              "state": "skipped",
              "speed": null,
              "pass": false,
              "fail": false,
              "pending": false,
              "context": null,
              "code": "cy.intercept('GET', '**/api/setting-salesman**').as('getSalesman');\ncy.get('[data-cy=\"submenu-item-salesman-setting\"] > [data-cy=\"list-item-button-sub-menu-setting\"]').click();\ncy.get('.MuiPagination-ul > :nth-child(4) > .MuiButtonBase-root').click();\ncy.wait('@getSalesman');",
              "err": {},
              "uuid": "4fd607c3-3713-40d8-8cd7-14c23248a1d6",
              "parentUUID": "ef86f419-07fa-4e80-a10c-fe36d9f3a540",
              "isHook": false,
              "skipped": true
            },
            {
              "title": "[PENGATURAN-SALESMAN] -  Harus berhasil mendapatkan data salesman ketika next page",
              "fullTitle": "[PENGATURAN-SALESMAN] - Membuka halaman Pengaturan Billing dan melihat kesesuaian dengan design yang ada [PENGATURAN-SALESMAN] -  Harus berhasil mendapatkan data salesman ketika next page",
              "timedOut": null,
              "duration": 0,
              "state": "skipped",
              "speed": null,
              "pass": false,
              "fail": false,
              "pending": false,
              "context": null,
              "code": "cy.intercept('GET', '**/api/setting-salesman**').as('getSalesman');\ncy.get('[data-cy=\"submenu-item-salesman-setting\"] > [data-cy=\"list-item-button-sub-menu-setting\"]').click();\ncy.get('.MuiPagination-ul > :nth-child(4) > .MuiButtonBase-root').click();\ncy.get('.MuiPagination-ul > :nth-child(1) > .MuiButtonBase-root').click();\ncy.wait('@getSalesman');",
              "err": {},
              "uuid": "9766934c-2b12-4436-86ef-b65f1b5d0f2b",
              "parentUUID": "ef86f419-07fa-4e80-a10c-fe36d9f3a540",
              "isHook": false,
              "skipped": true
            },
            {
              "title": "[PENGATURAN-SALESMAN] - Harus bisa berhasil update status data sales",
              "fullTitle": "[PENGATURAN-SALESMAN] - Membuka halaman Pengaturan Billing dan melihat kesesuaian dengan design yang ada [PENGATURAN-SALESMAN] - Harus bisa berhasil update status data sales",
              "timedOut": null,
              "duration": 0,
              "state": "skipped",
              "speed": null,
              "pass": false,
              "fail": false,
              "pending": false,
              "context": null,
              "code": "cy.get('[data-cy=\"submenu-item-salesman-setting\"] > [data-cy=\"list-item-button-sub-menu-setting\"]').click();\ncy.get(':nth-child(1) > :nth-child(3) > .MuiSwitch-root > .MuiButtonBase-root > .PrivateSwitchBase-input').click();\ncy.get('.MuiAlert-message').should('be.visible').and('contain', 'Berhasil Mengubah Status Salesman.');",
              "err": {},
              "uuid": "cb199dd6-f19e-427e-9c64-d68e0b46b82d",
              "parentUUID": "ef86f419-07fa-4e80-a10c-fe36d9f3a540",
              "isHook": false,
              "skipped": true
            }
          ],
          "suites": [],
          "passes": [],
          "failures": [
            "aa0bb400-58ed-4f3d-8d41-bb828266b26b"
          ],
          "pending": [],
          "skipped": [
            "81257d4b-7e56-4c5d-84cc-d952083e4e8e",
            "08c151b2-88ac-471a-94b9-f6b66f7b27a5",
            "64b8a2e3-7a1d-484a-8503-0a1adf6d6a69",
            "ddfd8893-fd95-4cd9-aea9-6e7e0120941b",
            "8e5f01a7-2370-4c83-adf1-d654ff4eedc9",
            "3a5cb782-b0f0-47a1-bd95-ba1de4115ab7",
            "53b982a5-22ae-4a3c-b75c-968f0c7cda9f",
            "acdc7147-2dd1-4bad-ab06-651b37ab4338",
            "053d2b80-2fe2-4eb7-a553-e44d4622eb90",
            "cdfeacd5-1d8c-4080-878c-e4649a7db292",
            "443d628f-3bf4-4f77-b69d-3b0d7d8c8027",
            "abb4f30d-b757-44b3-885d-ca19b74198f9",
            "2170badf-f772-49ed-a6ae-97a5b7286a2e",
            "95d69a54-a58b-4ec7-9c4f-8e468b52c095",
            "ccb2aec5-25f6-4b85-ace5-a66e206e8af2",
            "4fd607c3-3713-40d8-8cd7-14c23248a1d6",
            "9766934c-2b12-4436-86ef-b65f1b5d0f2b",
            "cb199dd6-f19e-427e-9c64-d68e0b46b82d"
          ],
          "duration": 1657,
          "root": false,
          "rootEmpty": false,
          "_timeout": 2000
        }
      ],
      "passes": [],
      "failures": [],
      "pending": [],
      "skipped": [],
      "duration": 0,
      "root": true,
      "rootEmpty": true,
      "_timeout": 2000
    }
  ],
  "meta": {
    "mocha": {
      "version": "7.0.1"
    },
    "mochawesome": {
      "options": {
        "quiet": false,
        "reportFilename": "mochawesome",
        "saveHtml": false,
        "saveJson": true,
        "consoleReporter": "spec",
        "useInlineDiffs": false,
        "code": true
      },
      "version": "7.1.3"
    },
    "marge": {
      "options": {
        "charts": true,
        "reportPageTitle": "custom-title",
        "embeddedScreenshots": true,
        "inlineAssets": true,
        "saveAllAttempts": false,
        "overwrite": false,
        "html": false,
        "json": true,
        "reportDir": "cypress/reports/html/.jsons"
      },
      "version": "6.2.0"
    }
  }
}